<?xml version="1.0" encoding="UTF-8"?>
<testsuite xmlns:xsi="http://www.w3.org/2001/XMLSchema-instance" xsi:noNamespaceSchemaLocation="https://maven.apache.org/surefire/maven-surefire-plugin/xsd/surefire-test-report.xsd" version="3.0.2" name="TestSuite" time="87.855" tests="2" errors="0" skipped="0" failures="0">
  <properties>
    <property name="java.specification.version" value="23"/>
    <property name="sun.cpu.isalist" value="amd64"/>
    <property name="sun.jnu.encoding" value="Cp1252"/>
    <property name="java.class.path" value="C:\Users\shank\eclipse_Workspace\AppiumFrameworkDesign\target\test-classes;C:\Users\shank\eclipse_Workspace\AppiumFrameworkDesign\target\classes;C:\Users\shank\.m2\repository\org\testng\testng\7.10.2\testng-7.10.2.jar;C:\Users\shank\.m2\repository\org\slf4j\slf4j-api\1.7.36\slf4j-api-1.7.36.jar;C:\Users\shank\.m2\repository\com\beust\jcommander\1.82\jcommander-1.82.jar;C:\Users\shank\.m2\repository\org\webjars\jquery\3.7.1\jquery-3.7.1.jar;C:\Users\shank\.m2\repository\io\appium\java-client\9.3.0\java-client-9.3.0.jar;C:\Users\shank\.m2\repository\org\seleniumhq\selenium\selenium-api\4.26.0\selenium-api-4.26.0.jar;C:\Users\shank\.m2\repository\org\jspecify\jspecify\1.0.0\jspecify-1.0.0.jar;C:\Users\shank\.m2\repository\org\seleniumhq\selenium\selenium-remote-driver\4.26.0\selenium-remote-driver-4.26.0.jar;C:\Users\shank\.m2\repository\com\google\auto\service\auto-service-annotations\1.1.1\auto-service-annotations-1.1.1.jar;C:\Users\shank\.m2\repository\com\google\guava\guava\33.3.1-jre\guava-33.3.1-jre.jar;C:\Users\shank\.m2\repository\com\google\guava\failureaccess\1.0.2\failureaccess-1.0.2.jar;C:\Users\shank\.m2\repository\com\google\guava\listenablefuture\9999.0-empty-to-avoid-conflict-with-guava\listenablefuture-9999.0-empty-to-avoid-conflict-with-guava.jar;C:\Users\shank\.m2\repository\com\google\code\findbugs\jsr305\3.0.2\jsr305-3.0.2.jar;C:\Users\shank\.m2\repository\org\checkerframework\checker-qual\3.43.0\checker-qual-3.43.0.jar;C:\Users\shank\.m2\repository\com\google\j2objc\j2objc-annotations\3.0.0\j2objc-annotations-3.0.0.jar;C:\Users\shank\.m2\repository\io\opentelemetry\semconv\opentelemetry-semconv\1.25.0-alpha\opentelemetry-semconv-1.25.0-alpha.jar;C:\Users\shank\.m2\repository\io\opentelemetry\opentelemetry-api\1.43.0\opentelemetry-api-1.43.0.jar;C:\Users\shank\.m2\repository\io\opentelemetry\opentelemetry-context\1.43.0\opentelemetry-context-1.43.0.jar;C:\Users\shank\.m2\repository\io\opentelemetry\opentelemetry-exporter-logging\1.43.0\opentelemetry-exporter-logging-1.43.0.jar;C:\Users\shank\.m2\repository\io\opentelemetry\opentelemetry-sdk-common\1.43.0\opentelemetry-sdk-common-1.43.0.jar;C:\Users\shank\.m2\repository\io\opentelemetry\opentelemetry-sdk-extension-autoconfigure-spi\1.43.0\opentelemetry-sdk-extension-autoconfigure-spi-1.43.0.jar;C:\Users\shank\.m2\repository\io\opentelemetry\opentelemetry-sdk-extension-autoconfigure\1.43.0\opentelemetry-sdk-extension-autoconfigure-1.43.0.jar;C:\Users\shank\.m2\repository\io\opentelemetry\opentelemetry-api-incubator\1.43.0-alpha\opentelemetry-api-incubator-1.43.0-alpha.jar;C:\Users\shank\.m2\repository\io\opentelemetry\opentelemetry-sdk-trace\1.43.0\opentelemetry-sdk-trace-1.43.0.jar;C:\Users\shank\.m2\repository\io\opentelemetry\opentelemetry-sdk\1.43.0\opentelemetry-sdk-1.43.0.jar;C:\Users\shank\.m2\repository\io\opentelemetry\opentelemetry-sdk-metrics\1.43.0\opentelemetry-sdk-metrics-1.43.0.jar;C:\Users\shank\.m2\repository\io\opentelemetry\opentelemetry-sdk-logs\1.43.0\opentelemetry-sdk-logs-1.43.0.jar;C:\Users\shank\.m2\repository\net\bytebuddy\byte-buddy\1.15.7\byte-buddy-1.15.7.jar;C:\Users\shank\.m2\repository\org\seleniumhq\selenium\selenium-http\4.26.0\selenium-http-4.26.0.jar;C:\Users\shank\.m2\repository\dev\failsafe\failsafe\3.3.2\failsafe-3.3.2.jar;C:\Users\shank\.m2\repository\org\seleniumhq\selenium\selenium-json\4.26.0\selenium-json-4.26.0.jar;C:\Users\shank\.m2\repository\org\seleniumhq\selenium\selenium-manager\4.26.0\selenium-manager-4.26.0.jar;C:\Users\shank\.m2\repository\org\seleniumhq\selenium\selenium-os\4.26.0\selenium-os-4.26.0.jar;C:\Users\shank\.m2\repository\org\apache\commons\commons-exec\1.4.0\commons-exec-1.4.0.jar;C:\Users\shank\.m2\repository\org\seleniumhq\selenium\selenium-support\4.26.0\selenium-support-4.26.0.jar;C:\Users\shank\.m2\repository\com\google\code\gson\gson\2.11.0\gson-2.11.0.jar;C:\Users\shank\.m2\repository\com\google\errorprone\error_prone_annotations\2.27.0\error_prone_annotations-2.27.0.jar;C:\Users\shank\.m2\repository\org\seleniumhq\selenium\selenium-java\4.26.0\selenium-java-4.26.0.jar;C:\Users\shank\.m2\repository\org\seleniumhq\selenium\selenium-chrome-driver\4.26.0\selenium-chrome-driver-4.26.0.jar;C:\Users\shank\.m2\repository\org\seleniumhq\selenium\selenium-chromium-driver\4.26.0\selenium-chromium-driver-4.26.0.jar;C:\Users\shank\.m2\repository\org\seleniumhq\selenium\selenium-devtools-v128\4.26.0\selenium-devtools-v128-4.26.0.jar;C:\Users\shank\.m2\repository\org\seleniumhq\selenium\selenium-devtools-v129\4.26.0\selenium-devtools-v129-4.26.0.jar;C:\Users\shank\.m2\repository\org\seleniumhq\selenium\selenium-devtools-v130\4.26.0\selenium-devtools-v130-4.26.0.jar;C:\Users\shank\.m2\repository\org\seleniumhq\selenium\selenium-devtools-v85\4.26.0\selenium-devtools-v85-4.26.0.jar;C:\Users\shank\.m2\repository\org\seleniumhq\selenium\selenium-edge-driver\4.26.0\selenium-edge-driver-4.26.0.jar;C:\Users\shank\.m2\repository\org\seleniumhq\selenium\selenium-firefox-driver\4.26.0\selenium-firefox-driver-4.26.0.jar;C:\Users\shank\.m2\repository\org\seleniumhq\selenium\selenium-ie-driver\4.26.0\selenium-ie-driver-4.26.0.jar;C:\Users\shank\.m2\repository\org\seleniumhq\selenium\selenium-safari-driver\4.26.0\selenium-safari-driver-4.26.0.jar;C:\Users\shank\.m2\repository\commons-io\commons-io\2.17.0\commons-io-2.17.0.jar;C:\Users\shank\.m2\repository\com\fasterxml\jackson\core\jackson-databind\2.18.1\jackson-databind-2.18.1.jar;C:\Users\shank\.m2\repository\com\fasterxml\jackson\core\jackson-annotations\2.18.1\jackson-annotations-2.18.1.jar;C:\Users\shank\.m2\repository\com\fasterxml\jackson\core\jackson-core\2.18.1\jackson-core-2.18.1.jar;C:\Users\shank\.m2\repository\com\aventstack\extentreports\5.1.2\extentreports-5.1.2.jar;C:\Users\shank\.m2\repository\io\reactivex\rxjava3\rxjava\3.1.6\rxjava-3.1.6.jar;C:\Users\shank\.m2\repository\org\reactivestreams\reactive-streams\1.0.4\reactive-streams-1.0.4.jar;C:\Users\shank\.m2\repository\org\freemarker\freemarker\2.3.32\freemarker-2.3.32.jar;C:\Users\shank\.m2\repository\org\projectlombok\lombok\1.18.26\lombok-1.18.26.jar;"/>
    <property name="java.vm.vendor" value="Oracle Corporation"/>
    <property name="sun.arch.data.model" value="64"/>
    <property name="user.variant" value=""/>
    <property name="java.vendor.url" value="https://java.oracle.com/"/>
    <property name="user.timezone" value="Asia/Calcutta"/>
    <property name="os.name" value="Windows 11"/>
    <property name="java.vm.specification.version" value="23"/>
    <property name="sun.java.launcher" value="SUN_STANDARD"/>
    <property name="user.country" value="IN"/>
    <property name="sun.boot.library.path" value="C:\Program Files\Java\jdk-23\bin"/>
    <property name="sun.java.command" value="C:\Users\shank\AppData\Local\Temp\surefire13186510184279363702\surefirebooter-20241120161225102_3.jar C:\Users\shank\AppData\Local\Temp\surefire13186510184279363702 2024-11-20T16-12-24_934-jvmRun1 surefire-20241120161225102_1tmp surefire_0-20241120161225102_2tmp"/>
    <property name="jdk.debug" value="release"/>
    <property name="surefire.test.class.path" value="C:\Users\shank\eclipse_Workspace\AppiumFrameworkDesign\target\test-classes;C:\Users\shank\eclipse_Workspace\AppiumFrameworkDesign\target\classes;C:\Users\shank\.m2\repository\org\testng\testng\7.10.2\testng-7.10.2.jar;C:\Users\shank\.m2\repository\org\slf4j\slf4j-api\1.7.36\slf4j-api-1.7.36.jar;C:\Users\shank\.m2\repository\com\beust\jcommander\1.82\jcommander-1.82.jar;C:\Users\shank\.m2\repository\org\webjars\jquery\3.7.1\jquery-3.7.1.jar;C:\Users\shank\.m2\repository\io\appium\java-client\9.3.0\java-client-9.3.0.jar;C:\Users\shank\.m2\repository\org\seleniumhq\selenium\selenium-api\4.26.0\selenium-api-4.26.0.jar;C:\Users\shank\.m2\repository\org\jspecify\jspecify\1.0.0\jspecify-1.0.0.jar;C:\Users\shank\.m2\repository\org\seleniumhq\selenium\selenium-remote-driver\4.26.0\selenium-remote-driver-4.26.0.jar;C:\Users\shank\.m2\repository\com\google\auto\service\auto-service-annotations\1.1.1\auto-service-annotations-1.1.1.jar;C:\Users\shank\.m2\repository\com\google\guava\guava\33.3.1-jre\guava-33.3.1-jre.jar;C:\Users\shank\.m2\repository\com\google\guava\failureaccess\1.0.2\failureaccess-1.0.2.jar;C:\Users\shank\.m2\repository\com\google\guava\listenablefuture\9999.0-empty-to-avoid-conflict-with-guava\listenablefuture-9999.0-empty-to-avoid-conflict-with-guava.jar;C:\Users\shank\.m2\repository\com\google\code\findbugs\jsr305\3.0.2\jsr305-3.0.2.jar;C:\Users\shank\.m2\repository\org\checkerframework\checker-qual\3.43.0\checker-qual-3.43.0.jar;C:\Users\shank\.m2\repository\com\google\j2objc\j2objc-annotations\3.0.0\j2objc-annotations-3.0.0.jar;C:\Users\shank\.m2\repository\io\opentelemetry\semconv\opentelemetry-semconv\1.25.0-alpha\opentelemetry-semconv-1.25.0-alpha.jar;C:\Users\shank\.m2\repository\io\opentelemetry\opentelemetry-api\1.43.0\opentelemetry-api-1.43.0.jar;C:\Users\shank\.m2\repository\io\opentelemetry\opentelemetry-context\1.43.0\opentelemetry-context-1.43.0.jar;C:\Users\shank\.m2\repository\io\opentelemetry\opentelemetry-exporter-logging\1.43.0\opentelemetry-exporter-logging-1.43.0.jar;C:\Users\shank\.m2\repository\io\opentelemetry\opentelemetry-sdk-common\1.43.0\opentelemetry-sdk-common-1.43.0.jar;C:\Users\shank\.m2\repository\io\opentelemetry\opentelemetry-sdk-extension-autoconfigure-spi\1.43.0\opentelemetry-sdk-extension-autoconfigure-spi-1.43.0.jar;C:\Users\shank\.m2\repository\io\opentelemetry\opentelemetry-sdk-extension-autoconfigure\1.43.0\opentelemetry-sdk-extension-autoconfigure-1.43.0.jar;C:\Users\shank\.m2\repository\io\opentelemetry\opentelemetry-api-incubator\1.43.0-alpha\opentelemetry-api-incubator-1.43.0-alpha.jar;C:\Users\shank\.m2\repository\io\opentelemetry\opentelemetry-sdk-trace\1.43.0\opentelemetry-sdk-trace-1.43.0.jar;C:\Users\shank\.m2\repository\io\opentelemetry\opentelemetry-sdk\1.43.0\opentelemetry-sdk-1.43.0.jar;C:\Users\shank\.m2\repository\io\opentelemetry\opentelemetry-sdk-metrics\1.43.0\opentelemetry-sdk-metrics-1.43.0.jar;C:\Users\shank\.m2\repository\io\opentelemetry\opentelemetry-sdk-logs\1.43.0\opentelemetry-sdk-logs-1.43.0.jar;C:\Users\shank\.m2\repository\net\bytebuddy\byte-buddy\1.15.7\byte-buddy-1.15.7.jar;C:\Users\shank\.m2\repository\org\seleniumhq\selenium\selenium-http\4.26.0\selenium-http-4.26.0.jar;C:\Users\shank\.m2\repository\dev\failsafe\failsafe\3.3.2\failsafe-3.3.2.jar;C:\Users\shank\.m2\repository\org\seleniumhq\selenium\selenium-json\4.26.0\selenium-json-4.26.0.jar;C:\Users\shank\.m2\repository\org\seleniumhq\selenium\selenium-manager\4.26.0\selenium-manager-4.26.0.jar;C:\Users\shank\.m2\repository\org\seleniumhq\selenium\selenium-os\4.26.0\selenium-os-4.26.0.jar;C:\Users\shank\.m2\repository\org\apache\commons\commons-exec\1.4.0\commons-exec-1.4.0.jar;C:\Users\shank\.m2\repository\org\seleniumhq\selenium\selenium-support\4.26.0\selenium-support-4.26.0.jar;C:\Users\shank\.m2\repository\com\google\code\gson\gson\2.11.0\gson-2.11.0.jar;C:\Users\shank\.m2\repository\com\google\errorprone\error_prone_annotations\2.27.0\error_prone_annotations-2.27.0.jar;C:\Users\shank\.m2\repository\org\seleniumhq\selenium\selenium-java\4.26.0\selenium-java-4.26.0.jar;C:\Users\shank\.m2\repository\org\seleniumhq\selenium\selenium-chrome-driver\4.26.0\selenium-chrome-driver-4.26.0.jar;C:\Users\shank\.m2\repository\org\seleniumhq\selenium\selenium-chromium-driver\4.26.0\selenium-chromium-driver-4.26.0.jar;C:\Users\shank\.m2\repository\org\seleniumhq\selenium\selenium-devtools-v128\4.26.0\selenium-devtools-v128-4.26.0.jar;C:\Users\shank\.m2\repository\org\seleniumhq\selenium\selenium-devtools-v129\4.26.0\selenium-devtools-v129-4.26.0.jar;C:\Users\shank\.m2\repository\org\seleniumhq\selenium\selenium-devtools-v130\4.26.0\selenium-devtools-v130-4.26.0.jar;C:\Users\shank\.m2\repository\org\seleniumhq\selenium\selenium-devtools-v85\4.26.0\selenium-devtools-v85-4.26.0.jar;C:\Users\shank\.m2\repository\org\seleniumhq\selenium\selenium-edge-driver\4.26.0\selenium-edge-driver-4.26.0.jar;C:\Users\shank\.m2\repository\org\seleniumhq\selenium\selenium-firefox-driver\4.26.0\selenium-firefox-driver-4.26.0.jar;C:\Users\shank\.m2\repository\org\seleniumhq\selenium\selenium-ie-driver\4.26.0\selenium-ie-driver-4.26.0.jar;C:\Users\shank\.m2\repository\org\seleniumhq\selenium\selenium-safari-driver\4.26.0\selenium-safari-driver-4.26.0.jar;C:\Users\shank\.m2\repository\commons-io\commons-io\2.17.0\commons-io-2.17.0.jar;C:\Users\shank\.m2\repository\com\fasterxml\jackson\core\jackson-databind\2.18.1\jackson-databind-2.18.1.jar;C:\Users\shank\.m2\repository\com\fasterxml\jackson\core\jackson-annotations\2.18.1\jackson-annotations-2.18.1.jar;C:\Users\shank\.m2\repository\com\fasterxml\jackson\core\jackson-core\2.18.1\jackson-core-2.18.1.jar;C:\Users\shank\.m2\repository\com\aventstack\extentreports\5.1.2\extentreports-5.1.2.jar;C:\Users\shank\.m2\repository\io\reactivex\rxjava3\rxjava\3.1.6\rxjava-3.1.6.jar;C:\Users\shank\.m2\repository\org\reactivestreams\reactive-streams\1.0.4\reactive-streams-1.0.4.jar;C:\Users\shank\.m2\repository\org\freemarker\freemarker\2.3.32\freemarker-2.3.32.jar;C:\Users\shank\.m2\repository\org\projectlombok\lombok\1.18.26\lombok-1.18.26.jar;"/>
    <property name="sun.cpu.endian" value="little"/>
    <property name="user.home" value="C:\Users\shank"/>
    <property name="user.language" value="en"/>
    <property name="java.specification.vendor" value="Oracle Corporation"/>
    <property name="java.version.date" value="2024-10-15"/>
    <property name="java.home" value="C:\Program Files\Java\jdk-23"/>
    <property name="file.separator" value="\"/>
    <property name="basedir" value="C:\Users\shank\eclipse_Workspace\AppiumFrameworkDesign"/>
    <property name="java.vm.compressedOopsMode" value="32-bit"/>
    <property name="line.separator" value="&#10;"/>
    <property name="java.vm.specification.vendor" value="Oracle Corporation"/>
    <property name="java.specification.name" value="Java Platform API Specification"/>
    <property name="surefire.real.class.path" value="C:\Users\shank\AppData\Local\Temp\surefire13186510184279363702\surefirebooter-20241120161225102_3.jar"/>
    <property name="user.script" value=""/>
    <property name="sun.management.compiler" value="HotSpot 64-Bit Tiered Compilers"/>
    <property name="java.runtime.version" value="23.0.1+11-39"/>
    <property name="user.name" value="shank"/>
    <property name="stdout.encoding" value="Cp1252"/>
    <property name="path.separator" value=";"/>
    <property name="os.version" value="10.0"/>
    <property name="java.runtime.name" value="Java(TM) SE Runtime Environment"/>
    <property name="file.encoding" value="UTF-8"/>
    <property name="java.vm.name" value="Java HotSpot(TM) 64-Bit Server VM"/>
    <property name="localRepository" value="C:\Users\shank\.m2\repository"/>
    <property name="java.vendor.url.bug" value="https://bugreport.java.com/bugreport/"/>
    <property name="java.io.tmpdir" value="C:\Users\shank\AppData\Local\Temp\"/>
    <property name="java.version" value="23.0.1"/>
    <property name="user.dir" value="C:\Users\shank\eclipse_Workspace\AppiumFrameworkDesign"/>
    <property name="os.arch" value="amd64"/>
    <property name="java.vm.specification.name" value="Java Virtual Machine Specification"/>
    <property name="sun.os.patch.level" value=""/>
    <property name="native.encoding" value="Cp1252"/>
    <property name="java.library.path" value="C:\Program Files\Java\jdk-23\bin;C:\WINDOWS\Sun\Java\bin;C:\WINDOWS\system32;C:\WINDOWS;C:\Program Files\Common Files\Oracle\Java\javapath;C:\Informatica\10.2.0\clients\tools\datadirect;C:\oraclexe\app\oracle\product\11.2.0\server\bin;C:\Informatica\clients\tools\datadirect;C:\Informatica\java\jre\bin\server;C:\Informatica\tools\odbcdrv;C:\Informatica\tools\jdbcdrv;C:\Informatica\tools\sharedlibs;C:\Informatica\tools\datadirect;C:\Informatica\10.2.0\clients\tools\datadirect;C:\Informatica\10.2.0\java\jre\bin\server;C:\Informatica\10.2.0\tools\odbcdrv;C:\Informatica\10.2.0\tools\jdbcdrv;C:\Informatica\10.2.0\tools\sharedlibs;C:\Informatica\10.2.0\tools\datadirect;C:\Program Files (x86)\Common Files\Oracle\Java\javapath;C:\oracle\product\10.2.0\db_1\bin;C:\WINDOWS\system32;C:\WINDOWS;C:\WINDOWS\System32\Wbem;C:\WINDOWS\System32\WindowsPowerShell\v1.0\;C:\WINDOWS\System32\OpenSSH\;C:\Program Files\Java\jdk1.8.0_201\bin;C:\ProgramData\chocolatey\bin;C:\Program Files\Azure Data Studio\bin;C:\Program Files\HP\HP One Agent;C:\Program Files\Git\cmd;C:\Program Files\nodejs\;C:\Users\shank\AppData\Local\Android\Sdk\tools\bin;C:\Users\shank\AppData\Local\Android\Sdk\tools;C:\Users\shank\AppData\Local\Android\Sdk\platform-tools;C:\Program Files\nodejs\node_modules\npm\bin;C:\Program Files\Java\jdk-23\bin;C:\Program Files\MySQL\MySQL Shell 8.0\bin\;C:\Users\shank\AppData\Local\Microsoft\WindowsApps;C:\Users\shank\AppData\Local\Programs\Microsoft VS Code\bin;C:\Program Files\Azure Data Studio\bin;C:\Program Files\Azure Data Studio\bin;C:\Program Files\JetBrains\IntelliJ IDEA 2024.1.1\bin;;C:\Program Files\JetBrains\IntelliJ IDEA Community Edition 2024.1.1\bin;;C:\Program Files\Maven\apache-maven-3.9.8\bin;C:\Users\shank\AppData\Roaming\npm;."/>
    <property name="java.vm.info" value="mixed mode, sharing"/>
    <property name="stderr.encoding" value="Cp1252"/>
    <property name="java.vendor" value="Oracle Corporation"/>
    <property name="java.vm.version" value="23.0.1+11-39"/>
    <property name="sun.io.unicode.encoding" value="UnicodeLittle"/>
    <property name="java.class.version" value="67.0"/>
  </properties>
  <testcase name="CartPage[Shanks, Male, Austria](1)" classname="com.Appium.Ecommerce" time="21.146">
    <system-out><![CDATA[&amp#27;[38;5;112m[Appium]&amp#27;[0m Welcome to Appium v2.12.1
&amp#27;[38;5;112m[Appium]&amp#27;[0m Non-default server args:
&amp#27;[38;5;112m[Appium]&amp#27;[0m { address: &amp#27;[32m'127.0.0.1'&amp#27;[39m }
&amp#27;[38;5;112m[Appium]&amp#27;[0m The autodetected Appium home path: C:\Users\shank\.appium
&amp#27;[38;5;112m[Appium]&amp#27;[0m Attempting to load driver uiautomator2...
&amp#27;[38;5;112m[Appium]&amp#27;[0m Requiring driver at C:\Users\shank\.appium\node_modules\appium-uiautomator2-driver\build\index.js
&amp#27;[38;5;112m[Appium]&amp#27;[0m AndroidUiautomator2Driver has been successfully loaded in 2.047s
&amp#27;[38;5;112m[Appium]&amp#27;[0m Appium REST http interface listener started on http://127.0.0.1:4723
&amp#27;[38;5;112m[Appium]&amp#27;[0m Available drivers:
&amp#27;[38;5;112m[Appium]&amp#27;[0m   - uiautomator2@3.8.2 (automationName 'UiAutomator2')
&amp#27;[38;5;112m[Appium]&amp#27;[0m No plugins have been installed. Use the "appium plugin" command to install the one(s) you want to use.
&amp#27;[38;5;86m[HTTP]&amp#27;[0m &amp#27;[37m-->&amp#27;[39m &amp#27;[37mGET&amp#27;[39m &amp#27;[37m/status&amp#27;[39m &amp#27;[90m{}&amp#27;[39m
&amp#27;[38;5;225m[AppiumDriver@6e3c]&amp#27;[0m Calling AppiumDriver.getStatus() with args: []
&amp#27;[38;5;225m[AppiumDriver@6e3c]&amp#27;[0m Responding to client with driver.getStatus() result: {"ready":true,"message":"The server is ready to accept new connections","build":{"version":"2.12.1"}}
&amp#27;[38;5;86m[HTTP]&amp#27;[0m &amp#27;[37m<-- GET /status &amp#27;[39m&amp#27;[32m200&amp#27;[39m &amp#27;[90m11 ms - 111&amp#27;[39m &amp#27;[90m&amp#27;[39m
&amp#27;[38;5;86m[HTTP]&amp#27;[0m Request idempotency key: 91fd9b67-2543-49f4-8610-03cd62a1df3b
&amp#27;[38;5;86m[HTTP]&amp#27;[0m &amp#27;[37m-->&amp#27;[39m &amp#27;[37mPOST&amp#27;[39m &amp#27;[37m/session&amp#27;[39m &amp#27;[90m{"capabilities":{"firstMatch":[{"appium:chromedriverExecutable":"C://Users//shank//Downloads//130.0.6723.58 chromedriver-win64//chromedriver-win64//chromedriver.exe","appium:deviceName":"ZoroPhone","platformName":"ANDROID","appium:automationName":"UIAutomator2","appium:app":"C://Users//shank//eclipse_Workspace//AppiumFrameworkDesign//src//test//java//com//resources//General-Store.apk"}]}}&amp#27;[39m
&amp#27;[38;5;225m[AppiumDriver@6e3c]&amp#27;[0m Calling AppiumDriver.createSession() with args: [null,null,{"firstMatch":[{"appium:chromedriverExecutable":"C://Users//shank//Downloads//130.0.6723.58 chromedriver-win64//chromedriver-win64//chromedriver.exe","appium:deviceName":"ZoroPhone","platformName":"ANDROID","appium:automationName":"UIAutomator2","appium:app":"C://Users//shank//eclipse_Workspace//AppiumFrameworkDesign//src//test//java//com//resources//General-Store.apk"}]}]
&amp#27;[38;5;225m[AppiumDriver@6e3c]&amp#27;[0m Event 'newSessionRequested' logged at 1732099352387 (16:12:32 GMT+0530 (India Standard Time))
&amp#27;[38;5;112m[Appium]&amp#27;[0m Attempting to find matching driver for automationName 'UIAutomator2' and platformName 'ANDROID'
&amp#27;[38;5;112m[Appium]&amp#27;[0m The 'uiautomator2' driver was installed and matched caps.
&amp#27;[38;5;112m[Appium]&amp#27;[0m Will require it at C:\Users\shank\.appium\node_modules\appium-uiautomator2-driver
&amp#27;[38;5;112m[Appium]&amp#27;[0m Requiring driver at C:\Users\shank\.appium\node_modules\appium-uiautomator2-driver\build\index.js
&amp#27;[38;5;225m[AppiumDriver@6e3c]&amp#27;[0m Appium v2.12.1 creating new AndroidUiautomator2Driver (v3.8.2) session
&amp#27;[38;5;225m[AppiumDriver@6e3c]&amp#27;[0m Checking BaseDriver versions for Appium and AndroidUiautomator2Driver
&amp#27;[38;5;225m[AppiumDriver@6e3c]&amp#27;[0m Appium's BaseDriver version is 9.12.1
&amp#27;[38;5;225m[AppiumDriver@6e3c]&amp#27;[0m AndroidUiautomator2Driver's BaseDriver version is 9.12.1
&amp#27;[38;5;-85m[AndroidUiautomator2Driver@f44b]&amp#27;[0m 
&amp#27;[38;5;-85m[AndroidUiautomator2Driver@f44b]&amp#27;[0m Creating session with W3C capabilities: {
  "alwaysMatch": {
    "platformName": "ANDROID",
    "appium:chromedriverExecutable": "C://Users//shank//Downloads//130.0.6723.58 chromedriver-win64//chromedriver-win64//chromedriver.exe",
    "appium:deviceName": "ZoroPhone",
    "appium:automationName": "UIAutomator2",
    "appium:app": "C://Users//shank//eclipse_Workspace//AppiumFrameworkDesign//src//test//java//com//resources//General-Store.apk"
  },
  "firstMatch": [
    {}
  ]
}
&amp#27;[38;5;41m[64152942]&amp#27;[0m&amp#27;[38;5;-85m[AndroidUiautomator2Driver@f44b]&amp#27;[0m Session created with session id: 64152942-db32-4d43-a757-cbaa09835416
&amp#27;[38;5;41m[64152942]&amp#27;[0m&amp#27;[38;5;229m[ADB]&amp#27;[0m Found 2 'build-tools' folders under 'C:\Users\shank\AppData\Local\Android\Sdk' (newest first):
&amp#27;[38;5;41m[64152942]&amp#27;[0m&amp#27;[38;5;229m[ADB]&amp#27;[0m     C:\Users\shank\AppData\Local\Android\Sdk\build-tools\35.0.0
&amp#27;[38;5;41m[64152942]&amp#27;[0m&amp#27;[38;5;229m[ADB]&amp#27;[0m     C:\Users\shank\AppData\Local\Android\Sdk\build-tools\34.0.0
&amp#27;[38;5;41m[64152942]&amp#27;[0m&amp#27;[38;5;229m[ADB]&amp#27;[0m Using 'adb.exe' from 'C:\Users\shank\AppData\Local\Android\Sdk\platform-tools\adb.exe'
&amp#27;[38;5;41m[64152942]&amp#27;[0m&amp#27;[38;5;229m[ADB]&amp#27;[0m Running 'C:\Users\shank\AppData\Local\Android\Sdk\platform-tools\adb.exe -P 5037 start-server'
&amp#27;[38;5;41m[64152942]&amp#27;[0m&amp#27;[38;5;-85m[AndroidUiautomator2Driver@f44b]&amp#27;[0m Retrieving device list
&amp#27;[38;5;41m[64152942]&amp#27;[0m&amp#27;[38;5;229m[ADB]&amp#27;[0m Trying to find connected Android devices
&amp#27;[38;5;41m[64152942]&amp#27;[0m&amp#27;[38;5;229m[ADB]&amp#27;[0m Getting connected devices
&amp#27;[38;5;41m[64152942]&amp#27;[0m&amp#27;[38;5;229m[ADB]&amp#27;[0m Connected devices: [{"udid":"emulator-5554","state":"device"}]
&amp#27;[38;5;41m[64152942]&amp#27;[0m&amp#27;[38;5;-85m[AndroidUiautomator2Driver@f44b]&amp#27;[0m Using device: emulator-5554
&amp#27;[38;5;41m[64152942]&amp#27;[0m&amp#27;[38;5;229m[ADB]&amp#27;[0m Using 'adb.exe' from 'C:\Users\shank\AppData\Local\Android\Sdk\platform-tools\adb.exe'
&amp#27;[38;5;41m[64152942]&amp#27;[0m&amp#27;[38;5;229m[ADB]&amp#27;[0m Running 'C:\Users\shank\AppData\Local\Android\Sdk\platform-tools\adb.exe -P 5037 start-server'
&amp#27;[38;5;41m[64152942]&amp#27;[0m&amp#27;[38;5;229m[ADB]&amp#27;[0m Setting device id to emulator-5554
&amp#27;[38;5;41m[64152942]&amp#27;[0m&amp#27;[38;5;123m[BaseDriver]&amp#27;[0m Using local app 'C://Users//shank//eclipse_Workspace//AppiumFrameworkDesign//src//test//java//com//resources//General-Store.apk'
&amp#27;[38;5;41m[64152942]&amp#27;[0m&amp#27;[38;5;-85m[AndroidUiautomator2Driver@f44b]&amp#27;[0m Checking whether app is actually present
&amp#27;[38;5;41m[64152942]&amp#27;[0m&amp#27;[38;5;229m[ADB]&amp#27;[0m Running 'C:\Users\shank\AppData\Local\Android\Sdk\platform-tools\adb.exe -P 5037 -s emulator-5554 shell getprop ro.build.version.sdk'
&amp#27;[38;5;41m[64152942]&amp#27;[0m&amp#27;[38;5;229m[ADB]&amp#27;[0m Current device property 'ro.build.version.sdk': 32
&amp#27;[38;5;41m[64152942]&amp#27;[0m&amp#27;[38;5;229m[ADB]&amp#27;[0m Getting device platform version
&amp#27;[38;5;41m[64152942]&amp#27;[0m&amp#27;[38;5;229m[ADB]&amp#27;[0m Running 'C:\Users\shank\AppData\Local\Android\Sdk\platform-tools\adb.exe -P 5037 -s emulator-5554 shell getprop ro.build.version.release'
&amp#27;[38;5;41m[64152942]&amp#27;[0m&amp#27;[38;5;229m[ADB]&amp#27;[0m Current device property 'ro.build.version.release': 12
&amp#27;[38;5;41m[64152942]&amp#27;[0m&amp#27;[38;5;229m[ADB]&amp#27;[0m Device API level: 32
&amp#27;[38;5;41m[64152942]&amp#27;[0m&amp#27;[38;5;-85m[AndroidUiautomator2Driver@f44b]&amp#27;[0m Relaxing hidden api policy
&amp#27;[38;5;41m[64152942]&amp#27;[0m&amp#27;[38;5;229m[ADB]&amp#27;[0m Running 'C:\Users\shank\AppData\Local\Android\Sdk\platform-tools\adb.exe -P 5037 -s emulator-5554 shell 'settings put global hidden_api_policy_pre_p_apps 1;settings put global hidden_api_policy_p_apps 1;settings put global hidden_api_policy 1''
&amp#27;[38;5;41m[64152942]&amp#27;[0m&amp#27;[38;5;-85m[AndroidUiautomator2Driver@f44b]&amp#27;[0m Parsing package and activity from app manifest
&amp#27;[38;5;41m[64152942]&amp#27;[0m&amp#27;[38;5;229m[ADB]&amp#27;[0m Running 'C:\Users\shank\AppData\Local\Android\Sdk\platform-tools\adb.exe -P 5037 -s emulator-5554 wait-for-device'
&amp#27;[38;5;41m[64152942]&amp#27;[0m&amp#27;[38;5;229m[ADB]&amp#27;[0m Using 'aapt2.exe' from 'C:\Users\shank\AppData\Local\Android\Sdk\build-tools\35.0.0\aapt2.exe'
&amp#27;[38;5;41m[64152942]&amp#27;[0m&amp#27;[38;5;229m[ADB]&amp#27;[0m Reading package manifest: 'C:\\Users\\shank\\AppData\\Local\\Android\\Sdk\\build-tools\\35.0.0\\aapt2.exe dump badging C\://Users//shank//eclipse_Workspace//AppiumFrameworkDesign//src//test//java//com//resources//General-Store.apk'
&amp#27;[38;5;41m[64152942]&amp#27;[0m&amp#27;[38;5;229m[ADB]&amp#27;[0m Running 'C:\Users\shank\AppData\Local\Android\Sdk\platform-tools\adb.exe -P 5037 -s emulator-5554 shell echo ping'
&amp#27;[38;5;41m[64152942]&amp#27;[0m&amp#27;[38;5;229m[ADB]&amp#27;[0m Package name: 'com.androidsample.generalstore'
&amp#27;[38;5;41m[64152942]&amp#27;[0m&amp#27;[38;5;229m[ADB]&amp#27;[0m Main activity name: 'com.androidsample.generalstore.SplashActivity'
&amp#27;[38;5;41m[64152942]&amp#27;[0m&amp#27;[38;5;-85m[AndroidUiautomator2Driver@f44b]&amp#27;[0m Parsed package and activity are: com.androidsample.generalstore/com.androidsample.generalstore.SplashActivity
&amp#27;[38;5;41m[64152942]&amp#27;[0m&amp#27;[38;5;-85m[AndroidUiautomator2Driver@f44b]&amp#27;[0m Pushing settings apk to the device...
&amp#27;[38;5;41m[64152942]&amp#27;[0m&amp#27;[38;5;229m[ADB]&amp#27;[0m Getting package info for 'io.appium.settings'
&amp#27;[38;5;41m[64152942]&amp#27;[0m&amp#27;[38;5;229m[ADB]&amp#27;[0m Running 'C:\Users\shank\AppData\Local\Android\Sdk\platform-tools\adb.exe -P 5037 -s emulator-5554 shell dumpsys package io.appium.settings'
&amp#27;[38;5;41m[64152942]&amp#27;[0m&amp#27;[38;5;229m[ADB]&amp#27;[0m Reading package manifest: 'C:\\Users\\shank\\AppData\\Local\\Android\\Sdk\\build-tools\\35.0.0\\aapt2.exe dump badging C:\\Users\\shank\\.appium\\node_modules\\appium-uiautomator2-driver\\node_modules\\io.appium.settings\\apks\\settings_apk-debug.apk'
&amp#27;[38;5;41m[64152942]&amp#27;[0m&amp#27;[38;5;229m[ADB]&amp#27;[0m The version name of the installed 'io.appium.settings' is greater or equal to the application version name ('5.12.17' >= '5.12.17')
&amp#27;[38;5;41m[64152942]&amp#27;[0m&amp#27;[38;5;229m[ADB]&amp#27;[0m There is no need to install/upgrade 'C:\Users\shank\.appium\node_modules\appium-uiautomator2-driver\node_modules\io.appium.settings\apks\settings_apk-debug.apk'
&amp#27;[38;5;41m[64152942]&amp#27;[0m&amp#27;[38;5;229m[ADB]&amp#27;[0m Running 'C:\Users\shank\AppData\Local\Android\Sdk\platform-tools\adb.exe -P 5037 -s emulator-5554 shell dumpsys activity services io.appium.settings'
&amp#27;[38;5;41m[64152942]&amp#27;[0m&amp#27;[38;5;-85m[AndroidUiautomator2Driver@f44b]&amp#27;[0m io.appium.settings is already running. There is no need to reset its permissions.
&amp#27;[38;5;41m[64152942]&amp#27;[0m&amp#27;[38;5;160m[Logcat]&amp#27;[0m Starting logs capture with command: C:\\Users\\shank\\AppData\\Local\\Android\\Sdk\\platform-tools\\adb.exe -P 5037 -s emulator-5554 logcat -v threadtime
&amp#27;[38;5;41m[64152942]&amp#27;[0m&amp#27;[38;5;-85m[AndroidUiautomator2Driver@f44b]&amp#27;[0m Forwarding UiAutomator2 Server port 6790 to local port 8200
&amp#27;[38;5;41m[64152942]&amp#27;[0m&amp#27;[38;5;229m[ADB]&amp#27;[0m Forwarding system: 8200 to device: 6790
&amp#27;[38;5;41m[64152942]&amp#27;[0m&amp#27;[38;5;229m[ADB]&amp#27;[0m Running 'C:\Users\shank\AppData\Local\Android\Sdk\platform-tools\adb.exe -P 5037 -s emulator-5554 forward tcp:8200 tcp:6790'
&amp#27;[38;5;41m[64152942]&amp#27;[0m&amp#27;[38;5;229m[ADB]&amp#27;[0m Getting package info for 'io.appium.uiautomator2.server'
&amp#27;[38;5;41m[64152942]&amp#27;[0m&amp#27;[38;5;229m[ADB]&amp#27;[0m Running 'C:\Users\shank\AppData\Local\Android\Sdk\platform-tools\adb.exe -P 5037 -s emulator-5554 shell dumpsys package io.appium.uiautomator2.server'
&amp#27;[38;5;41m[64152942]&amp#27;[0m&amp#27;[38;5;229m[ADB]&amp#27;[0m Getting install status for io.appium.uiautomator2.server.test
&amp#27;[38;5;41m[64152942]&amp#27;[0m&amp#27;[38;5;229m[ADB]&amp#27;[0m Checking app cert for C://Users//shank//eclipse_Workspace//AppiumFrameworkDesign//src//test//java//com//resources//General-Store.apk
&amp#27;[38;5;41m[64152942]&amp#27;[0m&amp#27;[38;5;229m[ADB]&amp#27;[0m Running 'C:\Users\shank\AppData\Local\Android\Sdk\platform-tools\adb.exe -P 5037 -s emulator-5554 shell cmd package list packages'
&amp#27;[38;5;41m[64152942]&amp#27;[0m&amp#27;[38;5;229m[ADB]&amp#27;[0m Using 'apksigner.jar' from 'C:\Users\shank\AppData\Local\Android\Sdk\build-tools\35.0.0\lib\apksigner.jar'
&amp#27;[38;5;41m[64152942]&amp#27;[0m&amp#27;[38;5;229m[ADB]&amp#27;[0m Starting apksigner: 'C:\\Program Files\\Java\\jdk-23\\bin\\java.exe' -Xmx1024M -Xss1m -jar C:\\Users\\shank\\AppData\\Local\\Android\\Sdk\\build-tools\\35.0.0\\lib\\apksigner.jar verify --print-certs C\://Users//shank//eclipse_Workspace//AppiumFrameworkDesign//src//test//java//com//resources//General-Store.apk
&amp#27;[38;5;41m[64152942]&amp#27;[0m&amp#27;[38;5;229m[ADB]&amp#27;[0m Reading package manifest: 'C:\\Users\\shank\\AppData\\Local\\Android\\Sdk\\build-tools\\35.0.0\\aapt2.exe dump badging C:\\Users\\shank\\.appium\\node_modules\\appium-uiautomator2-driver\\node_modules\\appium-uiautomator2-server\\apks\\appium-uiautomator2-server-v7.1.2.apk'
&amp#27;[38;5;41m[64152942]&amp#27;[0m&amp#27;[38;5;229m[ADB]&amp#27;[0m 'io.appium.uiautomator2.server.test' is installed
&amp#27;[38;5;41m[64152942]&amp#27;[0m&amp#27;[38;5;229m[ADB]&amp#27;[0m The version name of the installed 'io.appium.uiautomator2.server' is greater or equal to the application version name ('7.1.2' >= '7.1.2')
&amp#27;[38;5;41m[64152942]&amp#27;[0m&amp#27;[38;5;-85m[AndroidUiautomator2Driver@f44b]&amp#27;[0m Server packages status: [{"installState":"sameVersionInstalled","appPath":"C:\\Users\\shank\\.appium\\node_modules\\appium-uiautomator2-driver\\node_modules\\appium-uiautomator2-server\\apks\\appium-uiautomator2-server-v7.1.2.apk","appId":"io.appium.uiautomator2.server"},{"installState":"sameVersionInstalled","appPath":"C:\\Users\\shank\\.appium\\node_modules\\appium-uiautomator2-driver\\node_modules\\appium-uiautomator2-server\\apks\\appium-uiautomator2-server-debug-androidTest.apk","appId":"io.appium.uiautomator2.server.test"}]
&amp#27;[38;5;41m[64152942]&amp#27;[0m&amp#27;[38;5;-85m[AndroidUiautomator2Driver@f44b]&amp#27;[0m Server packages are not going to be (re)installed
&amp#27;[38;5;41m[64152942]&amp#27;[0m&amp#27;[38;5;-85m[AndroidUiautomator2Driver@f44b]&amp#27;[0m Waiting up to 30000ms for services to be available
&amp#27;[38;5;41m[64152942]&amp#27;[0m&amp#27;[38;5;229m[ADB]&amp#27;[0m Running 'C:\Users\shank\AppData\Local\Android\Sdk\platform-tools\adb.exe -P 5037 -s emulator-5554 shell pm list instrumentation'
&amp#27;[38;5;41m[64152942]&amp#27;[0m&amp#27;[38;5;-85m[AndroidUiautomator2Driver@f44b]&amp#27;[0m Instrumentation target 'io.appium.uiautomator2.server.test/androidx.test.runner.AndroidJUnitRunner' is available
&amp#27;[38;5;41m[64152942]&amp#27;[0m&amp#27;[38;5;229m[ADB]&amp#27;[0m Adding packages ["io.appium.settings","io.appium.uiautomator2.server","io.appium.uiautomator2.server.test"] to Doze whitelist
&amp#27;[38;5;41m[64152942]&amp#27;[0m&amp#27;[38;5;229m[ADB]&amp#27;[0m Got the following command chunks to execute: [["dumpsys","deviceidle","whitelist","+io.appium.settings",";","dumpsys","deviceidle","whitelist","+io.appium.uiautomator2.server",";","dumpsys","deviceidle","whitelist","+io.appium.uiautomator2.server.test",";"]]
&amp#27;[38;5;41m[64152942]&amp#27;[0m&amp#27;[38;5;229m[ADB]&amp#27;[0m Running 'C:\Users\shank\AppData\Local\Android\Sdk\platform-tools\adb.exe -P 5037 -s emulator-5554 shell dumpsys deviceidle whitelist +io.appium.settings ; dumpsys deviceidle whitelist +io.appium.uiautomator2.server ; dumpsys deviceidle whitelist +io.appium.uiautomator2.server.test ;'
&amp#27;[38;5;41m[64152942]&amp#27;[0m&amp#27;[38;5;229m[ADB]&amp#27;[0m apksigner stdout: Signer #1 certificate DN: C=US, O=Android, CN=Android Debug
Signer #1 certificate SHA-256 digest: f5f5931c019be6bff8a26255f76ae9ef8a8e631d2a702ec10e91110231549eef
Signer #1 certificate SHA-1 digest: b250161db8b5d0a1bd39154c9fd749bdad79c1a3
Signer #1 certificate MD5 digest: 7a5550323d84472ca25a0861c63e0a6c

&amp#27;[38;5;41m[64152942]&amp#27;[0m&amp#27;[38;5;229m[ADB]&amp#27;[0m 'C://Users//shank//eclipse_Workspace//AppiumFrameworkDesign//src//test//java//com//resources//General-Store.apk' is signed with a non-default certificate
&amp#27;[38;5;41m[64152942]&amp#27;[0m&amp#27;[38;5;229m[ADB]&amp#27;[0m Getting package info for 'com.androidsample.generalstore'
&amp#27;[38;5;41m[64152942]&amp#27;[0m&amp#27;[38;5;229m[ADB]&amp#27;[0m Running 'C:\Users\shank\AppData\Local\Android\Sdk\platform-tools\adb.exe -P 5037 -s emulator-5554 shell dumpsys package com.androidsample.generalstore'
&amp#27;[38;5;41m[64152942]&amp#27;[0m&amp#27;[38;5;229m[ADB]&amp#27;[0m Reading package manifest: 'C:\\Users\\shank\\AppData\\Local\\Android\\Sdk\\build-tools\\35.0.0\\aapt2.exe dump badging C\://Users//shank//eclipse_Workspace//AppiumFrameworkDesign//src//test//java//com//resources//General-Store.apk'
&amp#27;[38;5;41m[64152942]&amp#27;[0m&amp#27;[38;5;229m[ADB]&amp#27;[0m The version name of the installed 'com.androidsample.generalstore' is greater or equal to the application version name ('1.0.0' >= '1.0.0')
&amp#27;[38;5;41m[64152942]&amp#27;[0m&amp#27;[38;5;229m[ADB]&amp#27;[0m There is no need to install/upgrade 'C://Users//shank//eclipse_Workspace//AppiumFrameworkDesign//src//test//java//com//resources//General-Store.apk'
&amp#27;[38;5;41m[64152942]&amp#27;[0m&amp#27;[38;5;-85m[AndroidUiautomator2Driver@f44b]&amp#27;[0m Performing fast reset on 'com.androidsample.generalstore'
&amp#27;[38;5;41m[64152942]&amp#27;[0m&amp#27;[38;5;229m[ADB]&amp#27;[0m Getting install status for com.androidsample.generalstore
&amp#27;[38;5;41m[64152942]&amp#27;[0m&amp#27;[38;5;229m[ADB]&amp#27;[0m Running 'C:\Users\shank\AppData\Local\Android\Sdk\platform-tools\adb.exe -P 5037 -s emulator-5554 shell cmd package list packages'
&amp#27;[38;5;41m[64152942]&amp#27;[0m&amp#27;[38;5;229m[ADB]&amp#27;[0m 'com.androidsample.generalstore' is installed
&amp#27;[38;5;41m[64152942]&amp#27;[0m&amp#27;[38;5;229m[ADB]&amp#27;[0m Running 'C:\Users\shank\AppData\Local\Android\Sdk\platform-tools\adb.exe -P 5037 -s emulator-5554 shell am force-stop com.androidsample.generalstore'
&amp#27;[38;5;41m[64152942]&amp#27;[0m&amp#27;[38;5;229m[ADB]&amp#27;[0m Running 'C:\Users\shank\AppData\Local\Android\Sdk\platform-tools\adb.exe -P 5037 -s emulator-5554 shell pm clear com.androidsample.generalstore'
&amp#27;[38;5;41m[64152942]&amp#27;[0m&amp#27;[38;5;-85m[AndroidUiautomator2Driver@f44b]&amp#27;[0m Performed fast reset on the installed 'com.androidsample.generalstore' application (stop and clear)
&amp#27;[38;5;41m[64152942]&amp#27;[0m&amp#27;[38;5;-85m[AndroidUiautomator2Driver@f44b]&amp#27;[0m Performing shallow cleanup of automation leftovers
&amp#27;[38;5;41m[64152942]&amp#27;[0m&amp#27;[38;5;-85m[AndroidUiautomator2Driver@f44b]&amp#27;[0m No obsolete sessions have been detected (socket hang up)
&amp#27;[38;5;41m[64152942]&amp#27;[0m&amp#27;[38;5;229m[ADB]&amp#27;[0m Running 'C:\Users\shank\AppData\Local\Android\Sdk\platform-tools\adb.exe -P 5037 -s emulator-5554 shell am force-stop io.appium.uiautomator2.server'
&amp#27;[38;5;41m[64152942]&amp#27;[0m&amp#27;[38;5;229m[ADB]&amp#27;[0m Running 'C:\Users\shank\AppData\Local\Android\Sdk\platform-tools\adb.exe -P 5037 -s emulator-5554 shell am force-stop io.appium.uiautomator2.server.test'
&amp#27;[38;5;41m[64152942]&amp#27;[0m&amp#27;[38;5;-85m[AndroidUiautomator2Driver@f44b]&amp#27;[0m Starting UIAutomator2 server 7.1.2
&amp#27;[38;5;41m[64152942]&amp#27;[0m&amp#27;[38;5;-85m[AndroidUiautomator2Driver@f44b]&amp#27;[0m Using UIAutomator2 server from 'C:\Users\shank\.appium\node_modules\appium-uiautomator2-driver\node_modules\appium-uiautomator2-server\apks\appium-uiautomator2-server-v7.1.2.apk' and test from 'C:\Users\shank\.appium\node_modules\appium-uiautomator2-driver\node_modules\appium-uiautomator2-server\apks\appium-uiautomator2-server-debug-androidTest.apk'
&amp#27;[38;5;41m[64152942]&amp#27;[0m&amp#27;[38;5;-85m[AndroidUiautomator2Driver@f44b]&amp#27;[0m Waiting up to 30000ms for UiAutomator2 to be online...
&amp#27;[38;5;41m[64152942]&amp#27;[0m&amp#27;[38;5;229m[ADB]&amp#27;[0m Creating ADB subprocess with args: ["-P","5037","-s","emulator-5554","shell","am","instrument","-w","-e","disableAnalytics","true","io.appium.uiautomator2.server.test/androidx.test.runner.AndroidJUnitRunner"]
&amp#27;[38;5;41m[64152942]&amp#27;[0m&amp#27;[38;5;-85m[AndroidUiautomator2Driver@f44b]&amp#27;[0m Matched '/status' to command name 'getStatus'
&amp#27;[38;5;41m[64152942]&amp#27;[0m&amp#27;[38;5;-85m[AndroidUiautomator2Driver@f44b]&amp#27;[0m Proxying [GET /status] to [GET http://127.0.0.1:8200/status] with no body
&amp#27;[38;5;41m[64152942]&amp#27;[0m&amp#27;[38;5;-85m[AndroidUiautomator2Driver@f44b]&amp#27;[0m socket hang up
&amp#27;[38;5;41m[64152942]&amp#27;[0m&amp#27;[38;5;-85m[AndroidUiautomator2Driver@f44b]&amp#27;[0m [Instrumentation] 
&amp#27;[38;5;41m[64152942]&amp#27;[0m&amp#27;[38;5;-85m[AndroidUiautomator2Driver@f44b]&amp#27;[0m Matched '/status' to command name 'getStatus'
&amp#27;[38;5;41m[64152942]&amp#27;[0m&amp#27;[38;5;-85m[AndroidUiautomator2Driver@f44b]&amp#27;[0m Proxying [GET /status] to [GET http://127.0.0.1:8200/status] with no body
&amp#27;[38;5;41m[64152942]&amp#27;[0m&amp#27;[38;5;-85m[AndroidUiautomator2Driver@f44b]&amp#27;[0m socket hang up
&amp#27;[38;5;41m[64152942]&amp#27;[0m&amp#27;[38;5;-85m[AndroidUiautomator2Driver@f44b]&amp#27;[0m Matched '/status' to command name 'getStatus'
&amp#27;[38;5;41m[64152942]&amp#27;[0m&amp#27;[38;5;-85m[AndroidUiautomator2Driver@f44b]&amp#27;[0m Proxying [GET /status] to [GET http://127.0.0.1:8200/status] with no body
&amp#27;[38;5;41m[64152942]&amp#27;[0m&amp#27;[38;5;-85m[AndroidUiautomator2Driver@f44b]&amp#27;[0m Got response with status 200: {"sessionId":"None","value":{"message":"UiAutomator2 Server is ready to accept commands","ready":true}}
&amp#27;[38;5;41m[64152942]&amp#27;[0m&amp#27;[38;5;-85m[AndroidUiautomator2Driver@f44b]&amp#27;[0m The initialization of the instrumentation process took 2329ms
&amp#27;[38;5;41m[64152942]&amp#27;[0m&amp#27;[38;5;-85m[AndroidUiautomator2Driver@f44b]&amp#27;[0m Matched '/session' to command name 'createSession'
&amp#27;[38;5;41m[64152942]&amp#27;[0m&amp#27;[38;5;-85m[AndroidUiautomator2Driver@f44b]&amp#27;[0m Proxying [POST /session] to [POST http://127.0.0.1:8200/session] with body: {"capabilities":{"firstMatch":[{"platformName":"ANDROID","chromedriverExecutable":"C://Users//shank//Downloads//130.0.6723.58 chromedriver-win64//chromedriver-win64//chromedriver.exe","deviceName":"emulator-5554","automationName":"UIAutomator2","app":"C://Users//shank//eclipse_Workspace//AppiumFrameworkDesign//src//test//java//com//resources//General-Store.apk","platform":"LINUX","webStorageEnabled":false,"takesScreenshot":true,"javascriptEnabled":true,"databaseEnabled":false,"networkConnectionEnabled":true,"locationContextEnabled":false,"warnings":{},"desired":{"platformName":"ANDROID","chromedriverExecutable":"C://Users//shank//Downloads//130.0.6723.58 chromedriver-win64//chromedriver-win64//chromedriver.exe","deviceName":"ZoroPhone","automationName":"UIAutomator2","app":"C://Users//shank//eclipse_Workspace//AppiumFrameworkDesign//src//test//java//com//resources//General-Store.apk"},"deviceUDID":"emulator-5554","appPackage":"com.androidsample.generalstore"}],"alwaysMatch":{}}}
&amp#27;[38;5;41m[64152942]&amp#27;[0m&amp#27;[38;5;-85m[AndroidUiautomator2Driver@f44b]&amp#27;[0m Got response with status 200: {"sessionId":"1a3eb104-eb3c-4bef-b406-622cb498264b","value":{"capabilities":{"firstMatch":[{"platformName":"ANDROID","chromedriverExecutable":"C://Users//shank//Downloads//130.0.6723.58 chromedriver-win64//chromedriver-win64//chromedriver.exe","deviceName":"emulator-5554","automationName":"UIAutomator2","app":"C://Users//shank//eclipse_Workspace//AppiumFrameworkDesign//src//test//java//com//resources//General-Store.apk","platform":"LINUX","webStorageEnabled":false,"takesScreenshot":true,"javascriptEnabled":true,"databaseEnabled":false,"networkConnectionEnabled":true,"locationContextEnabled":false,"warnings":{},"desired":{"platformName":"ANDROID","chromedriverExecutable":"C://Users//shank//Downloads//130.0.6723.58 chromedriver-win64//chromedriver-win64//chromedriver.exe","deviceName":"ZoroPhone","automationName":"UIAutomator2","app":"C://Users//shank//eclipse_Workspace//AppiumFrameworkDesign//src//test//java//com//resources//General-Store.apk"},"deviceUDID":"emulator-5554","appPackage":"com.androidsample.ge...
&amp#27;[38;5;41m[64152942]&amp#27;[0m&amp#27;[38;5;-85m[AndroidUiautomator2Driver@f44b]&amp#27;[0m Determined the downstream protocol as 'W3C'
&amp#27;[38;5;41m[64152942]&amp#27;[0m&amp#27;[38;5;-85m[AndroidUiautomator2Driver@f44b]&amp#27;[0m Proxying [GET /appium/device/pixel_ratio] to [GET http://127.0.0.1:8200/session/1a3eb104-eb3c-4bef-b406-622cb498264b/appium/device/pixel_ratio] with no body
&amp#27;[38;5;41m[64152942]&amp#27;[0m&amp#27;[38;5;-85m[AndroidUiautomator2Driver@f44b]&amp#27;[0m Matched '/appium/device/system_bars' to command name 'getSystemBars'
&amp#27;[38;5;41m[64152942]&amp#27;[0m&amp#27;[38;5;-85m[AndroidUiautomator2Driver@f44b]&amp#27;[0m Proxying [GET /appium/device/system_bars] to [GET http://127.0.0.1:8200/session/1a3eb104-eb3c-4bef-b406-622cb498264b/appium/device/system_bars] with no body
&amp#27;[38;5;41m[64152942]&amp#27;[0m&amp#27;[38;5;-85m[AndroidUiautomator2Driver@f44b]&amp#27;[0m Matched '/window/current/size' to command name 'getWindowSize'
&amp#27;[38;5;41m[64152942]&amp#27;[0m&amp#27;[38;5;-85m[AndroidUiautomator2Driver@f44b]&amp#27;[0m Proxying [GET /window/current/size] to [GET http://127.0.0.1:8200/session/1a3eb104-eb3c-4bef-b406-622cb498264b/window/current/size] with no body
&amp#27;[38;5;41m[64152942]&amp#27;[0m&amp#27;[38;5;-85m[AndroidUiautomator2Driver@f44b]&amp#27;[0m Proxying [GET /appium/device/info] to [GET http://127.0.0.1:8200/session/1a3eb104-eb3c-4bef-b406-622cb498264b/appium/device/info] with no body
&amp#27;[38;5;41m[64152942]&amp#27;[0m&amp#27;[38;5;229m[ADB]&amp#27;[0m Running 'C:\Users\shank\AppData\Local\Android\Sdk\platform-tools\adb.exe -P 5037 -s emulator-5554 shell dumpsys window'
&amp#27;[38;5;41m[64152942]&amp#27;[0m&amp#27;[38;5;229m[ADB]&amp#27;[0m Running 'C:\Users\shank\AppData\Local\Android\Sdk\platform-tools\adb.exe -P 5037 -s emulator-5554 shell dumpsys power'
&amp#27;[38;5;41m[64152942]&amp#27;[0m&amp#27;[38;5;-85m[AndroidUiautomator2Driver@f44b]&amp#27;[0m Got response with status 200: {"sessionId":"1a3eb104-eb3c-4bef-b406-622cb498264b","value":2.625}
&amp#27;[38;5;41m[64152942]&amp#27;[0m&amp#27;[38;5;-85m[AndroidUiautomator2Driver@f44b]&amp#27;[0m Got response with status 200: {"sessionId":"1a3eb104-eb3c-4bef-b406-622cb498264b","value":{"height":1920,"width":1080}}
&amp#27;[38;5;41m[64152942]&amp#27;[0m&amp#27;[38;5;-85m[AndroidUiautomator2Driver@f44b]&amp#27;[0m Got response with status 200: {"sessionId":"1a3eb104-eb3c-4bef-b406-622cb498264b","value":{"statusBar":63}}
&amp#27;[38;5;41m[64152942]&amp#27;[0m&amp#27;[38;5;-85m[AndroidUiautomator2Driver@f44b]&amp#27;[0m Got response with status 200: {"sessionId":"1a3eb104-eb3c-4bef-b406-622cb498264b","value":{"androidId":"842de2766387e7ea","apiVersion":"32","bluetooth":{"state":"OFF"},"brand":"google","carrierName":"T-Mobile","displayDensity":420,"locale":"en_US","manufacturer":"Google","model":"sdk_gphone64_x86_64","networks":[{"capabilities":{"SSID":null,"linkDownBandwidthKbps":30000,"linkUpstreamBandwidthKbps":12000,"networkCapabilities":"NET_CAPABILITY_NOT_METERED,NET_CAPABILITY_INTERNET,NET_CAPABILITY_NOT_RESTRICTED,NET_CAPABILITY_TRUSTED,NET_CAPABILITY_NOT_VPN,NET_CAPABILITY_VALIDATED,NET_CAPABILITY_NOT_ROAMING,NET_CAPABILITY_FOREGROUND,NET_CAPABILITY_NOT_CONGESTED,NET_CAPABILITY_NOT_SUSPENDED","signalStrength":-50,"transportTypes":"TRANSPORT_WIFI"},"detailedState":"CONNECTED","extraInfo":"","isAvailable":true,"isConnected":true,"isFailover":false,"isRoaming":false,"state":"CONNECTED","subtype":-1,"subtypeName":"","type":1,"typeName":"WIFI"},{"capabilities":{"SSID":null,"linkDownBandwidthKbps":4300,"linkUpstreamBandwidthKbps":1800,"networkCapabi...
&amp#27;[38;5;41m[64152942]&amp#27;[0m&amp#27;[38;5;-85m[AndroidUiautomator2Driver@f44b]&amp#27;[0m Screen already unlocked, doing nothing
&amp#27;[38;5;41m[64152942]&amp#27;[0m&amp#27;[38;5;-85m[AndroidUiautomator2Driver@f44b]&amp#27;[0m Starting 'com.androidsample.generalstore/com.androidsample.generalstore.SplashActivity and waiting for 'com.androidsample.generalstore/com.androidsample.generalstore.SplashActivity'
&amp#27;[38;5;41m[64152942]&amp#27;[0m&amp#27;[38;5;229m[ADB]&amp#27;[0m Running 'C:\Users\shank\AppData\Local\Android\Sdk\platform-tools\adb.exe -P 5037 -s emulator-5554 shell am start-activity -W -n com.androidsample.generalstore/com.androidsample.generalstore.SplashActivity -S -a android.intent.action.MAIN -c android.intent.category.LAUNCHER -f 0x10200000'
&amp#27;[38;5;41m[64152942]&amp#27;[0m&amp#27;[38;5;229m[ADB]&amp#27;[0m Waiting up to 20000ms for activity matching pkg: 'com.androidsample.generalstore' and activity: 'com.androidsample.generalstore.SplashActivity' to be focused
&amp#27;[38;5;41m[64152942]&amp#27;[0m&amp#27;[38;5;229m[ADB]&amp#27;[0m Possible activities, to be checked: 'com.androidsample.generalstore.SplashActivity', 'com.androidsample.generalstore.com.androidsample.generalstore.SplashActivity'
&amp#27;[38;5;41m[64152942]&amp#27;[0m&amp#27;[38;5;229m[ADB]&amp#27;[0m Getting focused package and activity
&amp#27;[38;5;41m[64152942]&amp#27;[0m&amp#27;[38;5;229m[ADB]&amp#27;[0m Running 'C:\Users\shank\AppData\Local\Android\Sdk\platform-tools\adb.exe -P 5037 -s emulator-5554 shell dumpsys window displays'
&amp#27;[38;5;41m[64152942]&amp#27;[0m&amp#27;[38;5;229m[ADB]&amp#27;[0m Found package: 'com.androidsample.generalstore' and fully qualified activity name : 'com.androidsample.generalstore.SplashActivity'
&amp#27;[38;5;41m[64152942]&amp#27;[0m&amp#27;[38;5;225m[AppiumDriver@6e3c]&amp#27;[0m New AndroidUiautomator2Driver session created successfully, session 64152942-db32-4d43-a757-cbaa09835416 added to master session list
&amp#27;[38;5;41m[64152942]&amp#27;[0m&amp#27;[38;5;225m[AppiumDriver@6e3c]&amp#27;[0m Event 'newSessionStarted' logged at 1732099360809 (16:12:40 GMT+0530 (India Standard Time))
&amp#27;[38;5;41m[64152942]&amp#27;[0m&amp#27;[38;5;-85m[AndroidUiautomator2Driver@f44b]&amp#27;[0m Cached the protocol value 'W3C' for the new session 64152942-db32-4d43-a757-cbaa09835416
&amp#27;[38;5;41m[64152942]&amp#27;[0m&amp#27;[38;5;-85m[AndroidUiautomator2Driver@f44b]&amp#27;[0m Responding to client with driver.createSession() result: {"capabilities":{"platformName":"ANDROID","chromedriverExecutable":"C://Users//shank//Downloads//130.0.6723.58 chromedriver-win64//chromedriver-win64//chromedriver.exe","deviceName":"emulator-5554","automationName":"UIAutomator2","app":"C://Users//shank//eclipse_Workspace//AppiumFrameworkDesign//src//test//java//com//resources//General-Store.apk","platform":"LINUX","webStorageEnabled":false,"takesScreenshot":true,"javascriptEnabled":true,"databaseEnabled":false,"networkConnectionEnabled":true,"locationContextEnabled":false,"warnings":{},"desired":{"platformName":"ANDROID","chromedriverExecutable":"C://Users//shank//Downloads//130.0.6723.58 chromedriver-win64//chromedriver-win64//chromedriver.exe","deviceName":"ZoroPhone","automationName":"UIAutomator2","app":"C://Users//shank//eclipse_Workspace//AppiumFrameworkDesign//src//test//java//com//resources//General-Store.apk"},"deviceUDID":"emulator-5554","appPackage":"com.androidsample.generalstore","pixelRatio":"2.625","statBarHeight":63,"viewportRect":{"left":...
&amp#27;[38;5;41m[64152942]&amp#27;[0m&amp#27;[38;5;86m[HTTP]&amp#27;[0m &amp#27;[37m<-- POST /session &amp#27;[39m&amp#27;[32m200&amp#27;[39m &amp#27;[90m8426 ms - 1288&amp#27;[39m &amp#27;[90m&amp#27;[39m
&amp#27;[38;5;41m[64152942]&amp#27;[0m&amp#27;[38;5;86m[HTTP]&amp#27;[0m &amp#27;[37m-->&amp#27;[39m &amp#27;[37mPOST&amp#27;[39m &amp#27;[37m/session/64152942-db32-4d43-a757-cbaa09835416/timeouts&amp#27;[39m &amp#27;[90m{"implicit":10000}&amp#27;[39m
&amp#27;[38;5;41m[64152942]&amp#27;[0m&amp#27;[38;5;-85m[AndroidUiautomator2Driver@f44b]&amp#27;[0m Calling AppiumDriver.timeouts() with args: [null,null,null,null,10000,"64152942-db32-4d43-a757-cbaa09835416"]
&amp#27;[38;5;41m[64152942]&amp#27;[0m&amp#27;[38;5;-85m[AndroidUiautomator2Driver@f44b]&amp#27;[0m W3C timeout argument: {"implicit":10000}}
&amp#27;[38;5;41m[64152942]&amp#27;[0m&amp#27;[38;5;-85m[AndroidUiautomator2Driver@f44b]&amp#27;[0m Set implicit wait to 10000ms
&amp#27;[38;5;41m[64152942]&amp#27;[0m&amp#27;[38;5;-85m[AndroidUiautomator2Driver@f44b]&amp#27;[0m Responding to client with driver.timeouts() result: null
&amp#27;[38;5;41m[64152942]&amp#27;[0m&amp#27;[38;5;86m[HTTP]&amp#27;[0m &amp#27;[37m<-- POST /session/64152942-db32-4d43-a757-cbaa09835416/timeouts &amp#27;[39m&amp#27;[32m200&amp#27;[39m &amp#27;[90m8 ms - 14&amp#27;[39m &amp#27;[90m&amp#27;[39m
&amp#27;[38;5;41m[64152942]&amp#27;[0m&amp#27;[38;5;86m[HTTP]&amp#27;[0m &amp#27;[37m-->&amp#27;[39m &amp#27;[37mPOST&amp#27;[39m &amp#27;[37m/session/64152942-db32-4d43-a757-cbaa09835416/execute/sync&amp#27;[39m &amp#27;[90m{"args":[{"intent":"com.androidsample.generalstore/com.androidsample.generalstore.MainActivity"}],"script":"mobile: startActivity"}&amp#27;[39m
&amp#27;[38;5;41m[64152942]&amp#27;[0m&amp#27;[38;5;-85m[AndroidUiautomator2Driver@f44b]&amp#27;[0m Calling AppiumDriver.execute() with args: ["mobile: startActivity",[{"intent":"com.androidsample.generalstore/com.androidsample.generalstore.MainActivity"}],"64152942-db32-4d43-a757-cbaa09835416"]
&amp#27;[38;5;41m[64152942]&amp#27;[0m&amp#27;[38;5;-85m[AndroidUiautomator2Driver@f44b]&amp#27;[0m Executing native command 'mobile: startActivity'
&amp#27;[38;5;41m[64152942]&amp#27;[0m&amp#27;[38;5;229m[ADB]&amp#27;[0m Running 'C:\Users\shank\AppData\Local\Android\Sdk\platform-tools\adb.exe -P 5037 -s emulator-5554 shell am start-activity com.androidsample.generalstore/com.androidsample.generalstore.MainActivity'
&amp#27;[38;5;41m[64152942]&amp#27;[0m&amp#27;[38;5;-85m[AndroidUiautomator2Driver@f44b]&amp#27;[0m Responding to client with driver.execute() result: "Starting: Intent { act=android.intent.action.MAIN cat=[android.intent.category.LAUNCHER] cmp=com.androidsample.generalstore/.MainActivity }"
&amp#27;[38;5;41m[64152942]&amp#27;[0m&amp#27;[38;5;86m[HTTP]&amp#27;[0m &amp#27;[37m<-- POST /session/64152942-db32-4d43-a757-cbaa09835416/execute/sync &amp#27;[39m&amp#27;[32m200&amp#27;[39m &amp#27;[90m171 ms - 151&amp#27;[39m &amp#27;[90m&amp#27;[39m
&amp#27;[38;5;41m[64152942]&amp#27;[0m&amp#27;[38;5;86m[HTTP]&amp#27;[0m &amp#27;[37m-->&amp#27;[39m &amp#27;[37mGET&amp#27;[39m &amp#27;[37m/session/64152942-db32-4d43-a757-cbaa09835416/context&amp#27;[39m &amp#27;[90m{}&amp#27;[39m
&amp#27;[38;5;41m[64152942]&amp#27;[0m&amp#27;[38;5;-85m[AndroidUiautomator2Driver@f44b]&amp#27;[0m Calling AppiumDriver.getCurrentContext() with args: ["64152942-db32-4d43-a757-cbaa09835416"]
&amp#27;[38;5;41m[64152942]&amp#27;[0m&amp#27;[38;5;-85m[AndroidUiautomator2Driver@f44b]&amp#27;[0m Responding to client with driver.getCurrentContext() result: "NATIVE_APP"
&amp#27;[38;5;41m[64152942]&amp#27;[0m&amp#27;[38;5;86m[HTTP]&amp#27;[0m &amp#27;[37m<-- GET /session/64152942-db32-4d43-a757-cbaa09835416/context &amp#27;[39m&amp#27;[32m200&amp#27;[39m &amp#27;[90m8 ms - 22&amp#27;[39m &amp#27;[90m&amp#27;[39m
&amp#27;[38;5;41m[64152942]&amp#27;[0m&amp#27;[38;5;86m[HTTP]&amp#27;[0m &amp#27;[37m-->&amp#27;[39m &amp#27;[37mPOST&amp#27;[39m &amp#27;[37m/session/64152942-db32-4d43-a757-cbaa09835416/element&amp#27;[39m &amp#27;[90m{"value":"com.androidsample.generalstore:id/nameField","using":"id"}&amp#27;[39m
&amp#27;[38;5;41m[64152942]&amp#27;[0m&amp#27;[38;5;-85m[AndroidUiautomator2Driver@f44b]&amp#27;[0m Calling AppiumDriver.findElement() with args: ["id","com.androidsample.generalstore:id/nameField","64152942-db32-4d43-a757-cbaa09835416"]
&amp#27;[38;5;41m[64152942]&amp#27;[0m&amp#27;[38;5;-85m[AndroidUiautomator2Driver@f44b]&amp#27;[0m Valid locator strategies for this request: xpath, id, class name, accessibility id, css selector, -android uiautomator
&amp#27;[38;5;41m[64152942]&amp#27;[0m&amp#27;[38;5;-85m[AndroidUiautomator2Driver@f44b]&amp#27;[0m Waiting up to 10000 ms for condition
&amp#27;[38;5;41m[64152942]&amp#27;[0m&amp#27;[38;5;-85m[AndroidUiautomator2Driver@f44b]&amp#27;[0m Matched '/element' to command name 'findElement'
&amp#27;[38;5;41m[64152942]&amp#27;[0m&amp#27;[38;5;-85m[AndroidUiautomator2Driver@f44b]&amp#27;[0m Proxying [POST /element] to [POST http://127.0.0.1:8200/session/1a3eb104-eb3c-4bef-b406-622cb498264b/element] with body: {"strategy":"id","selector":"com.androidsample.generalstore:id/nameField","context":"","multiple":false}
&amp#27;[38;5;41m[64152942]&amp#27;[0m&amp#27;[38;5;-85m[AndroidUiautomator2Driver@f44b]&amp#27;[0m Got response with status 200: {"sessionId":"1a3eb104-eb3c-4bef-b406-622cb498264b","value":{"ELEMENT":"00000000-0000-0053-ffff-ffff00000039","element-6066-11e4-a52e-4f735466cecf":"00000000-0000-0053-ffff-ffff00000039"}}
&amp#27;[38;5;41m[64152942]&amp#27;[0m&amp#27;[38;5;-85m[AndroidUiautomator2Driver@f44b]&amp#27;[0m Responding to client with driver.findElement() result: {"element-6066-11e4-a52e-4f735466cecf":"00000000-0000-0053-ffff-ffff00000039","ELEMENT":"00000000-0000-0053-ffff-ffff00000039"}
&amp#27;[38;5;41m[64152942]&amp#27;[0m&amp#27;[38;5;86m[HTTP]&amp#27;[0m &amp#27;[37m<-- POST /session/64152942-db32-4d43-a757-cbaa09835416/element &amp#27;[39m&amp#27;[32m200&amp#27;[39m &amp#27;[90m1466 ms - 137&amp#27;[39m &amp#27;[90m&amp#27;[39m
&amp#27;[38;5;41m[64152942]&amp#27;[0m&amp#27;[38;5;86m[HTTP]&amp#27;[0m &amp#27;[37m-->&amp#27;[39m &amp#27;[37mPOST&amp#27;[39m &amp#27;[37m/session/64152942-db32-4d43-a757-cbaa09835416/element/00000000-0000-0053-ffff-ffff00000039/value&amp#27;[39m &amp#27;[90m{"text":"Shanks","value":["S","h","a","n","k","s"],"id":"00000000-0000-0053-ffff-ffff00000039"}&amp#27;[39m
&amp#27;[38;5;41m[64152942]&amp#27;[0m&amp#27;[38;5;-85m[AndroidUiautomator2Driver@f44b]&amp#27;[0m Calling AppiumDriver.setValue() with args: [["S","h","a","n","k","s"],"00000000-0000-0053-ffff-ffff00000039","64152942-db32-4d43-a757-cbaa09835416"]
&amp#27;[38;5;41m[64152942]&amp#27;[0m&amp#27;[38;5;-85m[AndroidUiautomator2Driver@f44b]&amp#27;[0m Matched '/element/00000000-0000-0053-ffff-ffff00000039/value' to command name 'setValue'
&amp#27;[38;5;41m[64152942]&amp#27;[0m&amp#27;[38;5;-85m[AndroidUiautomator2Driver@f44b]&amp#27;[0m Added 'value' property ["S","h","a","n","k","s"] to 'setValue' request body
&amp#27;[38;5;41m[64152942]&amp#27;[0m&amp#27;[38;5;-85m[AndroidUiautomator2Driver@f44b]&amp#27;[0m Proxying [POST /element/00000000-0000-0053-ffff-ffff00000039/value] to [POST http://127.0.0.1:8200/session/1a3eb104-eb3c-4bef-b406-622cb498264b/element/00000000-0000-0053-ffff-ffff00000039/value] with body: {"elementId":"00000000-0000-0053-ffff-ffff00000039","text":"Shanks","replace":false,"value":["S","h","a","n","k","s"]}
&amp#27;[38;5;41m[64152942]&amp#27;[0m&amp#27;[38;5;-85m[AndroidUiautomator2Driver@f44b]&amp#27;[0m Got response with status 200: {"sessionId":"1a3eb104-eb3c-4bef-b406-622cb498264b","value":null}
&amp#27;[38;5;41m[64152942]&amp#27;[0m&amp#27;[38;5;-85m[AndroidUiautomator2Driver@f44b]&amp#27;[0m Responding to client with driver.setValue() result: null
&amp#27;[38;5;41m[64152942]&amp#27;[0m&amp#27;[38;5;86m[HTTP]&amp#27;[0m &amp#27;[37m<-- POST /session/64152942-db32-4d43-a757-cbaa09835416/element/00000000-0000-0053-ffff-ffff00000039/value &amp#27;[39m&amp#27;[32m200&amp#27;[39m &amp#27;[90m713 ms - 14&amp#27;[39m &amp#27;[90m&amp#27;[39m
&amp#27;[38;5;41m[64152942]&amp#27;[0m&amp#27;[38;5;86m[HTTP]&amp#27;[0m &amp#27;[37m-->&amp#27;[39m &amp#27;[37mPOST&amp#27;[39m &amp#27;[37m/session/64152942-db32-4d43-a757-cbaa09835416/execute/sync&amp#27;[39m &amp#27;[90m{"args":[],"script":"mobile: hideKeyboard"}&amp#27;[39m
&amp#27;[38;5;41m[64152942]&amp#27;[0m&amp#27;[38;5;-85m[AndroidUiautomator2Driver@f44b]&amp#27;[0m Calling AppiumDriver.execute() with args: ["mobile: hideKeyboard",[],"64152942-db32-4d43-a757-cbaa09835416"]
&amp#27;[38;5;41m[64152942]&amp#27;[0m&amp#27;[38;5;-85m[AndroidUiautomator2Driver@f44b]&amp#27;[0m Executing native command 'mobile: hideKeyboard'
&amp#27;[38;5;41m[64152942]&amp#27;[0m&amp#27;[38;5;229m[ADB]&amp#27;[0m Running 'C:\Users\shank\AppData\Local\Android\Sdk\platform-tools\adb.exe -P 5037 -s emulator-5554 shell dumpsys input_method'
&amp#27;[38;5;41m[64152942]&amp#27;[0m&amp#27;[38;5;229m[ADB]&amp#27;[0m Keyboard has no UI; no closing necessary
&amp#27;[38;5;41m[64152942]&amp#27;[0m&amp#27;[38;5;-85m[AndroidUiautomator2Driver@f44b]&amp#27;[0m Responding to client with driver.execute() result: false
&amp#27;[38;5;41m[64152942]&amp#27;[0m&amp#27;[38;5;86m[HTTP]&amp#27;[0m &amp#27;[37m<-- POST /session/64152942-db32-4d43-a757-cbaa09835416/execute/sync &amp#27;[39m&amp#27;[32m200&amp#27;[39m &amp#27;[90m358 ms - 15&amp#27;[39m &amp#27;[90m&amp#27;[39m
&amp#27;[38;5;41m[64152942]&amp#27;[0m&amp#27;[38;5;86m[HTTP]&amp#27;[0m &amp#27;[37m-->&amp#27;[39m &amp#27;[37mGET&amp#27;[39m &amp#27;[37m/session/64152942-db32-4d43-a757-cbaa09835416/context&amp#27;[39m &amp#27;[90m{}&amp#27;[39m
&amp#27;[38;5;41m[64152942]&amp#27;[0m&amp#27;[38;5;-85m[AndroidUiautomator2Driver@f44b]&amp#27;[0m Calling AppiumDriver.getCurrentContext() with args: ["64152942-db32-4d43-a757-cbaa09835416"]
&amp#27;[38;5;41m[64152942]&amp#27;[0m&amp#27;[38;5;-85m[AndroidUiautomator2Driver@f44b]&amp#27;[0m Responding to client with driver.getCurrentContext() result: "NATIVE_APP"
&amp#27;[38;5;41m[64152942]&amp#27;[0m&amp#27;[38;5;86m[HTTP]&amp#27;[0m &amp#27;[37m<-- GET /session/64152942-db32-4d43-a757-cbaa09835416/context &amp#27;[39m&amp#27;[32m200&amp#27;[39m &amp#27;[90m3 ms - 22&amp#27;[39m &amp#27;[90m&amp#27;[39m
&amp#27;[38;5;41m[64152942]&amp#27;[0m&amp#27;[38;5;86m[HTTP]&amp#27;[0m &amp#27;[37m-->&amp#27;[39m &amp#27;[37mPOST&amp#27;[39m &amp#27;[37m/session/64152942-db32-4d43-a757-cbaa09835416/element&amp#27;[39m &amp#27;[90m{"value":"com.androidsample.generalstore:id/radioMale","using":"id"}&amp#27;[39m
&amp#27;[38;5;41m[64152942]&amp#27;[0m&amp#27;[38;5;-85m[AndroidUiautomator2Driver@f44b]&amp#27;[0m Calling AppiumDriver.findElement() with args: ["id","com.androidsample.generalstore:id/radioMale","64152942-db32-4d43-a757-cbaa09835416"]
&amp#27;[38;5;41m[64152942]&amp#27;[0m&amp#27;[38;5;-85m[AndroidUiautomator2Driver@f44b]&amp#27;[0m Valid locator strategies for this request: xpath, id, class name, accessibility id, css selector, -android uiautomator
&amp#27;[38;5;41m[64152942]&amp#27;[0m&amp#27;[38;5;-85m[AndroidUiautomator2Driver@f44b]&amp#27;[0m Waiting up to 10000 ms for condition
&amp#27;[38;5;41m[64152942]&amp#27;[0m&amp#27;[38;5;-85m[AndroidUiautomator2Driver@f44b]&amp#27;[0m Matched '/element' to command name 'findElement'
&amp#27;[38;5;41m[64152942]&amp#27;[0m&amp#27;[38;5;-85m[AndroidUiautomator2Driver@f44b]&amp#27;[0m Proxying [POST /element] to [POST http://127.0.0.1:8200/session/1a3eb104-eb3c-4bef-b406-622cb498264b/element] with body: {"strategy":"id","selector":"com.androidsample.generalstore:id/radioMale","context":"","multiple":false}
&amp#27;[38;5;41m[64152942]&amp#27;[0m&amp#27;[38;5;-85m[AndroidUiautomator2Driver@f44b]&amp#27;[0m Got response with status 200: {"sessionId":"1a3eb104-eb3c-4bef-b406-622cb498264b","value":{"ELEMENT":"00000000-0000-0053-ffff-ffff0000003c","element-6066-11e4-a52e-4f735466cecf":"00000000-0000-0053-ffff-ffff0000003c"}}
&amp#27;[38;5;41m[64152942]&amp#27;[0m&amp#27;[38;5;-85m[AndroidUiautomator2Driver@f44b]&amp#27;[0m Responding to client with driver.findElement() result: {"element-6066-11e4-a52e-4f735466cecf":"00000000-0000-0053-ffff-ffff0000003c","ELEMENT":"00000000-0000-0053-ffff-ffff0000003c"}
&amp#27;[38;5;41m[64152942]&amp#27;[0m&amp#27;[38;5;86m[HTTP]&amp#27;[0m &amp#27;[37m<-- POST /session/64152942-db32-4d43-a757-cbaa09835416/element &amp#27;[39m&amp#27;[32m200&amp#27;[39m &amp#27;[90m152 ms - 137&amp#27;[39m &amp#27;[90m&amp#27;[39m
&amp#27;[38;5;41m[64152942]&amp#27;[0m&amp#27;[38;5;86m[HTTP]&amp#27;[0m &amp#27;[37m-->&amp#27;[39m &amp#27;[37mPOST&amp#27;[39m &amp#27;[37m/session/64152942-db32-4d43-a757-cbaa09835416/element/00000000-0000-0053-ffff-ffff0000003c/click&amp#27;[39m &amp#27;[90m{"id":"00000000-0000-0053-ffff-ffff0000003c"}&amp#27;[39m
&amp#27;[38;5;41m[64152942]&amp#27;[0m&amp#27;[38;5;-85m[AndroidUiautomator2Driver@f44b]&amp#27;[0m Calling AppiumDriver.click() with args: ["00000000-0000-0053-ffff-ffff0000003c","64152942-db32-4d43-a757-cbaa09835416"]
&amp#27;[38;5;41m[64152942]&amp#27;[0m&amp#27;[38;5;-85m[AndroidUiautomator2Driver@f44b]&amp#27;[0m Matched '/element/00000000-0000-0053-ffff-ffff0000003c/click' to command name 'click'
&amp#27;[38;5;41m[64152942]&amp#27;[0m&amp#27;[38;5;-85m[AndroidUiautomator2Driver@f44b]&amp#27;[0m Proxying [POST /element/00000000-0000-0053-ffff-ffff0000003c/click] to [POST http://127.0.0.1:8200/session/1a3eb104-eb3c-4bef-b406-622cb498264b/element/00000000-0000-0053-ffff-ffff0000003c/click] with body: {"element":"00000000-0000-0053-ffff-ffff0000003c"}
&amp#27;[38;5;41m[64152942]&amp#27;[0m&amp#27;[38;5;-85m[AndroidUiautomator2Driver@f44b]&amp#27;[0m Got response with status 200: {"sessionId":"1a3eb104-eb3c-4bef-b406-622cb498264b","value":null}
&amp#27;[38;5;41m[64152942]&amp#27;[0m&amp#27;[38;5;-85m[AndroidUiautomator2Driver@f44b]&amp#27;[0m Responding to client with driver.click() result: null
&amp#27;[38;5;41m[64152942]&amp#27;[0m&amp#27;[38;5;86m[HTTP]&amp#27;[0m &amp#27;[37m<-- POST /session/64152942-db32-4d43-a757-cbaa09835416/element/00000000-0000-0053-ffff-ffff0000003c/click &amp#27;[39m&amp#27;[32m200&amp#27;[39m &amp#27;[90m109 ms - 14&amp#27;[39m &amp#27;[90m&amp#27;[39m
&amp#27;[38;5;41m[64152942]&amp#27;[0m&amp#27;[38;5;86m[HTTP]&amp#27;[0m &amp#27;[37m-->&amp#27;[39m &amp#27;[37mGET&amp#27;[39m &amp#27;[37m/session/64152942-db32-4d43-a757-cbaa09835416/context&amp#27;[39m &amp#27;[90m{}&amp#27;[39m
&amp#27;[38;5;41m[64152942]&amp#27;[0m&amp#27;[38;5;-85m[AndroidUiautomator2Driver@f44b]&amp#27;[0m Calling AppiumDriver.getCurrentContext() with args: ["64152942-db32-4d43-a757-cbaa09835416"]
&amp#27;[38;5;41m[64152942]&amp#27;[0m&amp#27;[38;5;-85m[AndroidUiautomator2Driver@f44b]&amp#27;[0m Responding to client with driver.getCurrentContext() result: "NATIVE_APP"
&amp#27;[38;5;41m[64152942]&amp#27;[0m&amp#27;[38;5;86m[HTTP]&amp#27;[0m &amp#27;[37m<-- GET /session/64152942-db32-4d43-a757-cbaa09835416/context &amp#27;[39m&amp#27;[32m200&amp#27;[39m &amp#27;[90m2 ms - 22&amp#27;[39m &amp#27;[90m&amp#27;[39m
&amp#27;[38;5;41m[64152942]&amp#27;[0m&amp#27;[38;5;86m[HTTP]&amp#27;[0m &amp#27;[37m-->&amp#27;[39m &amp#27;[37mPOST&amp#27;[39m &amp#27;[37m/session/64152942-db32-4d43-a757-cbaa09835416/element&amp#27;[39m &amp#27;[90m{"value":"android:id/text1","using":"id"}&amp#27;[39m
&amp#27;[38;5;41m[64152942]&amp#27;[0m&amp#27;[38;5;-85m[AndroidUiautomator2Driver@f44b]&amp#27;[0m Calling AppiumDriver.findElement() with args: ["id","android:id/text1","64152942-db32-4d43-a757-cbaa09835416"]
&amp#27;[38;5;41m[64152942]&amp#27;[0m&amp#27;[38;5;-85m[AndroidUiautomator2Driver@f44b]&amp#27;[0m Valid locator strategies for this request: xpath, id, class name, accessibility id, css selector, -android uiautomator
&amp#27;[38;5;41m[64152942]&amp#27;[0m&amp#27;[38;5;-85m[AndroidUiautomator2Driver@f44b]&amp#27;[0m Waiting up to 10000 ms for condition
&amp#27;[38;5;41m[64152942]&amp#27;[0m&amp#27;[38;5;-85m[AndroidUiautomator2Driver@f44b]&amp#27;[0m Matched '/element' to command name 'findElement'
&amp#27;[38;5;41m[64152942]&amp#27;[0m&amp#27;[38;5;-85m[AndroidUiautomator2Driver@f44b]&amp#27;[0m Proxying [POST /element] to [POST http://127.0.0.1:8200/session/1a3eb104-eb3c-4bef-b406-622cb498264b/element] with body: {"strategy":"id","selector":"android:id/text1","context":"","multiple":false}
&amp#27;[38;5;41m[64152942]&amp#27;[0m&amp#27;[38;5;-85m[AndroidUiautomator2Driver@f44b]&amp#27;[0m Got response with status 200: {"sessionId":"1a3eb104-eb3c-4bef-b406-622cb498264b","value":{"ELEMENT":"00000000-0000-0053-ffff-ffff00000041","element-6066-11e4-a52e-4f735466cecf":"00000000-0000-0053-ffff-ffff00000041"}}
&amp#27;[38;5;41m[64152942]&amp#27;[0m&amp#27;[38;5;-85m[AndroidUiautomator2Driver@f44b]&amp#27;[0m Responding to client with driver.findElement() result: {"element-6066-11e4-a52e-4f735466cecf":"00000000-0000-0053-ffff-ffff00000041","ELEMENT":"00000000-0000-0053-ffff-ffff00000041"}
&amp#27;[38;5;41m[64152942]&amp#27;[0m&amp#27;[38;5;86m[HTTP]&amp#27;[0m &amp#27;[37m<-- POST /session/64152942-db32-4d43-a757-cbaa09835416/element &amp#27;[39m&amp#27;[32m200&amp#27;[39m &amp#27;[90m116 ms - 137&amp#27;[39m &amp#27;[90m&amp#27;[39m
&amp#27;[38;5;41m[64152942]&amp#27;[0m&amp#27;[38;5;86m[HTTP]&amp#27;[0m &amp#27;[37m-->&amp#27;[39m &amp#27;[37mPOST&amp#27;[39m &amp#27;[37m/session/64152942-db32-4d43-a757-cbaa09835416/element/00000000-0000-0053-ffff-ffff00000041/click&amp#27;[39m &amp#27;[90m{"id":"00000000-0000-0053-ffff-ffff00000041"}&amp#27;[39m
&amp#27;[38;5;41m[64152942]&amp#27;[0m&amp#27;[38;5;-85m[AndroidUiautomator2Driver@f44b]&amp#27;[0m Calling AppiumDriver.click() with args: ["00000000-0000-0053-ffff-ffff00000041","64152942-db32-4d43-a757-cbaa09835416"]
&amp#27;[38;5;41m[64152942]&amp#27;[0m&amp#27;[38;5;-85m[AndroidUiautomator2Driver@f44b]&amp#27;[0m Matched '/element/00000000-0000-0053-ffff-ffff00000041/click' to command name 'click'
&amp#27;[38;5;41m[64152942]&amp#27;[0m&amp#27;[38;5;-85m[AndroidUiautomator2Driver@f44b]&amp#27;[0m Proxying [POST /element/00000000-0000-0053-ffff-ffff00000041/click] to [POST http://127.0.0.1:8200/session/1a3eb104-eb3c-4bef-b406-622cb498264b/element/00000000-0000-0053-ffff-ffff00000041/click] with body: {"element":"00000000-0000-0053-ffff-ffff00000041"}
&amp#27;[38;5;41m[64152942]&amp#27;[0m&amp#27;[38;5;-85m[AndroidUiautomator2Driver@f44b]&amp#27;[0m Got response with status 200: {"sessionId":"1a3eb104-eb3c-4bef-b406-622cb498264b","value":null}
&amp#27;[38;5;41m[64152942]&amp#27;[0m&amp#27;[38;5;-85m[AndroidUiautomator2Driver@f44b]&amp#27;[0m Responding to client with driver.click() result: null
&amp#27;[38;5;41m[64152942]&amp#27;[0m&amp#27;[38;5;86m[HTTP]&amp#27;[0m &amp#27;[37m<-- POST /session/64152942-db32-4d43-a757-cbaa09835416/element/00000000-0000-0053-ffff-ffff00000041/click &amp#27;[39m&amp#27;[32m200&amp#27;[39m &amp#27;[90m470 ms - 14&amp#27;[39m &amp#27;[90m&amp#27;[39m
&amp#27;[38;5;41m[64152942]&amp#27;[0m&amp#27;[38;5;86m[HTTP]&amp#27;[0m &amp#27;[37m-->&amp#27;[39m &amp#27;[37mPOST&amp#27;[39m &amp#27;[37m/session/64152942-db32-4d43-a757-cbaa09835416/element&amp#27;[39m &amp#27;[90m{"value":"new UiScrollable(new UiSelector()).scrollIntoView(text(\"Austria\"));","using":"-android uiautomator"}&amp#27;[39m
&amp#27;[38;5;41m[64152942]&amp#27;[0m&amp#27;[38;5;-85m[AndroidUiautomator2Driver@f44b]&amp#27;[0m Calling AppiumDriver.findElement() with args: ["-android uiautomator","new UiScrollable(new UiSelector()).scrollIntoView(text(\"Austria\"));","64152942-db32-4d43-a757-cbaa09835416"]
&amp#27;[38;5;41m[64152942]&amp#27;[0m&amp#27;[38;5;-85m[AndroidUiautomator2Driver@f44b]&amp#27;[0m Valid locator strategies for this request: xpath, id, class name, accessibility id, css selector, -android uiautomator
&amp#27;[38;5;41m[64152942]&amp#27;[0m&amp#27;[38;5;-85m[AndroidUiautomator2Driver@f44b]&amp#27;[0m Waiting up to 10000 ms for condition
&amp#27;[38;5;41m[64152942]&amp#27;[0m&amp#27;[38;5;-85m[AndroidUiautomator2Driver@f44b]&amp#27;[0m Matched '/element' to command name 'findElement'
&amp#27;[38;5;41m[64152942]&amp#27;[0m&amp#27;[38;5;-85m[AndroidUiautomator2Driver@f44b]&amp#27;[0m Proxying [POST /element] to [POST http://127.0.0.1:8200/session/1a3eb104-eb3c-4bef-b406-622cb498264b/element] with body: {"strategy":"-android uiautomator","selector":"new UiScrollable(new UiSelector()).scrollIntoView(text(\"Austria\"));","context":"","multiple":false}
&amp#27;[38;5;41m[64152942]&amp#27;[0m&amp#27;[38;5;-85m[AndroidUiautomator2Driver@f44b]&amp#27;[0m Got response with status 200: {"sessionId":"1a3eb104-eb3c-4bef-b406-622cb498264b","value":{"ELEMENT":"00000000-0000-0054-ffff-ffff0000004a","element-6066-11e4-a52e-4f735466cecf":"00000000-0000-0054-ffff-ffff0000004a"}}
&amp#27;[38;5;41m[64152942]&amp#27;[0m&amp#27;[38;5;-85m[AndroidUiautomator2Driver@f44b]&amp#27;[0m Responding to client with driver.findElement() result: {"element-6066-11e4-a52e-4f735466cecf":"00000000-0000-0054-ffff-ffff0000004a","ELEMENT":"00000000-0000-0054-ffff-ffff0000004a"}
&amp#27;[38;5;41m[64152942]&amp#27;[0m&amp#27;[38;5;86m[HTTP]&amp#27;[0m &amp#27;[37m<-- POST /session/64152942-db32-4d43-a757-cbaa09835416/element &amp#27;[39m&amp#27;[32m200&amp#27;[39m &amp#27;[90m6047 ms - 137&amp#27;[39m &amp#27;[90m&amp#27;[39m
&amp#27;[38;5;41m[64152942]&amp#27;[0m&amp#27;[38;5;86m[HTTP]&amp#27;[0m &amp#27;[37m-->&amp#27;[39m &amp#27;[37mPOST&amp#27;[39m &amp#27;[37m/session/64152942-db32-4d43-a757-cbaa09835416/element&amp#27;[39m &amp#27;[90m{"value":"//android.widget.TextView[@text='Austria']","using":"xpath"}&amp#27;[39m
&amp#27;[38;5;41m[64152942]&amp#27;[0m&amp#27;[38;5;-85m[AndroidUiautomator2Driver@f44b]&amp#27;[0m Calling AppiumDriver.findElement() with args: ["xpath","//android.widget.TextView[@text='Austria']","64152942-db32-4d43-a757-cbaa09835416"]
&amp#27;[38;5;41m[64152942]&amp#27;[0m&amp#27;[38;5;-85m[AndroidUiautomator2Driver@f44b]&amp#27;[0m Valid locator strategies for this request: xpath, id, class name, accessibility id, css selector, -android uiautomator
&amp#27;[38;5;41m[64152942]&amp#27;[0m&amp#27;[38;5;-85m[AndroidUiautomator2Driver@f44b]&amp#27;[0m Waiting up to 10000 ms for condition
&amp#27;[38;5;41m[64152942]&amp#27;[0m&amp#27;[38;5;-85m[AndroidUiautomator2Driver@f44b]&amp#27;[0m Matched '/element' to command name 'findElement'
&amp#27;[38;5;41m[64152942]&amp#27;[0m&amp#27;[38;5;-85m[AndroidUiautomator2Driver@f44b]&amp#27;[0m Proxying [POST /element] to [POST http://127.0.0.1:8200/session/1a3eb104-eb3c-4bef-b406-622cb498264b/element] with body: {"strategy":"xpath","selector":"//android.widget.TextView[@text='Austria']","context":"","multiple":false}
&amp#27;[38;5;41m[64152942]&amp#27;[0m&amp#27;[38;5;-85m[AndroidUiautomator2Driver@f44b]&amp#27;[0m Got response with status 200: {"sessionId":"1a3eb104-eb3c-4bef-b406-622cb498264b","value":{"ELEMENT":"00000000-0000-0054-ffff-ffff0000004a","element-6066-11e4-a52e-4f735466cecf":"00000000-0000-0054-ffff-ffff0000004a"}}
&amp#27;[38;5;41m[64152942]&amp#27;[0m&amp#27;[38;5;-85m[AndroidUiautomator2Driver@f44b]&amp#27;[0m Responding to client with driver.findElement() result: {"element-6066-11e4-a52e-4f735466cecf":"00000000-0000-0054-ffff-ffff0000004a","ELEMENT":"00000000-0000-0054-ffff-ffff0000004a"}
&amp#27;[38;5;41m[64152942]&amp#27;[0m&amp#27;[38;5;86m[HTTP]&amp#27;[0m &amp#27;[37m<-- POST /session/64152942-db32-4d43-a757-cbaa09835416/element &amp#27;[39m&amp#27;[32m200&amp#27;[39m &amp#27;[90m810 ms - 137&amp#27;[39m &amp#27;[90m&amp#27;[39m
&amp#27;[38;5;41m[64152942]&amp#27;[0m&amp#27;[38;5;86m[HTTP]&amp#27;[0m &amp#27;[37m-->&amp#27;[39m &amp#27;[37mPOST&amp#27;[39m &amp#27;[37m/session/64152942-db32-4d43-a757-cbaa09835416/element/00000000-0000-0054-ffff-ffff0000004a/click&amp#27;[39m &amp#27;[90m{"id":"00000000-0000-0054-ffff-ffff0000004a"}&amp#27;[39m
&amp#27;[38;5;41m[64152942]&amp#27;[0m&amp#27;[38;5;-85m[AndroidUiautomator2Driver@f44b]&amp#27;[0m Calling AppiumDriver.click() with args: ["00000000-0000-0054-ffff-ffff0000004a","64152942-db32-4d43-a757-cbaa09835416"]
&amp#27;[38;5;41m[64152942]&amp#27;[0m&amp#27;[38;5;-85m[AndroidUiautomator2Driver@f44b]&amp#27;[0m Matched '/element/00000000-0000-0054-ffff-ffff0000004a/click' to command name 'click'
&amp#27;[38;5;41m[64152942]&amp#27;[0m&amp#27;[38;5;-85m[AndroidUiautomator2Driver@f44b]&amp#27;[0m Proxying [POST /element/00000000-0000-0054-ffff-ffff0000004a/click] to [POST http://127.0.0.1:8200/session/1a3eb104-eb3c-4bef-b406-622cb498264b/element/00000000-0000-0054-ffff-ffff0000004a/click] with body: {"element":"00000000-0000-0054-ffff-ffff0000004a"}
&amp#27;[38;5;41m[64152942]&amp#27;[0m&amp#27;[38;5;-85m[AndroidUiautomator2Driver@f44b]&amp#27;[0m Got response with status 200: {"sessionId":"1a3eb104-eb3c-4bef-b406-622cb498264b","value":null}
&amp#27;[38;5;41m[64152942]&amp#27;[0m&amp#27;[38;5;-85m[AndroidUiautomator2Driver@f44b]&amp#27;[0m Responding to client with driver.click() result: null
&amp#27;[38;5;41m[64152942]&amp#27;[0m&amp#27;[38;5;86m[HTTP]&amp#27;[0m &amp#27;[37m<-- POST /session/64152942-db32-4d43-a757-cbaa09835416/element/00000000-0000-0054-ffff-ffff0000004a/click &amp#27;[39m&amp#27;[32m200&amp#27;[39m &amp#27;[90m773 ms - 14&amp#27;[39m &amp#27;[90m&amp#27;[39m
&amp#27;[38;5;41m[64152942]&amp#27;[0m&amp#27;[38;5;86m[HTTP]&amp#27;[0m &amp#27;[37m-->&amp#27;[39m &amp#27;[37mGET&amp#27;[39m &amp#27;[37m/session/64152942-db32-4d43-a757-cbaa09835416/context&amp#27;[39m &amp#27;[90m{}&amp#27;[39m
&amp#27;[38;5;41m[64152942]&amp#27;[0m&amp#27;[38;5;-85m[AndroidUiautomator2Driver@f44b]&amp#27;[0m Calling AppiumDriver.getCurrentContext() with args: ["64152942-db32-4d43-a757-cbaa09835416"]
&amp#27;[38;5;41m[64152942]&amp#27;[0m&amp#27;[38;5;-85m[AndroidUiautomator2Driver@f44b]&amp#27;[0m Responding to client with driver.getCurrentContext() result: "NATIVE_APP"
&amp#27;[38;5;41m[64152942]&amp#27;[0m&amp#27;[38;5;86m[HTTP]&amp#27;[0m &amp#27;[37m<-- GET /session/64152942-db32-4d43-a757-cbaa09835416/context &amp#27;[39m&amp#27;[32m200&amp#27;[39m &amp#27;[90m2 ms - 22&amp#27;[39m &amp#27;[90m&amp#27;[39m
&amp#27;[38;5;41m[64152942]&amp#27;[0m&amp#27;[38;5;86m[HTTP]&amp#27;[0m &amp#27;[37m-->&amp#27;[39m &amp#27;[37mPOST&amp#27;[39m &amp#27;[37m/session/64152942-db32-4d43-a757-cbaa09835416/element&amp#27;[39m &amp#27;[90m{"value":"com.androidsample.generalstore:id/btnLetsShop","using":"id"}&amp#27;[39m
&amp#27;[38;5;41m[64152942]&amp#27;[0m&amp#27;[38;5;-85m[AndroidUiautomator2Driver@f44b]&amp#27;[0m Calling AppiumDriver.findElement() with args: ["id","com.androidsample.generalstore:id/btnLetsShop","64152942-db32-4d43-a757-cbaa09835416"]
&amp#27;[38;5;41m[64152942]&amp#27;[0m&amp#27;[38;5;-85m[AndroidUiautomator2Driver@f44b]&amp#27;[0m Valid locator strategies for this request: xpath, id, class name, accessibility id, css selector, -android uiautomator
&amp#27;[38;5;41m[64152942]&amp#27;[0m&amp#27;[38;5;-85m[AndroidUiautomator2Driver@f44b]&amp#27;[0m Waiting up to 10000 ms for condition
&amp#27;[38;5;41m[64152942]&amp#27;[0m&amp#27;[38;5;-85m[AndroidUiautomator2Driver@f44b]&amp#27;[0m Matched '/element' to command name 'findElement'
&amp#27;[38;5;41m[64152942]&amp#27;[0m&amp#27;[38;5;-85m[AndroidUiautomator2Driver@f44b]&amp#27;[0m Proxying [POST /element] to [POST http://127.0.0.1:8200/session/1a3eb104-eb3c-4bef-b406-622cb498264b/element] with body: {"strategy":"id","selector":"com.androidsample.generalstore:id/btnLetsShop","context":"","multiple":false}
&amp#27;[38;5;41m[64152942]&amp#27;[0m&amp#27;[38;5;-85m[AndroidUiautomator2Driver@f44b]&amp#27;[0m Got response with status 200: {"sessionId":"1a3eb104-eb3c-4bef-b406-622cb498264b","value":{"ELEMENT":"00000000-0000-0053-ffff-ffff0000003e","element-6066-11e4-a52e-4f735466cecf":"00000000-0000-0053-ffff-ffff0000003e"}}
&amp#27;[38;5;41m[64152942]&amp#27;[0m&amp#27;[38;5;-85m[AndroidUiautomator2Driver@f44b]&amp#27;[0m Responding to client with driver.findElement() result: {"element-6066-11e4-a52e-4f735466cecf":"00000000-0000-0053-ffff-ffff0000003e","ELEMENT":"00000000-0000-0053-ffff-ffff0000003e"}
&amp#27;[38;5;41m[64152942]&amp#27;[0m&amp#27;[38;5;86m[HTTP]&amp#27;[0m &amp#27;[37m<-- POST /session/64152942-db32-4d43-a757-cbaa09835416/element &amp#27;[39m&amp#27;[32m200&amp#27;[39m &amp#27;[90m65 ms - 137&amp#27;[39m &amp#27;[90m&amp#27;[39m
&amp#27;[38;5;41m[64152942]&amp#27;[0m&amp#27;[38;5;86m[HTTP]&amp#27;[0m &amp#27;[37m-->&amp#27;[39m &amp#27;[37mPOST&amp#27;[39m &amp#27;[37m/session/64152942-db32-4d43-a757-cbaa09835416/element/00000000-0000-0053-ffff-ffff0000003e/click&amp#27;[39m &amp#27;[90m{"id":"00000000-0000-0053-ffff-ffff0000003e"}&amp#27;[39m
&amp#27;[38;5;41m[64152942]&amp#27;[0m&amp#27;[38;5;-85m[AndroidUiautomator2Driver@f44b]&amp#27;[0m Calling AppiumDriver.click() with args: ["00000000-0000-0053-ffff-ffff0000003e","64152942-db32-4d43-a757-cbaa09835416"]
&amp#27;[38;5;41m[64152942]&amp#27;[0m&amp#27;[38;5;-85m[AndroidUiautomator2Driver@f44b]&amp#27;[0m Matched '/element/00000000-0000-0053-ffff-ffff0000003e/click' to command name 'click'
&amp#27;[38;5;41m[64152942]&amp#27;[0m&amp#27;[38;5;-85m[AndroidUiautomator2Driver@f44b]&amp#27;[0m Proxying [POST /element/00000000-0000-0053-ffff-ffff0000003e/click] to [POST http://127.0.0.1:8200/session/1a3eb104-eb3c-4bef-b406-622cb498264b/element/00000000-0000-0053-ffff-ffff0000003e/click] with body: {"element":"00000000-0000-0053-ffff-ffff0000003e"}
&amp#27;[38;5;41m[64152942]&amp#27;[0m&amp#27;[38;5;-85m[AndroidUiautomator2Driver@f44b]&amp#27;[0m Got response with status 200: {"sessionId":"1a3eb104-eb3c-4bef-b406-622cb498264b","value":null}
&amp#27;[38;5;41m[64152942]&amp#27;[0m&amp#27;[38;5;-85m[AndroidUiautomator2Driver@f44b]&amp#27;[0m Responding to client with driver.click() result: null
&amp#27;[38;5;41m[64152942]&amp#27;[0m&amp#27;[38;5;86m[HTTP]&amp#27;[0m &amp#27;[37m<-- POST /session/64152942-db32-4d43-a757-cbaa09835416/element/00000000-0000-0053-ffff-ffff0000003e/click &amp#27;[39m&amp#27;[32m200&amp#27;[39m &amp#27;[90m85 ms - 14&amp#27;[39m &amp#27;[90m&amp#27;[39m
&amp#27;[38;5;41m[64152942]&amp#27;[0m&amp#27;[38;5;86m[HTTP]&amp#27;[0m &amp#27;[37m-->&amp#27;[39m &amp#27;[37mGET&amp#27;[39m &amp#27;[37m/session/64152942-db32-4d43-a757-cbaa09835416/context&amp#27;[39m &amp#27;[90m{}&amp#27;[39m
&amp#27;[38;5;41m[64152942]&amp#27;[0m&amp#27;[38;5;-85m[AndroidUiautomator2Driver@f44b]&amp#27;[0m Calling AppiumDriver.getCurrentContext() with args: ["64152942-db32-4d43-a757-cbaa09835416"]
&amp#27;[38;5;41m[64152942]&amp#27;[0m&amp#27;[38;5;-85m[AndroidUiautomator2Driver@f44b]&amp#27;[0m Responding to client with driver.getCurrentContext() result: "NATIVE_APP"
&amp#27;[38;5;41m[64152942]&amp#27;[0m&amp#27;[38;5;86m[HTTP]&amp#27;[0m &amp#27;[37m<-- GET /session/64152942-db32-4d43-a757-cbaa09835416/context &amp#27;[39m&amp#27;[32m200&amp#27;[39m &amp#27;[90m2 ms - 22&amp#27;[39m &amp#27;[90m&amp#27;[39m
&amp#27;[38;5;41m[64152942]&amp#27;[0m&amp#27;[38;5;86m[HTTP]&amp#27;[0m &amp#27;[37m-->&amp#27;[39m &amp#27;[37mPOST&amp#27;[39m &amp#27;[37m/session/64152942-db32-4d43-a757-cbaa09835416/elements&amp#27;[39m &amp#27;[90m{"value":"(//android.widget.TextView[@text='ADD TO CART'])","using":"xpath"}&amp#27;[39m
&amp#27;[38;5;41m[64152942]&amp#27;[0m&amp#27;[38;5;-85m[AndroidUiautomator2Driver@f44b]&amp#27;[0m Calling AppiumDriver.findElements() with args: ["xpath","(//android.widget.TextView[@text='ADD TO CART'])","64152942-db32-4d43-a757-cbaa09835416"]
&amp#27;[38;5;41m[64152942]&amp#27;[0m&amp#27;[38;5;-85m[AndroidUiautomator2Driver@f44b]&amp#27;[0m Valid locator strategies for this request: xpath, id, class name, accessibility id, css selector, -android uiautomator
&amp#27;[38;5;41m[64152942]&amp#27;[0m&amp#27;[38;5;-85m[AndroidUiautomator2Driver@f44b]&amp#27;[0m Waiting up to 10000 ms for condition
&amp#27;[38;5;41m[64152942]&amp#27;[0m&amp#27;[38;5;-85m[AndroidUiautomator2Driver@f44b]&amp#27;[0m Matched '/elements' to command name 'findElements'
&amp#27;[38;5;41m[64152942]&amp#27;[0m&amp#27;[38;5;-85m[AndroidUiautomator2Driver@f44b]&amp#27;[0m Proxying [POST /elements] to [POST http://127.0.0.1:8200/session/1a3eb104-eb3c-4bef-b406-622cb498264b/elements] with body: {"strategy":"xpath","selector":"(//android.widget.TextView[@text='ADD TO CART'])","context":"","multiple":true}
&amp#27;[38;5;41m[64152942]&amp#27;[0m&amp#27;[38;5;-85m[AndroidUiautomator2Driver@f44b]&amp#27;[0m Got response with status 200: {"sessionId":"1a3eb104-eb3c-4bef-b406-622cb498264b","value":[]}
&amp#27;[38;5;41m[64152942]&amp#27;[0m&amp#27;[38;5;-85m[AndroidUiautomator2Driver@f44b]&amp#27;[0m Waited for 987 ms so far
&amp#27;[38;5;41m[64152942]&amp#27;[0m&amp#27;[38;5;-85m[AndroidUiautomator2Driver@f44b]&amp#27;[0m Matched '/elements' to command name 'findElements'
&amp#27;[38;5;41m[64152942]&amp#27;[0m&amp#27;[38;5;-85m[AndroidUiautomator2Driver@f44b]&amp#27;[0m Proxying [POST /elements] to [POST http://127.0.0.1:8200/session/1a3eb104-eb3c-4bef-b406-622cb498264b/elements] with body: {"strategy":"xpath","selector":"(//android.widget.TextView[@text='ADD TO CART'])","context":"","multiple":true}
&amp#27;[38;5;41m[64152942]&amp#27;[0m&amp#27;[38;5;-85m[AndroidUiautomator2Driver@f44b]&amp#27;[0m Got response with status 200: {"sessionId":"1a3eb104-eb3c-4bef-b406-622cb498264b","value":[{"ELEMENT":"00000000-0000-0055-ffff-ffff0000006d","element-6066-11e4-a52e-4f735466cecf":"00000000-0000-0055-ffff-ffff0000006d"},{"ELEMENT":"00000000-0000-0055-ffff-ffff00000075","element-6066-11e4-a52e-4f735466cecf":"00000000-0000-0055-ffff-ffff00000075"}]}
&amp#27;[38;5;41m[64152942]&amp#27;[0m&amp#27;[38;5;-85m[AndroidUiautomator2Driver@f44b]&amp#27;[0m Responding to client with driver.findElements() result: [{"element-6066-11e4-a52e-4f735466cecf":"00000000-0000-0055-ffff-ffff0000006d","ELEMENT":"00000000-0000-0055-ffff-ffff0000006d"},{"element-6066-11e4-a52e-4f735466cecf":"00000000-0000-0055-ffff-ffff00000075","ELEMENT":"00000000-0000-0055-ffff-ffff00000075"}]
&amp#27;[38;5;41m[64152942]&amp#27;[0m&amp#27;[38;5;86m[HTTP]&amp#27;[0m &amp#27;[37m<-- POST /session/64152942-db32-4d43-a757-cbaa09835416/elements &amp#27;[39m&amp#27;[32m200&amp#27;[39m &amp#27;[90m1741 ms - 267&amp#27;[39m &amp#27;[90m&amp#27;[39m
&amp#27;[38;5;41m[64152942]&amp#27;[0m&amp#27;[38;5;86m[HTTP]&amp#27;[0m &amp#27;[37m-->&amp#27;[39m &amp#27;[37mPOST&amp#27;[39m &amp#27;[37m/session/64152942-db32-4d43-a757-cbaa09835416/element/00000000-0000-0055-ffff-ffff0000006d/click&amp#27;[39m &amp#27;[90m{"id":"00000000-0000-0055-ffff-ffff0000006d"}&amp#27;[39m
&amp#27;[38;5;41m[64152942]&amp#27;[0m&amp#27;[38;5;-85m[AndroidUiautomator2Driver@f44b]&amp#27;[0m Calling AppiumDriver.click() with args: ["00000000-0000-0055-ffff-ffff0000006d","64152942-db32-4d43-a757-cbaa09835416"]
&amp#27;[38;5;41m[64152942]&amp#27;[0m&amp#27;[38;5;-85m[AndroidUiautomator2Driver@f44b]&amp#27;[0m Matched '/element/00000000-0000-0055-ffff-ffff0000006d/click' to command name 'click'
&amp#27;[38;5;41m[64152942]&amp#27;[0m&amp#27;[38;5;-85m[AndroidUiautomator2Driver@f44b]&amp#27;[0m Proxying [POST /element/00000000-0000-0055-ffff-ffff0000006d/click] to [POST http://127.0.0.1:8200/session/1a3eb104-eb3c-4bef-b406-622cb498264b/element/00000000-0000-0055-ffff-ffff0000006d/click] with body: {"element":"00000000-0000-0055-ffff-ffff0000006d"}
&amp#27;[38;5;41m[64152942]&amp#27;[0m&amp#27;[38;5;-85m[AndroidUiautomator2Driver@f44b]&amp#27;[0m Got response with status 200: {"sessionId":"1a3eb104-eb3c-4bef-b406-622cb498264b","value":null}
&amp#27;[38;5;41m[64152942]&amp#27;[0m&amp#27;[38;5;-85m[AndroidUiautomator2Driver@f44b]&amp#27;[0m Responding to client with driver.click() result: null
&amp#27;[38;5;41m[64152942]&amp#27;[0m&amp#27;[38;5;86m[HTTP]&amp#27;[0m &amp#27;[37m<-- POST /session/64152942-db32-4d43-a757-cbaa09835416/element/00000000-0000-0055-ffff-ffff0000006d/click &amp#27;[39m&amp#27;[32m200&amp#27;[39m &amp#27;[90m120 ms - 14&amp#27;[39m &amp#27;[90m&amp#27;[39m
&amp#27;[38;5;41m[64152942]&amp#27;[0m&amp#27;[38;5;86m[HTTP]&amp#27;[0m &amp#27;[37m-->&amp#27;[39m &amp#27;[37mGET&amp#27;[39m &amp#27;[37m/session/64152942-db32-4d43-a757-cbaa09835416/context&amp#27;[39m &amp#27;[90m{}&amp#27;[39m
&amp#27;[38;5;41m[64152942]&amp#27;[0m&amp#27;[38;5;-85m[AndroidUiautomator2Driver@f44b]&amp#27;[0m Calling AppiumDriver.getCurrentContext() with args: ["64152942-db32-4d43-a757-cbaa09835416"]
&amp#27;[38;5;41m[64152942]&amp#27;[0m&amp#27;[38;5;-85m[AndroidUiautomator2Driver@f44b]&amp#27;[0m Responding to client with driver.getCurrentContext() result: "NATIVE_APP"
&amp#27;[38;5;41m[64152942]&amp#27;[0m&amp#27;[38;5;86m[HTTP]&amp#27;[0m &amp#27;[37m<-- GET /session/64152942-db32-4d43-a757-cbaa09835416/context &amp#27;[39m&amp#27;[32m200&amp#27;[39m &amp#27;[90m3 ms - 22&amp#27;[39m &amp#27;[90m&amp#27;[39m
&amp#27;[38;5;41m[64152942]&amp#27;[0m&amp#27;[38;5;86m[HTTP]&amp#27;[0m &amp#27;[37m-->&amp#27;[39m &amp#27;[37mPOST&amp#27;[39m &amp#27;[37m/session/64152942-db32-4d43-a757-cbaa09835416/elements&amp#27;[39m &amp#27;[90m{"value":"(//android.widget.TextView[@text='ADD TO CART'])","using":"xpath"}&amp#27;[39m
&amp#27;[38;5;41m[64152942]&amp#27;[0m&amp#27;[38;5;-85m[AndroidUiautomator2Driver@f44b]&amp#27;[0m Calling AppiumDriver.findElements() with args: ["xpath","(//android.widget.TextView[@text='ADD TO CART'])","64152942-db32-4d43-a757-cbaa09835416"]
&amp#27;[38;5;41m[64152942]&amp#27;[0m&amp#27;[38;5;-85m[AndroidUiautomator2Driver@f44b]&amp#27;[0m Valid locator strategies for this request: xpath, id, class name, accessibility id, css selector, -android uiautomator
&amp#27;[38;5;41m[64152942]&amp#27;[0m&amp#27;[38;5;-85m[AndroidUiautomator2Driver@f44b]&amp#27;[0m Waiting up to 10000 ms for condition
&amp#27;[38;5;41m[64152942]&amp#27;[0m&amp#27;[38;5;-85m[AndroidUiautomator2Driver@f44b]&amp#27;[0m Matched '/elements' to command name 'findElements'
&amp#27;[38;5;41m[64152942]&amp#27;[0m&amp#27;[38;5;-85m[AndroidUiautomator2Driver@f44b]&amp#27;[0m Proxying [POST /elements] to [POST http://127.0.0.1:8200/session/1a3eb104-eb3c-4bef-b406-622cb498264b/elements] with body: {"strategy":"xpath","selector":"(//android.widget.TextView[@text='ADD TO CART'])","context":"","multiple":true}
&amp#27;[38;5;41m[64152942]&amp#27;[0m&amp#27;[38;5;-85m[AndroidUiautomator2Driver@f44b]&amp#27;[0m Got response with status 200: {"sessionId":"1a3eb104-eb3c-4bef-b406-622cb498264b","value":[{"ELEMENT":"00000000-0000-0055-ffff-ffff00000075","element-6066-11e4-a52e-4f735466cecf":"00000000-0000-0055-ffff-ffff00000075"}]}
&amp#27;[38;5;41m[64152942]&amp#27;[0m&amp#27;[38;5;-85m[AndroidUiautomator2Driver@f44b]&amp#27;[0m Responding to client with driver.findElements() result: [{"element-6066-11e4-a52e-4f735466cecf":"00000000-0000-0055-ffff-ffff00000075","ELEMENT":"00000000-0000-0055-ffff-ffff00000075"}]
&amp#27;[38;5;41m[64152942]&amp#27;[0m&amp#27;[38;5;86m[HTTP]&amp#27;[0m &amp#27;[37m<-- POST /session/64152942-db32-4d43-a757-cbaa09835416/elements &amp#27;[39m&amp#27;[32m200&amp#27;[39m &amp#27;[90m566 ms - 139&amp#27;[39m &amp#27;[90m&amp#27;[39m
&amp#27;[38;5;41m[64152942]&amp#27;[0m&amp#27;[38;5;86m[HTTP]&amp#27;[0m &amp#27;[37m-->&amp#27;[39m &amp#27;[37mPOST&amp#27;[39m &amp#27;[37m/session/64152942-db32-4d43-a757-cbaa09835416/element/00000000-0000-0055-ffff-ffff00000075/click&amp#27;[39m &amp#27;[90m{"id":"00000000-0000-0055-ffff-ffff00000075"}&amp#27;[39m
&amp#27;[38;5;41m[64152942]&amp#27;[0m&amp#27;[38;5;-85m[AndroidUiautomator2Driver@f44b]&amp#27;[0m Calling AppiumDriver.click() with args: ["00000000-0000-0055-ffff-ffff00000075","64152942-db32-4d43-a757-cbaa09835416"]
&amp#27;[38;5;41m[64152942]&amp#27;[0m&amp#27;[38;5;-85m[AndroidUiautomator2Driver@f44b]&amp#27;[0m Matched '/element/00000000-0000-0055-ffff-ffff00000075/click' to command name 'click'
&amp#27;[38;5;41m[64152942]&amp#27;[0m&amp#27;[38;5;-85m[AndroidUiautomator2Driver@f44b]&amp#27;[0m Proxying [POST /element/00000000-0000-0055-ffff-ffff00000075/click] to [POST http://127.0.0.1:8200/session/1a3eb104-eb3c-4bef-b406-622cb498264b/element/00000000-0000-0055-ffff-ffff00000075/click] with body: {"element":"00000000-0000-0055-ffff-ffff00000075"}
&amp#27;[38;5;41m[64152942]&amp#27;[0m&amp#27;[38;5;-85m[AndroidUiautomator2Driver@f44b]&amp#27;[0m Got response with status 200: {"sessionId":"1a3eb104-eb3c-4bef-b406-622cb498264b","value":null}
&amp#27;[38;5;41m[64152942]&amp#27;[0m&amp#27;[38;5;-85m[AndroidUiautomator2Driver@f44b]&amp#27;[0m Responding to client with driver.click() result: null
&amp#27;[38;5;41m[64152942]&amp#27;[0m&amp#27;[38;5;86m[HTTP]&amp#27;[0m &amp#27;[37m<-- POST /session/64152942-db32-4d43-a757-cbaa09835416/element/00000000-0000-0055-ffff-ffff00000075/click &amp#27;[39m&amp#27;[32m200&amp#27;[39m &amp#27;[90m548 ms - 14&amp#27;[39m &amp#27;[90m&amp#27;[39m
&amp#27;[38;5;41m[64152942]&amp#27;[0m&amp#27;[38;5;86m[HTTP]&amp#27;[0m &amp#27;[37m-->&amp#27;[39m &amp#27;[37mGET&amp#27;[39m &amp#27;[37m/session/64152942-db32-4d43-a757-cbaa09835416/context&amp#27;[39m &amp#27;[90m{}&amp#27;[39m
&amp#27;[38;5;41m[64152942]&amp#27;[0m&amp#27;[38;5;-85m[AndroidUiautomator2Driver@f44b]&amp#27;[0m Calling AppiumDriver.getCurrentContext() with args: ["64152942-db32-4d43-a757-cbaa09835416"]
&amp#27;[38;5;41m[64152942]&amp#27;[0m&amp#27;[38;5;-85m[AndroidUiautomator2Driver@f44b]&amp#27;[0m Responding to client with driver.getCurrentContext() result: "NATIVE_APP"
&amp#27;[38;5;41m[64152942]&amp#27;[0m&amp#27;[38;5;86m[HTTP]&amp#27;[0m &amp#27;[37m<-- GET /session/64152942-db32-4d43-a757-cbaa09835416/context &amp#27;[39m&amp#27;[32m200&amp#27;[39m &amp#27;[90m2 ms - 22&amp#27;[39m &amp#27;[90m&amp#27;[39m
&amp#27;[38;5;41m[64152942]&amp#27;[0m&amp#27;[38;5;86m[HTTP]&amp#27;[0m &amp#27;[37m-->&amp#27;[39m &amp#27;[37mPOST&amp#27;[39m &amp#27;[37m/session/64152942-db32-4d43-a757-cbaa09835416/element&amp#27;[39m &amp#27;[90m{"value":"com.androidsample.generalstore:id/appbar_btn_cart","using":"id"}&amp#27;[39m
&amp#27;[38;5;41m[64152942]&amp#27;[0m&amp#27;[38;5;-85m[AndroidUiautomator2Driver@f44b]&amp#27;[0m Calling AppiumDriver.findElement() with args: ["id","com.androidsample.generalstore:id/appbar_btn_cart","64152942-db32-4d43-a757-cbaa09835416"]
&amp#27;[38;5;41m[64152942]&amp#27;[0m&amp#27;[38;5;-85m[AndroidUiautomator2Driver@f44b]&amp#27;[0m Valid locator strategies for this request: xpath, id, class name, accessibility id, css selector, -android uiautomator
&amp#27;[38;5;41m[64152942]&amp#27;[0m&amp#27;[38;5;-85m[AndroidUiautomator2Driver@f44b]&amp#27;[0m Waiting up to 10000 ms for condition
&amp#27;[38;5;41m[64152942]&amp#27;[0m&amp#27;[38;5;-85m[AndroidUiautomator2Driver@f44b]&amp#27;[0m Matched '/element' to command name 'findElement'
&amp#27;[38;5;41m[64152942]&amp#27;[0m&amp#27;[38;5;-85m[AndroidUiautomator2Driver@f44b]&amp#27;[0m Proxying [POST /element] to [POST http://127.0.0.1:8200/session/1a3eb104-eb3c-4bef-b406-622cb498264b/element] with body: {"strategy":"id","selector":"com.androidsample.generalstore:id/appbar_btn_cart","context":"","multiple":false}
&amp#27;[38;5;41m[64152942]&amp#27;[0m&amp#27;[38;5;-85m[AndroidUiautomator2Driver@f44b]&amp#27;[0m Got response with status 200: {"sessionId":"1a3eb104-eb3c-4bef-b406-622cb498264b","value":{"ELEMENT":"00000000-0000-0055-ffff-ffff00000060","element-6066-11e4-a52e-4f735466cecf":"00000000-0000-0055-ffff-ffff00000060"}}
&amp#27;[38;5;41m[64152942]&amp#27;[0m&amp#27;[38;5;-85m[AndroidUiautomator2Driver@f44b]&amp#27;[0m Responding to client with driver.findElement() result: {"element-6066-11e4-a52e-4f735466cecf":"00000000-0000-0055-ffff-ffff00000060","ELEMENT":"00000000-0000-0055-ffff-ffff00000060"}
&amp#27;[38;5;41m[64152942]&amp#27;[0m&amp#27;[38;5;86m[HTTP]&amp#27;[0m &amp#27;[37m<-- POST /session/64152942-db32-4d43-a757-cbaa09835416/element &amp#27;[39m&amp#27;[32m200&amp#27;[39m &amp#27;[90m41 ms - 137&amp#27;[39m &amp#27;[90m&amp#27;[39m
&amp#27;[38;5;41m[64152942]&amp#27;[0m&amp#27;[38;5;86m[HTTP]&amp#27;[0m &amp#27;[37m-->&amp#27;[39m &amp#27;[37mPOST&amp#27;[39m &amp#27;[37m/session/64152942-db32-4d43-a757-cbaa09835416/element/00000000-0000-0055-ffff-ffff00000060/click&amp#27;[39m &amp#27;[90m{"id":"00000000-0000-0055-ffff-ffff00000060"}&amp#27;[39m
&amp#27;[38;5;41m[64152942]&amp#27;[0m&amp#27;[38;5;-85m[AndroidUiautomator2Driver@f44b]&amp#27;[0m Calling AppiumDriver.click() with args: ["00000000-0000-0055-ffff-ffff00000060","64152942-db32-4d43-a757-cbaa09835416"]
&amp#27;[38;5;41m[64152942]&amp#27;[0m&amp#27;[38;5;-85m[AndroidUiautomator2Driver@f44b]&amp#27;[0m Matched '/element/00000000-0000-0055-ffff-ffff00000060/click' to command name 'click'
&amp#27;[38;5;41m[64152942]&amp#27;[0m&amp#27;[38;5;-85m[AndroidUiautomator2Driver@f44b]&amp#27;[0m Proxying [POST /element/00000000-0000-0055-ffff-ffff00000060/click] to [POST http://127.0.0.1:8200/session/1a3eb104-eb3c-4bef-b406-622cb498264b/element/00000000-0000-0055-ffff-ffff00000060/click] with body: {"element":"00000000-0000-0055-ffff-ffff00000060"}
&amp#27;[38;5;41m[64152942]&amp#27;[0m&amp#27;[38;5;-85m[AndroidUiautomator2Driver@f44b]&amp#27;[0m Got response with status 200: {"sessionId":"1a3eb104-eb3c-4bef-b406-622cb498264b","value":null}
&amp#27;[38;5;41m[64152942]&amp#27;[0m&amp#27;[38;5;-85m[AndroidUiautomator2Driver@f44b]&amp#27;[0m Responding to client with driver.click() result: null
&amp#27;[38;5;41m[64152942]&amp#27;[0m&amp#27;[38;5;86m[HTTP]&amp#27;[0m &amp#27;[37m<-- POST /session/64152942-db32-4d43-a757-cbaa09835416/element/00000000-0000-0055-ffff-ffff00000060/click &amp#27;[39m&amp#27;[32m200&amp#27;[39m &amp#27;[90m136 ms - 14&amp#27;[39m &amp#27;[90m&amp#27;[39m
&amp#27;[38;5;41m[64152942]&amp#27;[0m&amp#27;[38;5;86m[HTTP]&amp#27;[0m &amp#27;[37m-->&amp#27;[39m &amp#27;[37mGET&amp#27;[39m &amp#27;[37m/session/64152942-db32-4d43-a757-cbaa09835416/context&amp#27;[39m &amp#27;[90m{}&amp#27;[39m
&amp#27;[38;5;41m[64152942]&amp#27;[0m&amp#27;[38;5;-85m[AndroidUiautomator2Driver@f44b]&amp#27;[0m Calling AppiumDriver.getCurrentContext() with args: ["64152942-db32-4d43-a757-cbaa09835416"]
&amp#27;[38;5;41m[64152942]&amp#27;[0m&amp#27;[38;5;-85m[AndroidUiautomator2Driver@f44b]&amp#27;[0m Responding to client with driver.getCurrentContext() result: "NATIVE_APP"
&amp#27;[38;5;41m[64152942]&amp#27;[0m&amp#27;[38;5;86m[HTTP]&amp#27;[0m &amp#27;[37m<-- GET /session/64152942-db32-4d43-a757-cbaa09835416/context &amp#27;[39m&amp#27;[32m200&amp#27;[39m &amp#27;[90m2 ms - 22&amp#27;[39m &amp#27;[90m&amp#27;[39m
&amp#27;[38;5;41m[64152942]&amp#27;[0m&amp#27;[38;5;86m[HTTP]&amp#27;[0m &amp#27;[37m-->&amp#27;[39m &amp#27;[37mPOST&amp#27;[39m &amp#27;[37m/session/64152942-db32-4d43-a757-cbaa09835416/elements&amp#27;[39m &amp#27;[90m{"value":"com.androidsample.generalstore:id/productPrice","using":"id"}&amp#27;[39m
&amp#27;[38;5;41m[64152942]&amp#27;[0m&amp#27;[38;5;-85m[AndroidUiautomator2Driver@f44b]&amp#27;[0m Calling AppiumDriver.findElements() with args: ["id","com.androidsample.generalstore:id/productPrice","64152942-db32-4d43-a757-cbaa09835416"]
&amp#27;[38;5;41m[64152942]&amp#27;[0m&amp#27;[38;5;-85m[AndroidUiautomator2Driver@f44b]&amp#27;[0m Valid locator strategies for this request: xpath, id, class name, accessibility id, css selector, -android uiautomator
&amp#27;[38;5;41m[64152942]&amp#27;[0m&amp#27;[38;5;-85m[AndroidUiautomator2Driver@f44b]&amp#27;[0m Waiting up to 10000 ms for condition
&amp#27;[38;5;41m[64152942]&amp#27;[0m&amp#27;[38;5;-85m[AndroidUiautomator2Driver@f44b]&amp#27;[0m Matched '/elements' to command name 'findElements'
&amp#27;[38;5;41m[64152942]&amp#27;[0m&amp#27;[38;5;-85m[AndroidUiautomator2Driver@f44b]&amp#27;[0m Proxying [POST /elements] to [POST http://127.0.0.1:8200/session/1a3eb104-eb3c-4bef-b406-622cb498264b/elements] with body: {"strategy":"id","selector":"com.androidsample.generalstore:id/productPrice","context":"","multiple":true}
&amp#27;[38;5;41m[64152942]&amp#27;[0m&amp#27;[38;5;-85m[AndroidUiautomator2Driver@f44b]&amp#27;[0m Got response with status 200: {"sessionId":"1a3eb104-eb3c-4bef-b406-622cb498264b","value":[{"ELEMENT":"00000000-0000-0056-ffff-ffff000000a2","element-6066-11e4-a52e-4f735466cecf":"00000000-0000-0056-ffff-ffff000000a2"},{"ELEMENT":"00000000-0000-0056-ffff-ffff000000aa","element-6066-11e4-a52e-4f735466cecf":"00000000-0000-0056-ffff-ffff000000aa"}]}
&amp#27;[38;5;41m[64152942]&amp#27;[0m&amp#27;[38;5;-85m[AndroidUiautomator2Driver@f44b]&amp#27;[0m Responding to client with driver.findElements() result: [{"element-6066-11e4-a52e-4f735466cecf":"00000000-0000-0056-ffff-ffff000000a2","ELEMENT":"00000000-0000-0056-ffff-ffff000000a2"},{"element-6066-11e4-a52e-4f735466cecf":"00000000-0000-0056-ffff-ffff000000aa","ELEMENT":"00000000-0000-0056-ffff-ffff000000aa"}]
&amp#27;[38;5;41m[64152942]&amp#27;[0m&amp#27;[38;5;86m[HTTP]&amp#27;[0m &amp#27;[37m<-- POST /session/64152942-db32-4d43-a757-cbaa09835416/elements &amp#27;[39m&amp#27;[32m200&amp#27;[39m &amp#27;[90m83 ms - 267&amp#27;[39m &amp#27;[90m&amp#27;[39m
&amp#27;[38;5;41m[64152942]&amp#27;[0m&amp#27;[38;5;86m[HTTP]&amp#27;[0m &amp#27;[37m-->&amp#27;[39m &amp#27;[37mGET&amp#27;[39m &amp#27;[37m/session/64152942-db32-4d43-a757-cbaa09835416/context&amp#27;[39m &amp#27;[90m{}&amp#27;[39m
&amp#27;[38;5;41m[64152942]&amp#27;[0m&amp#27;[38;5;-85m[AndroidUiautomator2Driver@f44b]&amp#27;[0m Calling AppiumDriver.getCurrentContext() with args: ["64152942-db32-4d43-a757-cbaa09835416"]
&amp#27;[38;5;41m[64152942]&amp#27;[0m&amp#27;[38;5;-85m[AndroidUiautomator2Driver@f44b]&amp#27;[0m Responding to client with driver.getCurrentContext() result: "NATIVE_APP"
&amp#27;[38;5;41m[64152942]&amp#27;[0m&amp#27;[38;5;86m[HTTP]&amp#27;[0m &amp#27;[37m<-- GET /session/64152942-db32-4d43-a757-cbaa09835416/context &amp#27;[39m&amp#27;[32m200&amp#27;[39m &amp#27;[90m2 ms - 22&amp#27;[39m &amp#27;[90m&amp#27;[39m
&amp#27;[38;5;41m[64152942]&amp#27;[0m&amp#27;[38;5;86m[HTTP]&amp#27;[0m &amp#27;[37m-->&amp#27;[39m &amp#27;[37mPOST&amp#27;[39m &amp#27;[37m/session/64152942-db32-4d43-a757-cbaa09835416/elements&amp#27;[39m &amp#27;[90m{"value":"com.androidsample.generalstore:id/productPrice","using":"id"}&amp#27;[39m
&amp#27;[38;5;41m[64152942]&amp#27;[0m&amp#27;[38;5;-85m[AndroidUiautomator2Driver@f44b]&amp#27;[0m Calling AppiumDriver.findElements() with args: ["id","com.androidsample.generalstore:id/productPrice","64152942-db32-4d43-a757-cbaa09835416"]
&amp#27;[38;5;41m[64152942]&amp#27;[0m&amp#27;[38;5;-85m[AndroidUiautomator2Driver@f44b]&amp#27;[0m Valid locator strategies for this request: xpath, id, class name, accessibility id, css selector, -android uiautomator
&amp#27;[38;5;41m[64152942]&amp#27;[0m&amp#27;[38;5;-85m[AndroidUiautomator2Driver@f44b]&amp#27;[0m Waiting up to 10000 ms for condition
&amp#27;[38;5;41m[64152942]&amp#27;[0m&amp#27;[38;5;-85m[AndroidUiautomator2Driver@f44b]&amp#27;[0m Matched '/elements' to command name 'findElements'
&amp#27;[38;5;41m[64152942]&amp#27;[0m&amp#27;[38;5;-85m[AndroidUiautomator2Driver@f44b]&amp#27;[0m Proxying [POST /elements] to [POST http://127.0.0.1:8200/session/1a3eb104-eb3c-4bef-b406-622cb498264b/elements] with body: {"strategy":"id","selector":"com.androidsample.generalstore:id/productPrice","context":"","multiple":true}
&amp#27;[38;5;41m[64152942]&amp#27;[0m&amp#27;[38;5;-85m[AndroidUiautomator2Driver@f44b]&amp#27;[0m Got response with status 200: {"sessionId":"1a3eb104-eb3c-4bef-b406-622cb498264b","value":[{"ELEMENT":"00000000-0000-0056-ffff-ffff000000a2","element-6066-11e4-a52e-4f735466cecf":"00000000-0000-0056-ffff-ffff000000a2"},{"ELEMENT":"00000000-0000-0056-ffff-ffff000000aa","element-6066-11e4-a52e-4f735466cecf":"00000000-0000-0056-ffff-ffff000000aa"}]}
&amp#27;[38;5;41m[64152942]&amp#27;[0m&amp#27;[38;5;-85m[AndroidUiautomator2Driver@f44b]&amp#27;[0m Responding to client with driver.findElements() result: [{"element-6066-11e4-a52e-4f735466cecf":"00000000-0000-0056-ffff-ffff000000a2","ELEMENT":"00000000-0000-0056-ffff-ffff000000a2"},{"element-6066-11e4-a52e-4f735466cecf":"00000000-0000-0056-ffff-ffff000000aa","ELEMENT":"00000000-0000-0056-ffff-ffff000000aa"}]
&amp#27;[38;5;41m[64152942]&amp#27;[0m&amp#27;[38;5;86m[HTTP]&amp#27;[0m &amp#27;[37m<-- POST /session/64152942-db32-4d43-a757-cbaa09835416/elements &amp#27;[39m&amp#27;[32m200&amp#27;[39m &amp#27;[90m102 ms - 267&amp#27;[39m &amp#27;[90m&amp#27;[39m
&amp#27;[38;5;41m[64152942]&amp#27;[0m&amp#27;[38;5;86m[HTTP]&amp#27;[0m &amp#27;[37m-->&amp#27;[39m &amp#27;[37mGET&amp#27;[39m &amp#27;[37m/session/64152942-db32-4d43-a757-cbaa09835416/element/00000000-0000-0056-ffff-ffff000000a2/text&amp#27;[39m &amp#27;[90m{}&amp#27;[39m
&amp#27;[38;5;41m[64152942]&amp#27;[0m&amp#27;[38;5;-85m[AndroidUiautomator2Driver@f44b]&amp#27;[0m Driver proxy active, passing request on via HTTP proxy
&amp#27;[38;5;41m[64152942]&amp#27;[0m&amp#27;[38;5;-85m[AndroidUiautomator2Driver@f44b]&amp#27;[0m Matched '/session/64152942-db32-4d43-a757-cbaa09835416/element/00000000-0000-0056-ffff-ffff000000a2/text' to command name 'getText'
&amp#27;[38;5;41m[64152942]&amp#27;[0m&amp#27;[38;5;-85m[AndroidUiautomator2Driver@f44b]&amp#27;[0m Proxying [GET /session/64152942-db32-4d43-a757-cbaa09835416/element/00000000-0000-0056-ffff-ffff000000a2/text] to [GET http://127.0.0.1:8200/session/1a3eb104-eb3c-4bef-b406-622cb498264b/element/00000000-0000-0056-ffff-ffff000000a2/text] with no body
&amp#27;[38;5;41m[64152942]&amp#27;[0m&amp#27;[38;5;-85m[AndroidUiautomator2Driver@f44b]&amp#27;[0m Got response with status 200: {"sessionId":"1a3eb104-eb3c-4bef-b406-622cb498264b","value":"$160.97"}
&amp#27;[38;5;41m[64152942]&amp#27;[0m&amp#27;[38;5;-85m[AndroidUiautomator2Driver@f44b]&amp#27;[0m Replacing sessionId 1a3eb104-eb3c-4bef-b406-622cb498264b with 64152942-db32-4d43-a757-cbaa09835416
&amp#27;[38;5;41m[64152942]&amp#27;[0m&amp#27;[38;5;86m[HTTP]&amp#27;[0m &amp#27;[37m<-- GET /session/64152942-db32-4d43-a757-cbaa09835416/element/00000000-0000-0056-ffff-ffff000000a2/text &amp#27;[39m&amp#27;[32m200&amp#27;[39m &amp#27;[90m28 ms - 70&amp#27;[39m &amp#27;[90m&amp#27;[39m
&amp#27;[38;5;41m[64152942]&amp#27;[0m&amp#27;[38;5;86m[HTTP]&amp#27;[0m &amp#27;[37m-->&amp#27;[39m &amp#27;[37mGET&amp#27;[39m &amp#27;[37m/session/64152942-db32-4d43-a757-cbaa09835416/context&amp#27;[39m &amp#27;[90m{}&amp#27;[39m
&amp#27;[38;5;41m[64152942]&amp#27;[0m&amp#27;[38;5;-85m[AndroidUiautomator2Driver@f44b]&amp#27;[0m Calling AppiumDriver.getCurrentContext() with args: ["64152942-db32-4d43-a757-cbaa09835416"]
&amp#27;[38;5;41m[64152942]&amp#27;[0m&amp#27;[38;5;-85m[AndroidUiautomator2Driver@f44b]&amp#27;[0m Responding to client with driver.getCurrentContext() result: "NATIVE_APP"
&amp#27;[38;5;41m[64152942]&amp#27;[0m&amp#27;[38;5;86m[HTTP]&amp#27;[0m &amp#27;[37m<-- GET /session/64152942-db32-4d43-a757-cbaa09835416/context &amp#27;[39m&amp#27;[32m200&amp#27;[39m &amp#27;[90m1 ms - 22&amp#27;[39m &amp#27;[90m&amp#27;[39m
&amp#27;[38;5;41m[64152942]&amp#27;[0m&amp#27;[38;5;86m[HTTP]&amp#27;[0m &amp#27;[37m-->&amp#27;[39m &amp#27;[37mPOST&amp#27;[39m &amp#27;[37m/session/64152942-db32-4d43-a757-cbaa09835416/elements&amp#27;[39m &amp#27;[90m{"value":"com.androidsample.generalstore:id/productPrice","using":"id"}&amp#27;[39m
&amp#27;[38;5;41m[64152942]&amp#27;[0m&amp#27;[38;5;-85m[AndroidUiautomator2Driver@f44b]&amp#27;[0m Calling AppiumDriver.findElements() with args: ["id","com.androidsample.generalstore:id/productPrice","64152942-db32-4d43-a757-cbaa09835416"]
&amp#27;[38;5;41m[64152942]&amp#27;[0m&amp#27;[38;5;-85m[AndroidUiautomator2Driver@f44b]&amp#27;[0m Valid locator strategies for this request: xpath, id, class name, accessibility id, css selector, -android uiautomator
&amp#27;[38;5;41m[64152942]&amp#27;[0m&amp#27;[38;5;-85m[AndroidUiautomator2Driver@f44b]&amp#27;[0m Waiting up to 10000 ms for condition
&amp#27;[38;5;41m[64152942]&amp#27;[0m&amp#27;[38;5;-85m[AndroidUiautomator2Driver@f44b]&amp#27;[0m Matched '/elements' to command name 'findElements'
&amp#27;[38;5;41m[64152942]&amp#27;[0m&amp#27;[38;5;-85m[AndroidUiautomator2Driver@f44b]&amp#27;[0m Proxying [POST /elements] to [POST http://127.0.0.1:8200/session/1a3eb104-eb3c-4bef-b406-622cb498264b/elements] with body: {"strategy":"id","selector":"com.androidsample.generalstore:id/productPrice","context":"","multiple":true}
&amp#27;[38;5;41m[64152942]&amp#27;[0m&amp#27;[38;5;-85m[AndroidUiautomator2Driver@f44b]&amp#27;[0m Got response with status 200: {"sessionId":"1a3eb104-eb3c-4bef-b406-622cb498264b","value":[{"ELEMENT":"00000000-0000-0056-ffff-ffff000000a2","element-6066-11e4-a52e-4f735466cecf":"00000000-0000-0056-ffff-ffff000000a2"},{"ELEMENT":"00000000-0000-0056-ffff-ffff000000aa","element-6066-11e4-a52e-4f735466cecf":"00000000-0000-0056-ffff-ffff000000aa"}]}
&amp#27;[38;5;41m[64152942]&amp#27;[0m&amp#27;[38;5;-85m[AndroidUiautomator2Driver@f44b]&amp#27;[0m Responding to client with driver.findElements() result: [{"element-6066-11e4-a52e-4f735466cecf":"00000000-0000-0056-ffff-ffff000000a2","ELEMENT":"00000000-0000-0056-ffff-ffff000000a2"},{"element-6066-11e4-a52e-4f735466cecf":"00000000-0000-0056-ffff-ffff000000aa","ELEMENT":"00000000-0000-0056-ffff-ffff000000aa"}]
&amp#27;[38;5;41m[64152942]&amp#27;[0m&amp#27;[38;5;86m[HTTP]&amp#27;[0m &amp#27;[37m<-- POST /session/64152942-db32-4d43-a757-cbaa09835416/elements &amp#27;[39m&amp#27;[32m200&amp#27;[39m &amp#27;[90m78 ms - 267&amp#27;[39m &amp#27;[90m&amp#27;[39m
&amp#27;[38;5;41m[64152942]&amp#27;[0m&amp#27;[38;5;86m[HTTP]&amp#27;[0m &amp#27;[37m-->&amp#27;[39m &amp#27;[37mGET&amp#27;[39m &amp#27;[37m/session/64152942-db32-4d43-a757-cbaa09835416/element/00000000-0000-0056-ffff-ffff000000aa/text&amp#27;[39m &amp#27;[90m{}&amp#27;[39m
&amp#27;[38;5;41m[64152942]&amp#27;[0m&amp#27;[38;5;-85m[AndroidUiautomator2Driver@f44b]&amp#27;[0m Driver proxy active, passing request on via HTTP proxy
&amp#27;[38;5;41m[64152942]&amp#27;[0m&amp#27;[38;5;-85m[AndroidUiautomator2Driver@f44b]&amp#27;[0m Matched '/session/64152942-db32-4d43-a757-cbaa09835416/element/00000000-0000-0056-ffff-ffff000000aa/text' to command name 'getText'
&amp#27;[38;5;41m[64152942]&amp#27;[0m&amp#27;[38;5;-85m[AndroidUiautomator2Driver@f44b]&amp#27;[0m Proxying [GET /session/64152942-db32-4d43-a757-cbaa09835416/element/00000000-0000-0056-ffff-ffff000000aa/text] to [GET http://127.0.0.1:8200/session/1a3eb104-eb3c-4bef-b406-622cb498264b/element/00000000-0000-0056-ffff-ffff000000aa/text] with no body
&amp#27;[38;5;41m[64152942]&amp#27;[0m&amp#27;[38;5;-85m[AndroidUiautomator2Driver@f44b]&amp#27;[0m Got response with status 200: {"sessionId":"1a3eb104-eb3c-4bef-b406-622cb498264b","value":"$120.0"}
&amp#27;[38;5;41m[64152942]&amp#27;[0m&amp#27;[38;5;-85m[AndroidUiautomator2Driver@f44b]&amp#27;[0m Replacing sessionId 1a3eb104-eb3c-4bef-b406-622cb498264b with 64152942-db32-4d43-a757-cbaa09835416
&amp#27;[38;5;41m[64152942]&amp#27;[0m&amp#27;[38;5;86m[HTTP]&amp#27;[0m &amp#27;[37m<-- GET /session/64152942-db32-4d43-a757-cbaa09835416/element/00000000-0000-0056-ffff-ffff000000aa/text &amp#27;[39m&amp#27;[32m200&amp#27;[39m &amp#27;[90m24 ms - 69&amp#27;[39m &amp#27;[90m&amp#27;[39m
&amp#27;[38;5;41m[64152942]&amp#27;[0m&amp#27;[38;5;86m[HTTP]&amp#27;[0m &amp#27;[37m-->&amp#27;[39m &amp#27;[37mGET&amp#27;[39m &amp#27;[37m/session/64152942-db32-4d43-a757-cbaa09835416/context&amp#27;[39m &amp#27;[90m{}&amp#27;[39m
&amp#27;[38;5;41m[64152942]&amp#27;[0m&amp#27;[38;5;-85m[AndroidUiautomator2Driver@f44b]&amp#27;[0m Calling AppiumDriver.getCurrentContext() with args: ["64152942-db32-4d43-a757-cbaa09835416"]
&amp#27;[38;5;41m[64152942]&amp#27;[0m&amp#27;[38;5;-85m[AndroidUiautomator2Driver@f44b]&amp#27;[0m Responding to client with driver.getCurrentContext() result: "NATIVE_APP"
&amp#27;[38;5;41m[64152942]&amp#27;[0m&amp#27;[38;5;86m[HTTP]&amp#27;[0m &amp#27;[37m<-- GET /session/64152942-db32-4d43-a757-cbaa09835416/context &amp#27;[39m&amp#27;[32m200&amp#27;[39m &amp#27;[90m2 ms - 22&amp#27;[39m &amp#27;[90m&amp#27;[39m
&amp#27;[38;5;41m[64152942]&amp#27;[0m&amp#27;[38;5;86m[HTTP]&amp#27;[0m &amp#27;[37m-->&amp#27;[39m &amp#27;[37mPOST&amp#27;[39m &amp#27;[37m/session/64152942-db32-4d43-a757-cbaa09835416/element&amp#27;[39m &amp#27;[90m{"value":"com.androidsample.generalstore:id/totalAmountLbl","using":"id"}&amp#27;[39m
&amp#27;[38;5;41m[64152942]&amp#27;[0m&amp#27;[38;5;-85m[AndroidUiautomator2Driver@f44b]&amp#27;[0m Calling AppiumDriver.findElement() with args: ["id","com.androidsample.generalstore:id/totalAmountLbl","64152942-db32-4d43-a757-cbaa09835416"]
&amp#27;[38;5;41m[64152942]&amp#27;[0m&amp#27;[38;5;-85m[AndroidUiautomator2Driver@f44b]&amp#27;[0m Valid locator strategies for this request: xpath, id, class name, accessibility id, css selector, -android uiautomator
&amp#27;[38;5;41m[64152942]&amp#27;[0m&amp#27;[38;5;-85m[AndroidUiautomator2Driver@f44b]&amp#27;[0m Waiting up to 10000 ms for condition
&amp#27;[38;5;41m[64152942]&amp#27;[0m&amp#27;[38;5;-85m[AndroidUiautomator2Driver@f44b]&amp#27;[0m Matched '/element' to command name 'findElement'
&amp#27;[38;5;41m[64152942]&amp#27;[0m&amp#27;[38;5;-85m[AndroidUiautomator2Driver@f44b]&amp#27;[0m Proxying [POST /element] to [POST http://127.0.0.1:8200/session/1a3eb104-eb3c-4bef-b406-622cb498264b/element] with body: {"strategy":"id","selector":"com.androidsample.generalstore:id/totalAmountLbl","context":"","multiple":false}
&amp#27;[38;5;41m[64152942]&amp#27;[0m&amp#27;[38;5;-85m[AndroidUiautomator2Driver@f44b]&amp#27;[0m Got response with status 200: {"sessionId":"1a3eb104-eb3c-4bef-b406-622cb498264b","value":{"ELEMENT":"00000000-0000-0056-ffff-ffff00000096","element-6066-11e4-a52e-4f735466cecf":"00000000-0000-0056-ffff-ffff00000096"}}
&amp#27;[38;5;41m[64152942]&amp#27;[0m&amp#27;[38;5;-85m[AndroidUiautomator2Driver@f44b]&amp#27;[0m Responding to client with driver.findElement() result: {"element-6066-11e4-a52e-4f735466cecf":"00000000-0000-0056-ffff-ffff00000096","ELEMENT":"00000000-0000-0056-ffff-ffff00000096"}
&amp#27;[38;5;41m[64152942]&amp#27;[0m&amp#27;[38;5;86m[HTTP]&amp#27;[0m &amp#27;[37m<-- POST /session/64152942-db32-4d43-a757-cbaa09835416/element &amp#27;[39m&amp#27;[32m200&amp#27;[39m &amp#27;[90m90 ms - 137&amp#27;[39m &amp#27;[90m&amp#27;[39m
&amp#27;[38;5;41m[64152942]&amp#27;[0m&amp#27;[38;5;86m[HTTP]&amp#27;[0m &amp#27;[37m-->&amp#27;[39m &amp#27;[37mGET&amp#27;[39m &amp#27;[37m/session/64152942-db32-4d43-a757-cbaa09835416/element/00000000-0000-0056-ffff-ffff00000096/text&amp#27;[39m &amp#27;[90m{}&amp#27;[39m
&amp#27;[38;5;41m[64152942]&amp#27;[0m&amp#27;[38;5;-85m[AndroidUiautomator2Driver@f44b]&amp#27;[0m Driver proxy active, passing request on via HTTP proxy
&amp#27;[38;5;41m[64152942]&amp#27;[0m&amp#27;[38;5;-85m[AndroidUiautomator2Driver@f44b]&amp#27;[0m Matched '/session/64152942-db32-4d43-a757-cbaa09835416/element/00000000-0000-0056-ffff-ffff00000096/text' to command name 'getText'
&amp#27;[38;5;41m[64152942]&amp#27;[0m&amp#27;[38;5;-85m[AndroidUiautomator2Driver@f44b]&amp#27;[0m Proxying [GET /session/64152942-db32-4d43-a757-cbaa09835416/element/00000000-0000-0056-ffff-ffff00000096/text] to [GET http://127.0.0.1:8200/session/1a3eb104-eb3c-4bef-b406-622cb498264b/element/00000000-0000-0056-ffff-ffff00000096/text] with no body
&amp#27;[38;5;41m[64152942]&amp#27;[0m&amp#27;[38;5;-85m[AndroidUiautomator2Driver@f44b]&amp#27;[0m Got response with status 200: {"sessionId":"1a3eb104-eb3c-4bef-b406-622cb498264b","value":"$ 280.97"}
&amp#27;[38;5;41m[64152942]&amp#27;[0m&amp#27;[38;5;-85m[AndroidUiautomator2Driver@f44b]&amp#27;[0m Replacing sessionId 1a3eb104-eb3c-4bef-b406-622cb498264b with 64152942-db32-4d43-a757-cbaa09835416
&amp#27;[38;5;41m[64152942]&amp#27;[0m&amp#27;[38;5;86m[HTTP]&amp#27;[0m &amp#27;[37m<-- GET /session/64152942-db32-4d43-a757-cbaa09835416/element/00000000-0000-0056-ffff-ffff00000096/text &amp#27;[39m&amp#27;[32m200&amp#27;[39m &amp#27;[90m81 ms - 71&amp#27;[39m &amp#27;[90m&amp#27;[39m
&amp#27;[38;5;41m[64152942]&amp#27;[0m&amp#27;[38;5;86m[HTTP]&amp#27;[0m &amp#27;[37m-->&amp#27;[39m &amp#27;[37mGET&amp#27;[39m &amp#27;[37m/session/64152942-db32-4d43-a757-cbaa09835416/context&amp#27;[39m &amp#27;[90m{}&amp#27;[39m
&amp#27;[38;5;41m[64152942]&amp#27;[0m&amp#27;[38;5;-85m[AndroidUiautomator2Driver@f44b]&amp#27;[0m Calling AppiumDriver.getCurrentContext() with args: ["64152942-db32-4d43-a757-cbaa09835416"]
&amp#27;[38;5;41m[64152942]&amp#27;[0m&amp#27;[38;5;-85m[AndroidUiautomator2Driver@f44b]&amp#27;[0m Responding to client with driver.getCurrentContext() result: "NATIVE_APP"
&amp#27;[38;5;41m[64152942]&amp#27;[0m&amp#27;[38;5;86m[HTTP]&amp#27;[0m &amp#27;[37m<-- GET /session/64152942-db32-4d43-a757-cbaa09835416/context &amp#27;[39m&amp#27;[32m200&amp#27;[39m &amp#27;[90m2 ms - 22&amp#27;[39m &amp#27;[90m&amp#27;[39m
&amp#27;[38;5;41m[64152942]&amp#27;[0m&amp#27;[38;5;86m[HTTP]&amp#27;[0m &amp#27;[37m-->&amp#27;[39m &amp#27;[37mPOST&amp#27;[39m &amp#27;[37m/session/64152942-db32-4d43-a757-cbaa09835416/element&amp#27;[39m &amp#27;[90m{"value":"com.androidsample.generalstore:id/termsButton","using":"id"}&amp#27;[39m
&amp#27;[38;5;41m[64152942]&amp#27;[0m&amp#27;[38;5;-85m[AndroidUiautomator2Driver@f44b]&amp#27;[0m Calling AppiumDriver.findElement() with args: ["id","com.androidsample.generalstore:id/termsButton","64152942-db32-4d43-a757-cbaa09835416"]
&amp#27;[38;5;41m[64152942]&amp#27;[0m&amp#27;[38;5;-85m[AndroidUiautomator2Driver@f44b]&amp#27;[0m Valid locator strategies for this request: xpath, id, class name, accessibility id, css selector, -android uiautomator
&amp#27;[38;5;41m[64152942]&amp#27;[0m&amp#27;[38;5;-85m[AndroidUiautomator2Driver@f44b]&amp#27;[0m Waiting up to 10000 ms for condition
&amp#27;[38;5;41m[64152942]&amp#27;[0m&amp#27;[38;5;-85m[AndroidUiautomator2Driver@f44b]&amp#27;[0m Matched '/element' to command name 'findElement'
&amp#27;[38;5;41m[64152942]&amp#27;[0m&amp#27;[38;5;-85m[AndroidUiautomator2Driver@f44b]&amp#27;[0m Proxying [POST /element] to [POST http://127.0.0.1:8200/session/1a3eb104-eb3c-4bef-b406-622cb498264b/element] with body: {"strategy":"id","selector":"com.androidsample.generalstore:id/termsButton","context":"","multiple":false}
&amp#27;[38;5;41m[64152942]&amp#27;[0m&amp#27;[38;5;-85m[AndroidUiautomator2Driver@f44b]&amp#27;[0m Got response with status 200: {"sessionId":"1a3eb104-eb3c-4bef-b406-622cb498264b","value":{"ELEMENT":"00000000-0000-0056-ffff-ffff00000099","element-6066-11e4-a52e-4f735466cecf":"00000000-0000-0056-ffff-ffff00000099"}}
&amp#27;[38;5;41m[64152942]&amp#27;[0m&amp#27;[38;5;-85m[AndroidUiautomator2Driver@f44b]&amp#27;[0m Responding to client with driver.findElement() result: {"element-6066-11e4-a52e-4f735466cecf":"00000000-0000-0056-ffff-ffff00000099","ELEMENT":"00000000-0000-0056-ffff-ffff00000099"}
&amp#27;[38;5;41m[64152942]&amp#27;[0m&amp#27;[38;5;86m[HTTP]&amp#27;[0m &amp#27;[37m<-- POST /session/64152942-db32-4d43-a757-cbaa09835416/element &amp#27;[39m&amp#27;[32m200&amp#27;[39m &amp#27;[90m191 ms - 137&amp#27;[39m &amp#27;[90m&amp#27;[39m
&amp#27;[38;5;41m[64152942]&amp#27;[0m&amp#27;[38;5;86m[HTTP]&amp#27;[0m &amp#27;[37m-->&amp#27;[39m &amp#27;[37mPOST&amp#27;[39m &amp#27;[37m/session/64152942-db32-4d43-a757-cbaa09835416/execute/sync&amp#27;[39m &amp#27;[90m{"args":[{"elementId":"00000000-0000-0056-ffff-ffff00000099","Duration":2000}],"script":"mobile: longClickGesture"}&amp#27;[39m
&amp#27;[38;5;41m[64152942]&amp#27;[0m&amp#27;[38;5;-85m[AndroidUiautomator2Driver@f44b]&amp#27;[0m Calling AppiumDriver.execute() with args: ["mobile: longClickGesture",[{"elementId":"00000000-0000-0056-ffff-ffff00000099","Duration":2000}],"64152942-db32-4d43-a757-cbaa09835416"]
&amp#27;[38;5;41m[64152942]&amp#27;[0m&amp#27;[38;5;-85m[AndroidUiautomator2Driver@f44b]&amp#27;[0m Executing native command 'mobile: longClickGesture'
&amp#27;[38;5;41m[64152942]&amp#27;[0m&amp#27;[38;5;-85m[AndroidUiautomator2Driver@f44b]&amp#27;[0m Proxying [POST /appium/gestures/long_click] to [POST http://127.0.0.1:8200/session/1a3eb104-eb3c-4bef-b406-622cb498264b/appium/gestures/long_click] with body: {"origin":{"ELEMENT":"00000000-0000-0056-ffff-ffff00000099","element-6066-11e4-a52e-4f735466cecf":"00000000-0000-0056-ffff-ffff00000099"}}
&amp#27;[38;5;41m[64152942]&amp#27;[0m&amp#27;[38;5;-85m[AndroidUiautomator2Driver@f44b]&amp#27;[0m Got response with status 200: {"sessionId":"1a3eb104-eb3c-4bef-b406-622cb498264b","value":null}
&amp#27;[38;5;41m[64152942]&amp#27;[0m&amp#27;[38;5;-85m[AndroidUiautomator2Driver@f44b]&amp#27;[0m Responding to client with driver.execute() result: null
&amp#27;[38;5;41m[64152942]&amp#27;[0m&amp#27;[38;5;86m[HTTP]&amp#27;[0m &amp#27;[37m<-- POST /session/64152942-db32-4d43-a757-cbaa09835416/execute/sync &amp#27;[39m&amp#27;[32m200&amp#27;[39m &amp#27;[90m891 ms - 14&amp#27;[39m &amp#27;[90m&amp#27;[39m
&amp#27;[38;5;41m[64152942]&amp#27;[0m&amp#27;[38;5;86m[HTTP]&amp#27;[0m &amp#27;[37m-->&amp#27;[39m &amp#27;[37mGET&amp#27;[39m &amp#27;[37m/session/64152942-db32-4d43-a757-cbaa09835416/context&amp#27;[39m &amp#27;[90m{}&amp#27;[39m
&amp#27;[38;5;41m[64152942]&amp#27;[0m&amp#27;[38;5;-85m[AndroidUiautomator2Driver@f44b]&amp#27;[0m Calling AppiumDriver.getCurrentContext() with args: ["64152942-db32-4d43-a757-cbaa09835416"]
&amp#27;[38;5;41m[64152942]&amp#27;[0m&amp#27;[38;5;-85m[AndroidUiautomator2Driver@f44b]&amp#27;[0m Responding to client with driver.getCurrentContext() result: "NATIVE_APP"
&amp#27;[38;5;41m[64152942]&amp#27;[0m&amp#27;[38;5;86m[HTTP]&amp#27;[0m &amp#27;[37m<-- GET /session/64152942-db32-4d43-a757-cbaa09835416/context &amp#27;[39m&amp#27;[32m200&amp#27;[39m &amp#27;[90m2 ms - 22&amp#27;[39m &amp#27;[90m&amp#27;[39m
&amp#27;[38;5;41m[64152942]&amp#27;[0m&amp#27;[38;5;86m[HTTP]&amp#27;[0m &amp#27;[37m-->&amp#27;[39m &amp#27;[37mPOST&amp#27;[39m &amp#27;[37m/session/64152942-db32-4d43-a757-cbaa09835416/element&amp#27;[39m &amp#27;[90m{"value":"android:id/button1","using":"id"}&amp#27;[39m
&amp#27;[38;5;41m[64152942]&amp#27;[0m&amp#27;[38;5;-85m[AndroidUiautomator2Driver@f44b]&amp#27;[0m Calling AppiumDriver.findElement() with args: ["id","android:id/button1","64152942-db32-4d43-a757-cbaa09835416"]
&amp#27;[38;5;41m[64152942]&amp#27;[0m&amp#27;[38;5;-85m[AndroidUiautomator2Driver@f44b]&amp#27;[0m Valid locator strategies for this request: xpath, id, class name, accessibility id, css selector, -android uiautomator
&amp#27;[38;5;41m[64152942]&amp#27;[0m&amp#27;[38;5;-85m[AndroidUiautomator2Driver@f44b]&amp#27;[0m Waiting up to 10000 ms for condition
&amp#27;[38;5;41m[64152942]&amp#27;[0m&amp#27;[38;5;-85m[AndroidUiautomator2Driver@f44b]&amp#27;[0m Matched '/element' to command name 'findElement'
&amp#27;[38;5;41m[64152942]&amp#27;[0m&amp#27;[38;5;-85m[AndroidUiautomator2Driver@f44b]&amp#27;[0m Proxying [POST /element] to [POST http://127.0.0.1:8200/session/1a3eb104-eb3c-4bef-b406-622cb498264b/element] with body: {"strategy":"id","selector":"android:id/button1","context":"","multiple":false}
&amp#27;[38;5;41m[64152942]&amp#27;[0m&amp#27;[38;5;-85m[AndroidUiautomator2Driver@f44b]&amp#27;[0m Got response with status 200: {"sessionId":"1a3eb104-eb3c-4bef-b406-622cb498264b","value":{"ELEMENT":"00000000-0000-0057-ffff-ffff000000c5","element-6066-11e4-a52e-4f735466cecf":"00000000-0000-0057-ffff-ffff000000c5"}}
&amp#27;[38;5;41m[64152942]&amp#27;[0m&amp#27;[38;5;-85m[AndroidUiautomator2Driver@f44b]&amp#27;[0m Responding to client with driver.findElement() result: {"element-6066-11e4-a52e-4f735466cecf":"00000000-0000-0057-ffff-ffff000000c5","ELEMENT":"00000000-0000-0057-ffff-ffff000000c5"}
&amp#27;[38;5;41m[64152942]&amp#27;[0m&amp#27;[38;5;86m[HTTP]&amp#27;[0m &amp#27;[37m<-- POST /session/64152942-db32-4d43-a757-cbaa09835416/element &amp#27;[39m&amp#27;[32m200&amp#27;[39m &amp#27;[90m245 ms - 137&amp#27;[39m &amp#27;[90m&amp#27;[39m
&amp#27;[38;5;41m[64152942]&amp#27;[0m&amp#27;[38;5;86m[HTTP]&amp#27;[0m &amp#27;[37m-->&amp#27;[39m &amp#27;[37mPOST&amp#27;[39m &amp#27;[37m/session/64152942-db32-4d43-a757-cbaa09835416/element/00000000-0000-0057-ffff-ffff000000c5/click&amp#27;[39m &amp#27;[90m{"id":"00000000-0000-0057-ffff-ffff000000c5"}&amp#27;[39m
&amp#27;[38;5;41m[64152942]&amp#27;[0m&amp#27;[38;5;-85m[AndroidUiautomator2Driver@f44b]&amp#27;[0m Calling AppiumDriver.click() with args: ["00000000-0000-0057-ffff-ffff000000c5","64152942-db32-4d43-a757-cbaa09835416"]
&amp#27;[38;5;41m[64152942]&amp#27;[0m&amp#27;[38;5;-85m[AndroidUiautomator2Driver@f44b]&amp#27;[0m Matched '/element/00000000-0000-0057-ffff-ffff000000c5/click' to command name 'click'
&amp#27;[38;5;41m[64152942]&amp#27;[0m&amp#27;[38;5;-85m[AndroidUiautomator2Driver@f44b]&amp#27;[0m Proxying [POST /element/00000000-0000-0057-ffff-ffff000000c5/click] to [POST http://127.0.0.1:8200/session/1a3eb104-eb3c-4bef-b406-622cb498264b/element/00000000-0000-0057-ffff-ffff000000c5/click] with body: {"element":"00000000-0000-0057-ffff-ffff000000c5"}
&amp#27;[38;5;41m[64152942]&amp#27;[0m&amp#27;[38;5;-85m[AndroidUiautomator2Driver@f44b]&amp#27;[0m Got response with status 200: {"sessionId":"1a3eb104-eb3c-4bef-b406-622cb498264b","value":null}
&amp#27;[38;5;41m[64152942]&amp#27;[0m&amp#27;[38;5;-85m[AndroidUiautomator2Driver@f44b]&amp#27;[0m Responding to client with driver.click() result: null
&amp#27;[38;5;41m[64152942]&amp#27;[0m&amp#27;[38;5;86m[HTTP]&amp#27;[0m &amp#27;[37m<-- POST /session/64152942-db32-4d43-a757-cbaa09835416/element/00000000-0000-0057-ffff-ffff000000c5/click &amp#27;[39m&amp#27;[32m200&amp#27;[39m &amp#27;[90m147 ms - 14&amp#27;[39m &amp#27;[90m&amp#27;[39m
&amp#27;[38;5;41m[64152942]&amp#27;[0m&amp#27;[38;5;86m[HTTP]&amp#27;[0m &amp#27;[37m-->&amp#27;[39m &amp#27;[37mGET&amp#27;[39m &amp#27;[37m/session/64152942-db32-4d43-a757-cbaa09835416/context&amp#27;[39m &amp#27;[90m{}&amp#27;[39m
&amp#27;[38;5;41m[64152942]&amp#27;[0m&amp#27;[38;5;-85m[AndroidUiautomator2Driver@f44b]&amp#27;[0m Calling AppiumDriver.getCurrentContext() with args: ["64152942-db32-4d43-a757-cbaa09835416"]
&amp#27;[38;5;41m[64152942]&amp#27;[0m&amp#27;[38;5;-85m[AndroidUiautomator2Driver@f44b]&amp#27;[0m Responding to client with driver.getCurrentContext() result: "NATIVE_APP"
&amp#27;[38;5;41m[64152942]&amp#27;[0m&amp#27;[38;5;86m[HTTP]&amp#27;[0m &amp#27;[37m<-- GET /session/64152942-db32-4d43-a757-cbaa09835416/context &amp#27;[39m&amp#27;[32m200&amp#27;[39m &amp#27;[90m2 ms - 22&amp#27;[39m &amp#27;[90m&amp#27;[39m
&amp#27;[38;5;41m[64152942]&amp#27;[0m&amp#27;[38;5;86m[HTTP]&amp#27;[0m &amp#27;[37m-->&amp#27;[39m &amp#27;[37mPOST&amp#27;[39m &amp#27;[37m/session/64152942-db32-4d43-a757-cbaa09835416/element&amp#27;[39m &amp#27;[90m{"value":"android.widget.CheckBox","using":"class name"}&amp#27;[39m
&amp#27;[38;5;41m[64152942]&amp#27;[0m&amp#27;[38;5;-85m[AndroidUiautomator2Driver@f44b]&amp#27;[0m Calling AppiumDriver.findElement() with args: ["class name","android.widget.CheckBox","64152942-db32-4d43-a757-cbaa09835416"]
&amp#27;[38;5;41m[64152942]&amp#27;[0m&amp#27;[38;5;-85m[AndroidUiautomator2Driver@f44b]&amp#27;[0m Valid locator strategies for this request: xpath, id, class name, accessibility id, css selector, -android uiautomator
&amp#27;[38;5;41m[64152942]&amp#27;[0m&amp#27;[38;5;-85m[AndroidUiautomator2Driver@f44b]&amp#27;[0m Waiting up to 10000 ms for condition
&amp#27;[38;5;41m[64152942]&amp#27;[0m&amp#27;[38;5;-85m[AndroidUiautomator2Driver@f44b]&amp#27;[0m Matched '/element' to command name 'findElement'
&amp#27;[38;5;41m[64152942]&amp#27;[0m&amp#27;[38;5;-85m[AndroidUiautomator2Driver@f44b]&amp#27;[0m Proxying [POST /element] to [POST http://127.0.0.1:8200/session/1a3eb104-eb3c-4bef-b406-622cb498264b/element] with body: {"strategy":"class name","selector":"android.widget.CheckBox","context":"","multiple":false}
&amp#27;[38;5;41m[64152942]&amp#27;[0m&amp#27;[38;5;-85m[AndroidUiautomator2Driver@f44b]&amp#27;[0m Got response with status 200: {"sessionId":"1a3eb104-eb3c-4bef-b406-622cb498264b","value":{"ELEMENT":"00000000-0000-0056-ffff-ffff00000097","element-6066-11e4-a52e-4f735466cecf":"00000000-0000-0056-ffff-ffff00000097"}}
&amp#27;[38;5;41m[64152942]&amp#27;[0m&amp#27;[38;5;-85m[AndroidUiautomator2Driver@f44b]&amp#27;[0m Responding to client with driver.findElement() result: {"element-6066-11e4-a52e-4f735466cecf":"00000000-0000-0056-ffff-ffff00000097","ELEMENT":"00000000-0000-0056-ffff-ffff00000097"}
&amp#27;[38;5;41m[64152942]&amp#27;[0m&amp#27;[38;5;86m[HTTP]&amp#27;[0m &amp#27;[37m<-- POST /session/64152942-db32-4d43-a757-cbaa09835416/element &amp#27;[39m&amp#27;[32m200&amp#27;[39m &amp#27;[90m569 ms - 137&amp#27;[39m &amp#27;[90m&amp#27;[39m
&amp#27;[38;5;41m[64152942]&amp#27;[0m&amp#27;[38;5;86m[HTTP]&amp#27;[0m &amp#27;[37m-->&amp#27;[39m &amp#27;[37mPOST&amp#27;[39m &amp#27;[37m/session/64152942-db32-4d43-a757-cbaa09835416/element/00000000-0000-0056-ffff-ffff00000097/click&amp#27;[39m &amp#27;[90m{"id":"00000000-0000-0056-ffff-ffff00000097"}&amp#27;[39m
&amp#27;[38;5;41m[64152942]&amp#27;[0m&amp#27;[38;5;-85m[AndroidUiautomator2Driver@f44b]&amp#27;[0m Calling AppiumDriver.click() with args: ["00000000-0000-0056-ffff-ffff00000097","64152942-db32-4d43-a757-cbaa09835416"]
&amp#27;[38;5;41m[64152942]&amp#27;[0m&amp#27;[38;5;-85m[AndroidUiautomator2Driver@f44b]&amp#27;[0m Matched '/element/00000000-0000-0056-ffff-ffff00000097/click' to command name 'click'
&amp#27;[38;5;41m[64152942]&amp#27;[0m&amp#27;[38;5;-85m[AndroidUiautomator2Driver@f44b]&amp#27;[0m Proxying [POST /element/00000000-0000-0056-ffff-ffff00000097/click] to [POST http://127.0.0.1:8200/session/1a3eb104-eb3c-4bef-b406-622cb498264b/element/00000000-0000-0056-ffff-ffff00000097/click] with body: {"element":"00000000-0000-0056-ffff-ffff00000097"}
&amp#27;[38;5;41m[64152942]&amp#27;[0m&amp#27;[38;5;-85m[AndroidUiautomator2Driver@f44b]&amp#27;[0m Got response with status 200: {"sessionId":"1a3eb104-eb3c-4bef-b406-622cb498264b","value":null}
&amp#27;[38;5;41m[64152942]&amp#27;[0m&amp#27;[38;5;-85m[AndroidUiautomator2Driver@f44b]&amp#27;[0m Responding to client with driver.click() result: null
&amp#27;[38;5;41m[64152942]&amp#27;[0m&amp#27;[38;5;86m[HTTP]&amp#27;[0m &amp#27;[37m<-- POST /session/64152942-db32-4d43-a757-cbaa09835416/element/00000000-0000-0056-ffff-ffff00000097/click &amp#27;[39m&amp#27;[32m200&amp#27;[39m &amp#27;[90m101 ms - 14&amp#27;[39m &amp#27;[90m&amp#27;[39m
&amp#27;[38;5;41m[64152942]&amp#27;[0m&amp#27;[38;5;86m[HTTP]&amp#27;[0m &amp#27;[37m-->&amp#27;[39m &amp#27;[37mGET&amp#27;[39m &amp#27;[37m/session/64152942-db32-4d43-a757-cbaa09835416/context&amp#27;[39m &amp#27;[90m{}&amp#27;[39m
&amp#27;[38;5;41m[64152942]&amp#27;[0m&amp#27;[38;5;-85m[AndroidUiautomator2Driver@f44b]&amp#27;[0m Calling AppiumDriver.getCurrentContext() with args: ["64152942-db32-4d43-a757-cbaa09835416"]
&amp#27;[38;5;41m[64152942]&amp#27;[0m&amp#27;[38;5;-85m[AndroidUiautomator2Driver@f44b]&amp#27;[0m Responding to client with driver.getCurrentContext() result: "NATIVE_APP"
&amp#27;[38;5;41m[64152942]&amp#27;[0m&amp#27;[38;5;86m[HTTP]&amp#27;[0m &amp#27;[37m<-- GET /session/64152942-db32-4d43-a757-cbaa09835416/context &amp#27;[39m&amp#27;[32m200&amp#27;[39m &amp#27;[90m2 ms - 22&amp#27;[39m &amp#27;[90m&amp#27;[39m
&amp#27;[38;5;41m[64152942]&amp#27;[0m&amp#27;[38;5;86m[HTTP]&amp#27;[0m &amp#27;[37m-->&amp#27;[39m &amp#27;[37mPOST&amp#27;[39m &amp#27;[37m/session/64152942-db32-4d43-a757-cbaa09835416/element&amp#27;[39m &amp#27;[90m{"value":"com.androidsample.generalstore:id/btnProceed","using":"id"}&amp#27;[39m
&amp#27;[38;5;41m[64152942]&amp#27;[0m&amp#27;[38;5;-85m[AndroidUiautomator2Driver@f44b]&amp#27;[0m Calling AppiumDriver.findElement() with args: ["id","com.androidsample.generalstore:id/btnProceed","64152942-db32-4d43-a757-cbaa09835416"]
&amp#27;[38;5;41m[64152942]&amp#27;[0m&amp#27;[38;5;-85m[AndroidUiautomator2Driver@f44b]&amp#27;[0m Valid locator strategies for this request: xpath, id, class name, accessibility id, css selector, -android uiautomator
&amp#27;[38;5;41m[64152942]&amp#27;[0m&amp#27;[38;5;-85m[AndroidUiautomator2Driver@f44b]&amp#27;[0m Waiting up to 10000 ms for condition
&amp#27;[38;5;41m[64152942]&amp#27;[0m&amp#27;[38;5;-85m[AndroidUiautomator2Driver@f44b]&amp#27;[0m Matched '/element' to command name 'findElement'
&amp#27;[38;5;41m[64152942]&amp#27;[0m&amp#27;[38;5;-85m[AndroidUiautomator2Driver@f44b]&amp#27;[0m Proxying [POST /element] to [POST http://127.0.0.1:8200/session/1a3eb104-eb3c-4bef-b406-622cb498264b/element] with body: {"strategy":"id","selector":"com.androidsample.generalstore:id/btnProceed","context":"","multiple":false}
&amp#27;[38;5;41m[64152942]&amp#27;[0m&amp#27;[38;5;-85m[AndroidUiautomator2Driver@f44b]&amp#27;[0m Got response with status 200: {"sessionId":"1a3eb104-eb3c-4bef-b406-622cb498264b","value":{"ELEMENT":"00000000-0000-0056-ffff-ffff00000098","element-6066-11e4-a52e-4f735466cecf":"00000000-0000-0056-ffff-ffff00000098"}}
&amp#27;[38;5;41m[64152942]&amp#27;[0m&amp#27;[38;5;-85m[AndroidUiautomator2Driver@f44b]&amp#27;[0m Responding to client with driver.findElement() result: {"element-6066-11e4-a52e-4f735466cecf":"00000000-0000-0056-ffff-ffff00000098","ELEMENT":"00000000-0000-0056-ffff-ffff00000098"}
&amp#27;[38;5;41m[64152942]&amp#27;[0m&amp#27;[38;5;86m[HTTP]&amp#27;[0m &amp#27;[37m<-- POST /session/64152942-db32-4d43-a757-cbaa09835416/element &amp#27;[39m&amp#27;[32m200&amp#27;[39m &amp#27;[90m646 ms - 137&amp#27;[39m &amp#27;[90m&amp#27;[39m
&amp#27;[38;5;41m[64152942]&amp#27;[0m&amp#27;[38;5;86m[HTTP]&amp#27;[0m &amp#27;[37m-->&amp#27;[39m &amp#27;[37mPOST&amp#27;[39m &amp#27;[37m/session/64152942-db32-4d43-a757-cbaa09835416/element/00000000-0000-0056-ffff-ffff00000098/click&amp#27;[39m &amp#27;[90m{"id":"00000000-0000-0056-ffff-ffff00000098"}&amp#27;[39m
&amp#27;[38;5;41m[64152942]&amp#27;[0m&amp#27;[38;5;-85m[AndroidUiautomator2Driver@f44b]&amp#27;[0m Calling AppiumDriver.click() with args: ["00000000-0000-0056-ffff-ffff00000098","64152942-db32-4d43-a757-cbaa09835416"]
&amp#27;[38;5;41m[64152942]&amp#27;[0m&amp#27;[38;5;-85m[AndroidUiautomator2Driver@f44b]&amp#27;[0m Matched '/element/00000000-0000-0056-ffff-ffff00000098/click' to command name 'click'
&amp#27;[38;5;41m[64152942]&amp#27;[0m&amp#27;[38;5;-85m[AndroidUiautomator2Driver@f44b]&amp#27;[0m Proxying [POST /element/00000000-0000-0056-ffff-ffff00000098/click] to [POST http://127.0.0.1:8200/session/1a3eb104-eb3c-4bef-b406-622cb498264b/element/00000000-0000-0056-ffff-ffff00000098/click] with body: {"element":"00000000-0000-0056-ffff-ffff00000098"}
&amp#27;[38;5;41m[64152942]&amp#27;[0m&amp#27;[38;5;-85m[AndroidUiautomator2Driver@f44b]&amp#27;[0m Got response with status 200: {"sessionId":"1a3eb104-eb3c-4bef-b406-622cb498264b","value":null}
&amp#27;[38;5;41m[64152942]&amp#27;[0m&amp#27;[38;5;-85m[AndroidUiautomator2Driver@f44b]&amp#27;[0m Responding to client with driver.click() result: null
&amp#27;[38;5;41m[64152942]&amp#27;[0m&amp#27;[38;5;86m[HTTP]&amp#27;[0m &amp#27;[37m<-- POST /session/64152942-db32-4d43-a757-cbaa09835416/element/00000000-0000-0056-ffff-ffff00000098/click &amp#27;[39m&amp#27;[32m200&amp#27;[39m &amp#27;[90m109 ms - 14&amp#27;[39m &amp#27;[90m&amp#27;[39m
]]></system-out>
    <system-err><![CDATA[SLF4J: Failed to load class "org.slf4j.impl.StaticLoggerBinder".
SLF4J: Defaulting to no-operation (NOP) logger implementation
SLF4J: See http://www.slf4j.org/codes.html#StaticLoggerBinder for further details.
]]></system-err>
  </testcase>
  <testcase name="CartPage[Nigga, Female, Chad](2)" classname="com.Appium.Ecommerce" time="29.874">
    <system-out><![CDATA[&amp#27;[38;5;41m[64152942]&amp#27;[0m&amp#27;[38;5;86m[HTTP]&amp#27;[0m &amp#27;[37m-->&amp#27;[39m &amp#27;[37mPOST&amp#27;[39m &amp#27;[37m/session/64152942-db32-4d43-a757-cbaa09835416/execute/sync&amp#27;[39m &amp#27;[90m{"args":[{"intent":"com.androidsample.generalstore/com.androidsample.generalstore.MainActivity"}],"script":"mobile: startActivity"}&amp#27;[39m
&amp#27;[38;5;41m[64152942]&amp#27;[0m&amp#27;[38;5;-85m[AndroidUiautomator2Driver@f44b]&amp#27;[0m Calling AppiumDriver.execute() with args: ["mobile: startActivity",[{"intent":"com.androidsample.generalstore/com.androidsample.generalstore.MainActivity"}],"64152942-db32-4d43-a757-cbaa09835416"]
&amp#27;[38;5;41m[64152942]&amp#27;[0m&amp#27;[38;5;-85m[AndroidUiautomator2Driver@f44b]&amp#27;[0m Executing native command 'mobile: startActivity'
&amp#27;[38;5;41m[64152942]&amp#27;[0m&amp#27;[38;5;229m[ADB]&amp#27;[0m Running 'C:\Users\shank\AppData\Local\Android\Sdk\platform-tools\adb.exe -P 5037 -s emulator-5554 shell am start-activity com.androidsample.generalstore/com.androidsample.generalstore.MainActivity'
&amp#27;[38;5;41m[64152942]&amp#27;[0m&amp#27;[38;5;-85m[AndroidUiautomator2Driver@f44b]&amp#27;[0m Responding to client with driver.execute() result: "Starting: Intent { act=android.intent.action.MAIN cat=[android.intent.category.LAUNCHER] cmp=com.androidsample.generalstore/.MainActivity }"
&amp#27;[38;5;41m[64152942]&amp#27;[0m&amp#27;[38;5;86m[HTTP]&amp#27;[0m &amp#27;[37m<-- POST /session/64152942-db32-4d43-a757-cbaa09835416/execute/sync &amp#27;[39m&amp#27;[32m200&amp#27;[39m &amp#27;[90m156 ms - 151&amp#27;[39m &amp#27;[90m&amp#27;[39m
&amp#27;[38;5;41m[64152942]&amp#27;[0m&amp#27;[38;5;86m[HTTP]&amp#27;[0m &amp#27;[37m-->&amp#27;[39m &amp#27;[37mGET&amp#27;[39m &amp#27;[37m/session/64152942-db32-4d43-a757-cbaa09835416/context&amp#27;[39m &amp#27;[90m{}&amp#27;[39m
&amp#27;[38;5;41m[64152942]&amp#27;[0m&amp#27;[38;5;-85m[AndroidUiautomator2Driver@f44b]&amp#27;[0m Calling AppiumDriver.getCurrentContext() with args: ["64152942-db32-4d43-a757-cbaa09835416"]
&amp#27;[38;5;41m[64152942]&amp#27;[0m&amp#27;[38;5;-85m[AndroidUiautomator2Driver@f44b]&amp#27;[0m Responding to client with driver.getCurrentContext() result: "NATIVE_APP"
&amp#27;[38;5;41m[64152942]&amp#27;[0m&amp#27;[38;5;86m[HTTP]&amp#27;[0m &amp#27;[37m<-- GET /session/64152942-db32-4d43-a757-cbaa09835416/context &amp#27;[39m&amp#27;[32m200&amp#27;[39m &amp#27;[90m2 ms - 22&amp#27;[39m &amp#27;[90m&amp#27;[39m
&amp#27;[38;5;41m[64152942]&amp#27;[0m&amp#27;[38;5;86m[HTTP]&amp#27;[0m &amp#27;[37m-->&amp#27;[39m &amp#27;[37mPOST&amp#27;[39m &amp#27;[37m/session/64152942-db32-4d43-a757-cbaa09835416/element&amp#27;[39m &amp#27;[90m{"value":"com.androidsample.generalstore:id/nameField","using":"id"}&amp#27;[39m
&amp#27;[38;5;41m[64152942]&amp#27;[0m&amp#27;[38;5;-85m[AndroidUiautomator2Driver@f44b]&amp#27;[0m Calling AppiumDriver.findElement() with args: ["id","com.androidsample.generalstore:id/nameField","64152942-db32-4d43-a757-cbaa09835416"]
&amp#27;[38;5;41m[64152942]&amp#27;[0m&amp#27;[38;5;-85m[AndroidUiautomator2Driver@f44b]&amp#27;[0m Valid locator strategies for this request: xpath, id, class name, accessibility id, css selector, -android uiautomator
&amp#27;[38;5;41m[64152942]&amp#27;[0m&amp#27;[38;5;-85m[AndroidUiautomator2Driver@f44b]&amp#27;[0m Waiting up to 10000 ms for condition
&amp#27;[38;5;41m[64152942]&amp#27;[0m&amp#27;[38;5;-85m[AndroidUiautomator2Driver@f44b]&amp#27;[0m Matched '/element' to command name 'findElement'
&amp#27;[38;5;41m[64152942]&amp#27;[0m&amp#27;[38;5;-85m[AndroidUiautomator2Driver@f44b]&amp#27;[0m Proxying [POST /element] to [POST http://127.0.0.1:8200/session/1a3eb104-eb3c-4bef-b406-622cb498264b/element] with body: {"strategy":"id","selector":"com.androidsample.generalstore:id/nameField","context":"","multiple":false}
&amp#27;[38;5;41m[64152942]&amp#27;[0m&amp#27;[38;5;-85m[AndroidUiautomator2Driver@f44b]&amp#27;[0m Got response with status 404: {"sessionId":"1a3eb104-eb3c-4bef-b406-622cb498264b","value":{"error":"no such element","message":"An element could not be located on the page using the given search parameters","stacktrace":"io.appium.uiautomator2.common.exceptions.ElementNotFoundException: An element could not be located on the page using the given search parameters\n\tat io.appium.uiautomator2.handler.FindElement.safeHandle(FindElement.java:63)\n\tat io.appium.uiautomator2.handler.request.SafeRequestHandler.handle(SafeRequestHandler.java:59)\n\tat io.appium.uiautomator2.server.AppiumServlet.handleRequest(AppiumServlet.java:259)\n\tat io.appium.uiautomator2.server.AppiumServlet.handleHttpRequest(AppiumServlet.java:253)\n\tat io.appium.uiautomator2.http.ServerHandler.channelRead(ServerHandler.java:77)\n\tat io.netty.channel.AbstractChannelHandlerContext.invokeChannelRead(AbstractChannelHandlerContext.java:366)\n\tat io.netty.channel.AbstractChannelHandlerContext.invokeChannelRead(AbstractChannelHandlerContext.java:352)\n\tat io.netty.chann...
&amp#27;[38;5;41m[64152942]&amp#27;[0m&amp#27;[38;5;123m[W3C]&amp#27;[0m Matched W3C error code 'no such element' to NoSuchElementError
&amp#27;[38;5;41m[64152942]&amp#27;[0m&amp#27;[38;5;-85m[AndroidUiautomator2Driver@f44b]&amp#27;[0m Waited for 2416 ms so far
&amp#27;[38;5;41m[64152942]&amp#27;[0m&amp#27;[38;5;-85m[AndroidUiautomator2Driver@f44b]&amp#27;[0m Matched '/element' to command name 'findElement'
&amp#27;[38;5;41m[64152942]&amp#27;[0m&amp#27;[38;5;-85m[AndroidUiautomator2Driver@f44b]&amp#27;[0m Proxying [POST /element] to [POST http://127.0.0.1:8200/session/1a3eb104-eb3c-4bef-b406-622cb498264b/element] with body: {"strategy":"id","selector":"com.androidsample.generalstore:id/nameField","context":"","multiple":false}
&amp#27;[38;5;41m[64152942]&amp#27;[0m&amp#27;[38;5;-85m[AndroidUiautomator2Driver@f44b]&amp#27;[0m Got response with status 200: {"sessionId":"1a3eb104-eb3c-4bef-b406-622cb498264b","value":{"ELEMENT":"00000000-0000-0059-ffff-ffff000000e6","element-6066-11e4-a52e-4f735466cecf":"00000000-0000-0059-ffff-ffff000000e6"}}
&amp#27;[38;5;41m[64152942]&amp#27;[0m&amp#27;[38;5;-85m[AndroidUiautomator2Driver@f44b]&amp#27;[0m Responding to client with driver.findElement() result: {"element-6066-11e4-a52e-4f735466cecf":"00000000-0000-0059-ffff-ffff000000e6","ELEMENT":"00000000-0000-0059-ffff-ffff000000e6"}
&amp#27;[38;5;41m[64152942]&amp#27;[0m&amp#27;[38;5;86m[HTTP]&amp#27;[0m &amp#27;[37m<-- POST /session/64152942-db32-4d43-a757-cbaa09835416/element &amp#27;[39m&amp#27;[32m200&amp#27;[39m &amp#27;[90m3063 ms - 137&amp#27;[39m &amp#27;[90m&amp#27;[39m
&amp#27;[38;5;41m[64152942]&amp#27;[0m&amp#27;[38;5;86m[HTTP]&amp#27;[0m &amp#27;[37m-->&amp#27;[39m &amp#27;[37mPOST&amp#27;[39m &amp#27;[37m/session/64152942-db32-4d43-a757-cbaa09835416/element/00000000-0000-0059-ffff-ffff000000e6/value&amp#27;[39m &amp#27;[90m{"text":"Nigga","value":["N","i","g","g","a"],"id":"00000000-0000-0059-ffff-ffff000000e6"}&amp#27;[39m
&amp#27;[38;5;41m[64152942]&amp#27;[0m&amp#27;[38;5;-85m[AndroidUiautomator2Driver@f44b]&amp#27;[0m Calling AppiumDriver.setValue() with args: [["N","i","g","g","a"],"00000000-0000-0059-ffff-ffff000000e6","64152942-db32-4d43-a757-cbaa09835416"]
&amp#27;[38;5;41m[64152942]&amp#27;[0m&amp#27;[38;5;-85m[AndroidUiautomator2Driver@f44b]&amp#27;[0m Matched '/element/00000000-0000-0059-ffff-ffff000000e6/value' to command name 'setValue'
&amp#27;[38;5;41m[64152942]&amp#27;[0m&amp#27;[38;5;-85m[AndroidUiautomator2Driver@f44b]&amp#27;[0m Added 'value' property ["N","i","g","g","a"] to 'setValue' request body
&amp#27;[38;5;41m[64152942]&amp#27;[0m&amp#27;[38;5;-85m[AndroidUiautomator2Driver@f44b]&amp#27;[0m Proxying [POST /element/00000000-0000-0059-ffff-ffff000000e6/value] to [POST http://127.0.0.1:8200/session/1a3eb104-eb3c-4bef-b406-622cb498264b/element/00000000-0000-0059-ffff-ffff000000e6/value] with body: {"elementId":"00000000-0000-0059-ffff-ffff000000e6","text":"Nigga","replace":false,"value":["N","i","g","g","a"]}
&amp#27;[38;5;41m[64152942]&amp#27;[0m&amp#27;[38;5;-85m[AndroidUiautomator2Driver@f44b]&amp#27;[0m Got response with status 200: {"sessionId":"1a3eb104-eb3c-4bef-b406-622cb498264b","value":null}
&amp#27;[38;5;41m[64152942]&amp#27;[0m&amp#27;[38;5;-85m[AndroidUiautomator2Driver@f44b]&amp#27;[0m Responding to client with driver.setValue() result: null
&amp#27;[38;5;41m[64152942]&amp#27;[0m&amp#27;[38;5;86m[HTTP]&amp#27;[0m &amp#27;[37m<-- POST /session/64152942-db32-4d43-a757-cbaa09835416/element/00000000-0000-0059-ffff-ffff000000e6/value &amp#27;[39m&amp#27;[32m200&amp#27;[39m &amp#27;[90m563 ms - 14&amp#27;[39m &amp#27;[90m&amp#27;[39m
&amp#27;[38;5;41m[64152942]&amp#27;[0m&amp#27;[38;5;86m[HTTP]&amp#27;[0m &amp#27;[37m-->&amp#27;[39m &amp#27;[37mPOST&amp#27;[39m &amp#27;[37m/session/64152942-db32-4d43-a757-cbaa09835416/execute/sync&amp#27;[39m &amp#27;[90m{"args":[],"script":"mobile: hideKeyboard"}&amp#27;[39m
&amp#27;[38;5;41m[64152942]&amp#27;[0m&amp#27;[38;5;-85m[AndroidUiautomator2Driver@f44b]&amp#27;[0m Calling AppiumDriver.execute() with args: ["mobile: hideKeyboard",[],"64152942-db32-4d43-a757-cbaa09835416"]
&amp#27;[38;5;41m[64152942]&amp#27;[0m&amp#27;[38;5;-85m[AndroidUiautomator2Driver@f44b]&amp#27;[0m Executing native command 'mobile: hideKeyboard'
&amp#27;[38;5;41m[64152942]&amp#27;[0m&amp#27;[38;5;229m[ADB]&amp#27;[0m Running 'C:\Users\shank\AppData\Local\Android\Sdk\platform-tools\adb.exe -P 5037 -s emulator-5554 shell dumpsys input_method'
&amp#27;[38;5;41m[64152942]&amp#27;[0m&amp#27;[38;5;229m[ADB]&amp#27;[0m Keyboard has no UI; no closing necessary
&amp#27;[38;5;41m[64152942]&amp#27;[0m&amp#27;[38;5;-85m[AndroidUiautomator2Driver@f44b]&amp#27;[0m Responding to client with driver.execute() result: false
&amp#27;[38;5;41m[64152942]&amp#27;[0m&amp#27;[38;5;86m[HTTP]&amp#27;[0m &amp#27;[37m<-- POST /session/64152942-db32-4d43-a757-cbaa09835416/execute/sync &amp#27;[39m&amp#27;[32m200&amp#27;[39m &amp#27;[90m253 ms - 15&amp#27;[39m &amp#27;[90m&amp#27;[39m
&amp#27;[38;5;41m[64152942]&amp#27;[0m&amp#27;[38;5;86m[HTTP]&amp#27;[0m &amp#27;[37m-->&amp#27;[39m &amp#27;[37mGET&amp#27;[39m &amp#27;[37m/session/64152942-db32-4d43-a757-cbaa09835416/context&amp#27;[39m &amp#27;[90m{}&amp#27;[39m
&amp#27;[38;5;41m[64152942]&amp#27;[0m&amp#27;[38;5;-85m[AndroidUiautomator2Driver@f44b]&amp#27;[0m Calling AppiumDriver.getCurrentContext() with args: ["64152942-db32-4d43-a757-cbaa09835416"]
&amp#27;[38;5;41m[64152942]&amp#27;[0m&amp#27;[38;5;-85m[AndroidUiautomator2Driver@f44b]&amp#27;[0m Responding to client with driver.getCurrentContext() result: "NATIVE_APP"
&amp#27;[38;5;41m[64152942]&amp#27;[0m&amp#27;[38;5;86m[HTTP]&amp#27;[0m &amp#27;[37m<-- GET /session/64152942-db32-4d43-a757-cbaa09835416/context &amp#27;[39m&amp#27;[32m200&amp#27;[39m &amp#27;[90m2 ms - 22&amp#27;[39m &amp#27;[90m&amp#27;[39m
&amp#27;[38;5;41m[64152942]&amp#27;[0m&amp#27;[38;5;86m[HTTP]&amp#27;[0m &amp#27;[37m-->&amp#27;[39m &amp#27;[37mPOST&amp#27;[39m &amp#27;[37m/session/64152942-db32-4d43-a757-cbaa09835416/element&amp#27;[39m &amp#27;[90m{"value":"com.androidsample.generalstore:id/radioFemale","using":"id"}&amp#27;[39m
&amp#27;[38;5;41m[64152942]&amp#27;[0m&amp#27;[38;5;-85m[AndroidUiautomator2Driver@f44b]&amp#27;[0m Calling AppiumDriver.findElement() with args: ["id","com.androidsample.generalstore:id/radioFemale","64152942-db32-4d43-a757-cbaa09835416"]
&amp#27;[38;5;41m[64152942]&amp#27;[0m&amp#27;[38;5;-85m[AndroidUiautomator2Driver@f44b]&amp#27;[0m Valid locator strategies for this request: xpath, id, class name, accessibility id, css selector, -android uiautomator
&amp#27;[38;5;41m[64152942]&amp#27;[0m&amp#27;[38;5;-85m[AndroidUiautomator2Driver@f44b]&amp#27;[0m Waiting up to 10000 ms for condition
&amp#27;[38;5;41m[64152942]&amp#27;[0m&amp#27;[38;5;-85m[AndroidUiautomator2Driver@f44b]&amp#27;[0m Matched '/element' to command name 'findElement'
&amp#27;[38;5;41m[64152942]&amp#27;[0m&amp#27;[38;5;-85m[AndroidUiautomator2Driver@f44b]&amp#27;[0m Proxying [POST /element] to [POST http://127.0.0.1:8200/session/1a3eb104-eb3c-4bef-b406-622cb498264b/element] with body: {"strategy":"id","selector":"com.androidsample.generalstore:id/radioFemale","context":"","multiple":false}
&amp#27;[38;5;41m[64152942]&amp#27;[0m&amp#27;[38;5;-85m[AndroidUiautomator2Driver@f44b]&amp#27;[0m Got response with status 200: {"sessionId":"1a3eb104-eb3c-4bef-b406-622cb498264b","value":{"ELEMENT":"00000000-0000-0059-ffff-ffff000000ea","element-6066-11e4-a52e-4f735466cecf":"00000000-0000-0059-ffff-ffff000000ea"}}
&amp#27;[38;5;41m[64152942]&amp#27;[0m&amp#27;[38;5;-85m[AndroidUiautomator2Driver@f44b]&amp#27;[0m Responding to client with driver.findElement() result: {"element-6066-11e4-a52e-4f735466cecf":"00000000-0000-0059-ffff-ffff000000ea","ELEMENT":"00000000-0000-0059-ffff-ffff000000ea"}
&amp#27;[38;5;41m[64152942]&amp#27;[0m&amp#27;[38;5;86m[HTTP]&amp#27;[0m &amp#27;[37m<-- POST /session/64152942-db32-4d43-a757-cbaa09835416/element &amp#27;[39m&amp#27;[32m200&amp#27;[39m &amp#27;[90m250 ms - 137&amp#27;[39m &amp#27;[90m&amp#27;[39m
&amp#27;[38;5;41m[64152942]&amp#27;[0m&amp#27;[38;5;86m[HTTP]&amp#27;[0m &amp#27;[37m-->&amp#27;[39m &amp#27;[37mPOST&amp#27;[39m &amp#27;[37m/session/64152942-db32-4d43-a757-cbaa09835416/element/00000000-0000-0059-ffff-ffff000000ea/click&amp#27;[39m &amp#27;[90m{"id":"00000000-0000-0059-ffff-ffff000000ea"}&amp#27;[39m
&amp#27;[38;5;41m[64152942]&amp#27;[0m&amp#27;[38;5;-85m[AndroidUiautomator2Driver@f44b]&amp#27;[0m Calling AppiumDriver.click() with args: ["00000000-0000-0059-ffff-ffff000000ea","64152942-db32-4d43-a757-cbaa09835416"]
&amp#27;[38;5;41m[64152942]&amp#27;[0m&amp#27;[38;5;-85m[AndroidUiautomator2Driver@f44b]&amp#27;[0m Matched '/element/00000000-0000-0059-ffff-ffff000000ea/click' to command name 'click'
&amp#27;[38;5;41m[64152942]&amp#27;[0m&amp#27;[38;5;-85m[AndroidUiautomator2Driver@f44b]&amp#27;[0m Proxying [POST /element/00000000-0000-0059-ffff-ffff000000ea/click] to [POST http://127.0.0.1:8200/session/1a3eb104-eb3c-4bef-b406-622cb498264b/element/00000000-0000-0059-ffff-ffff000000ea/click] with body: {"element":"00000000-0000-0059-ffff-ffff000000ea"}
&amp#27;[38;5;41m[64152942]&amp#27;[0m&amp#27;[38;5;-85m[AndroidUiautomator2Driver@f44b]&amp#27;[0m Got response with status 200: {"sessionId":"1a3eb104-eb3c-4bef-b406-622cb498264b","value":null}
&amp#27;[38;5;41m[64152942]&amp#27;[0m&amp#27;[38;5;-85m[AndroidUiautomator2Driver@f44b]&amp#27;[0m Responding to client with driver.click() result: null
&amp#27;[38;5;41m[64152942]&amp#27;[0m&amp#27;[38;5;86m[HTTP]&amp#27;[0m &amp#27;[37m<-- POST /session/64152942-db32-4d43-a757-cbaa09835416/element/00000000-0000-0059-ffff-ffff000000ea/click &amp#27;[39m&amp#27;[32m200&amp#27;[39m &amp#27;[90m65 ms - 14&amp#27;[39m &amp#27;[90m&amp#27;[39m
&amp#27;[38;5;41m[64152942]&amp#27;[0m&amp#27;[38;5;86m[HTTP]&amp#27;[0m &amp#27;[37m-->&amp#27;[39m &amp#27;[37mGET&amp#27;[39m &amp#27;[37m/session/64152942-db32-4d43-a757-cbaa09835416/context&amp#27;[39m &amp#27;[90m{}&amp#27;[39m
&amp#27;[38;5;41m[64152942]&amp#27;[0m&amp#27;[38;5;-85m[AndroidUiautomator2Driver@f44b]&amp#27;[0m Calling AppiumDriver.getCurrentContext() with args: ["64152942-db32-4d43-a757-cbaa09835416"]
&amp#27;[38;5;41m[64152942]&amp#27;[0m&amp#27;[38;5;-85m[AndroidUiautomator2Driver@f44b]&amp#27;[0m Responding to client with driver.getCurrentContext() result: "NATIVE_APP"
&amp#27;[38;5;41m[64152942]&amp#27;[0m&amp#27;[38;5;86m[HTTP]&amp#27;[0m &amp#27;[37m<-- GET /session/64152942-db32-4d43-a757-cbaa09835416/context &amp#27;[39m&amp#27;[32m200&amp#27;[39m &amp#27;[90m1 ms - 22&amp#27;[39m &amp#27;[90m&amp#27;[39m
&amp#27;[38;5;41m[64152942]&amp#27;[0m&amp#27;[38;5;86m[HTTP]&amp#27;[0m &amp#27;[37m-->&amp#27;[39m &amp#27;[37mPOST&amp#27;[39m &amp#27;[37m/session/64152942-db32-4d43-a757-cbaa09835416/element&amp#27;[39m &amp#27;[90m{"value":"android:id/text1","using":"id"}&amp#27;[39m
&amp#27;[38;5;41m[64152942]&amp#27;[0m&amp#27;[38;5;-85m[AndroidUiautomator2Driver@f44b]&amp#27;[0m Calling AppiumDriver.findElement() with args: ["id","android:id/text1","64152942-db32-4d43-a757-cbaa09835416"]
&amp#27;[38;5;41m[64152942]&amp#27;[0m&amp#27;[38;5;-85m[AndroidUiautomator2Driver@f44b]&amp#27;[0m Valid locator strategies for this request: xpath, id, class name, accessibility id, css selector, -android uiautomator
&amp#27;[38;5;41m[64152942]&amp#27;[0m&amp#27;[38;5;-85m[AndroidUiautomator2Driver@f44b]&amp#27;[0m Waiting up to 10000 ms for condition
&amp#27;[38;5;41m[64152942]&amp#27;[0m&amp#27;[38;5;-85m[AndroidUiautomator2Driver@f44b]&amp#27;[0m Matched '/element' to command name 'findElement'
&amp#27;[38;5;41m[64152942]&amp#27;[0m&amp#27;[38;5;-85m[AndroidUiautomator2Driver@f44b]&amp#27;[0m Proxying [POST /element] to [POST http://127.0.0.1:8200/session/1a3eb104-eb3c-4bef-b406-622cb498264b/element] with body: {"strategy":"id","selector":"android:id/text1","context":"","multiple":false}
&amp#27;[38;5;41m[64152942]&amp#27;[0m&amp#27;[38;5;-85m[AndroidUiautomator2Driver@f44b]&amp#27;[0m Got response with status 200: {"sessionId":"1a3eb104-eb3c-4bef-b406-622cb498264b","value":{"ELEMENT":"00000000-0000-0059-ffff-ffff000000ee","element-6066-11e4-a52e-4f735466cecf":"00000000-0000-0059-ffff-ffff000000ee"}}
&amp#27;[38;5;41m[64152942]&amp#27;[0m&amp#27;[38;5;-85m[AndroidUiautomator2Driver@f44b]&amp#27;[0m Responding to client with driver.findElement() result: {"element-6066-11e4-a52e-4f735466cecf":"00000000-0000-0059-ffff-ffff000000ee","ELEMENT":"00000000-0000-0059-ffff-ffff000000ee"}
&amp#27;[38;5;41m[64152942]&amp#27;[0m&amp#27;[38;5;86m[HTTP]&amp#27;[0m &amp#27;[37m<-- POST /session/64152942-db32-4d43-a757-cbaa09835416/element &amp#27;[39m&amp#27;[32m200&amp#27;[39m &amp#27;[90m604 ms - 137&amp#27;[39m &amp#27;[90m&amp#27;[39m
&amp#27;[38;5;41m[64152942]&amp#27;[0m&amp#27;[38;5;86m[HTTP]&amp#27;[0m &amp#27;[37m-->&amp#27;[39m &amp#27;[37mPOST&amp#27;[39m &amp#27;[37m/session/64152942-db32-4d43-a757-cbaa09835416/element/00000000-0000-0059-ffff-ffff000000ee/click&amp#27;[39m &amp#27;[90m{"id":"00000000-0000-0059-ffff-ffff000000ee"}&amp#27;[39m
&amp#27;[38;5;41m[64152942]&amp#27;[0m&amp#27;[38;5;-85m[AndroidUiautomator2Driver@f44b]&amp#27;[0m Calling AppiumDriver.click() with args: ["00000000-0000-0059-ffff-ffff000000ee","64152942-db32-4d43-a757-cbaa09835416"]
&amp#27;[38;5;41m[64152942]&amp#27;[0m&amp#27;[38;5;-85m[AndroidUiautomator2Driver@f44b]&amp#27;[0m Matched '/element/00000000-0000-0059-ffff-ffff000000ee/click' to command name 'click'
&amp#27;[38;5;41m[64152942]&amp#27;[0m&amp#27;[38;5;-85m[AndroidUiautomator2Driver@f44b]&amp#27;[0m Proxying [POST /element/00000000-0000-0059-ffff-ffff000000ee/click] to [POST http://127.0.0.1:8200/session/1a3eb104-eb3c-4bef-b406-622cb498264b/element/00000000-0000-0059-ffff-ffff000000ee/click] with body: {"element":"00000000-0000-0059-ffff-ffff000000ee"}
&amp#27;[38;5;41m[64152942]&amp#27;[0m&amp#27;[38;5;-85m[AndroidUiautomator2Driver@f44b]&amp#27;[0m Got response with status 200: {"sessionId":"1a3eb104-eb3c-4bef-b406-622cb498264b","value":null}
&amp#27;[38;5;41m[64152942]&amp#27;[0m&amp#27;[38;5;-85m[AndroidUiautomator2Driver@f44b]&amp#27;[0m Responding to client with driver.click() result: null
&amp#27;[38;5;41m[64152942]&amp#27;[0m&amp#27;[38;5;86m[HTTP]&amp#27;[0m &amp#27;[37m<-- POST /session/64152942-db32-4d43-a757-cbaa09835416/element/00000000-0000-0059-ffff-ffff000000ee/click &amp#27;[39m&amp#27;[32m200&amp#27;[39m &amp#27;[90m112 ms - 14&amp#27;[39m &amp#27;[90m&amp#27;[39m
&amp#27;[38;5;41m[64152942]&amp#27;[0m&amp#27;[38;5;86m[HTTP]&amp#27;[0m &amp#27;[37m-->&amp#27;[39m &amp#27;[37mPOST&amp#27;[39m &amp#27;[37m/session/64152942-db32-4d43-a757-cbaa09835416/element&amp#27;[39m &amp#27;[90m{"value":"new UiScrollable(new UiSelector()).scrollIntoView(text(\"Chad\"));","using":"-android uiautomator"}&amp#27;[39m
&amp#27;[38;5;41m[64152942]&amp#27;[0m&amp#27;[38;5;-85m[AndroidUiautomator2Driver@f44b]&amp#27;[0m Calling AppiumDriver.findElement() with args: ["-android uiautomator","new UiScrollable(new UiSelector()).scrollIntoView(text(\"Chad\"));","64152942-db32-4d43-a757-cbaa09835416"]
&amp#27;[38;5;41m[64152942]&amp#27;[0m&amp#27;[38;5;-85m[AndroidUiautomator2Driver@f44b]&amp#27;[0m Valid locator strategies for this request: xpath, id, class name, accessibility id, css selector, -android uiautomator
&amp#27;[38;5;41m[64152942]&amp#27;[0m&amp#27;[38;5;-85m[AndroidUiautomator2Driver@f44b]&amp#27;[0m Waiting up to 10000 ms for condition
&amp#27;[38;5;41m[64152942]&amp#27;[0m&amp#27;[38;5;-85m[AndroidUiautomator2Driver@f44b]&amp#27;[0m Matched '/element' to command name 'findElement'
&amp#27;[38;5;41m[64152942]&amp#27;[0m&amp#27;[38;5;-85m[AndroidUiautomator2Driver@f44b]&amp#27;[0m Proxying [POST /element] to [POST http://127.0.0.1:8200/session/1a3eb104-eb3c-4bef-b406-622cb498264b/element] with body: {"strategy":"-android uiautomator","selector":"new UiScrollable(new UiSelector()).scrollIntoView(text(\"Chad\"));","context":"","multiple":false}
&amp#27;[38;5;41m[64152942]&amp#27;[0m&amp#27;[38;5;-85m[AndroidUiautomator2Driver@f44b]&amp#27;[0m Got response with status 200: {"sessionId":"1a3eb104-eb3c-4bef-b406-622cb498264b","value":{"ELEMENT":"00000000-0000-005a-ffff-ffff000000f8","element-6066-11e4-a52e-4f735466cecf":"00000000-0000-005a-ffff-ffff000000f8"}}
&amp#27;[38;5;41m[64152942]&amp#27;[0m&amp#27;[38;5;-85m[AndroidUiautomator2Driver@f44b]&amp#27;[0m Responding to client with driver.findElement() result: {"element-6066-11e4-a52e-4f735466cecf":"00000000-0000-005a-ffff-ffff000000f8","ELEMENT":"00000000-0000-005a-ffff-ffff000000f8"}
&amp#27;[38;5;41m[64152942]&amp#27;[0m&amp#27;[38;5;86m[HTTP]&amp#27;[0m &amp#27;[37m<-- POST /session/64152942-db32-4d43-a757-cbaa09835416/element &amp#27;[39m&amp#27;[32m200&amp#27;[39m &amp#27;[90m15756 ms - 137&amp#27;[39m &amp#27;[90m&amp#27;[39m
&amp#27;[38;5;41m[64152942]&amp#27;[0m&amp#27;[38;5;86m[HTTP]&amp#27;[0m &amp#27;[37m-->&amp#27;[39m &amp#27;[37mPOST&amp#27;[39m &amp#27;[37m/session/64152942-db32-4d43-a757-cbaa09835416/element&amp#27;[39m &amp#27;[90m{"value":"//android.widget.TextView[@text='Chad']","using":"xpath"}&amp#27;[39m
&amp#27;[38;5;41m[64152942]&amp#27;[0m&amp#27;[38;5;-85m[AndroidUiautomator2Driver@f44b]&amp#27;[0m Calling AppiumDriver.findElement() with args: ["xpath","//android.widget.TextView[@text='Chad']","64152942-db32-4d43-a757-cbaa09835416"]
&amp#27;[38;5;41m[64152942]&amp#27;[0m&amp#27;[38;5;-85m[AndroidUiautomator2Driver@f44b]&amp#27;[0m Valid locator strategies for this request: xpath, id, class name, accessibility id, css selector, -android uiautomator
&amp#27;[38;5;41m[64152942]&amp#27;[0m&amp#27;[38;5;-85m[AndroidUiautomator2Driver@f44b]&amp#27;[0m Waiting up to 10000 ms for condition
&amp#27;[38;5;41m[64152942]&amp#27;[0m&amp#27;[38;5;-85m[AndroidUiautomator2Driver@f44b]&amp#27;[0m Matched '/element' to command name 'findElement'
&amp#27;[38;5;41m[64152942]&amp#27;[0m&amp#27;[38;5;-85m[AndroidUiautomator2Driver@f44b]&amp#27;[0m Proxying [POST /element] to [POST http://127.0.0.1:8200/session/1a3eb104-eb3c-4bef-b406-622cb498264b/element] with body: {"strategy":"xpath","selector":"//android.widget.TextView[@text='Chad']","context":"","multiple":false}
&amp#27;[38;5;41m[64152942]&amp#27;[0m&amp#27;[38;5;-85m[AndroidUiautomator2Driver@f44b]&amp#27;[0m Got response with status 200: {"sessionId":"1a3eb104-eb3c-4bef-b406-622cb498264b","value":{"ELEMENT":"00000000-0000-005a-ffff-ffff000000f8","element-6066-11e4-a52e-4f735466cecf":"00000000-0000-005a-ffff-ffff000000f8"}}
&amp#27;[38;5;41m[64152942]&amp#27;[0m&amp#27;[38;5;-85m[AndroidUiautomator2Driver@f44b]&amp#27;[0m Responding to client with driver.findElement() result: {"element-6066-11e4-a52e-4f735466cecf":"00000000-0000-005a-ffff-ffff000000f8","ELEMENT":"00000000-0000-005a-ffff-ffff000000f8"}
&amp#27;[38;5;41m[64152942]&amp#27;[0m&amp#27;[38;5;86m[HTTP]&amp#27;[0m &amp#27;[37m<-- POST /session/64152942-db32-4d43-a757-cbaa09835416/element &amp#27;[39m&amp#27;[32m200&amp#27;[39m &amp#27;[90m148 ms - 137&amp#27;[39m &amp#27;[90m&amp#27;[39m
&amp#27;[38;5;41m[64152942]&amp#27;[0m&amp#27;[38;5;86m[HTTP]&amp#27;[0m &amp#27;[37m-->&amp#27;[39m &amp#27;[37mPOST&amp#27;[39m &amp#27;[37m/session/64152942-db32-4d43-a757-cbaa09835416/element/00000000-0000-005a-ffff-ffff000000f8/click&amp#27;[39m &amp#27;[90m{"id":"00000000-0000-005a-ffff-ffff000000f8"}&amp#27;[39m
&amp#27;[38;5;41m[64152942]&amp#27;[0m&amp#27;[38;5;-85m[AndroidUiautomator2Driver@f44b]&amp#27;[0m Calling AppiumDriver.click() with args: ["00000000-0000-005a-ffff-ffff000000f8","64152942-db32-4d43-a757-cbaa09835416"]
&amp#27;[38;5;41m[64152942]&amp#27;[0m&amp#27;[38;5;-85m[AndroidUiautomator2Driver@f44b]&amp#27;[0m Matched '/element/00000000-0000-005a-ffff-ffff000000f8/click' to command name 'click'
&amp#27;[38;5;41m[64152942]&amp#27;[0m&amp#27;[38;5;-85m[AndroidUiautomator2Driver@f44b]&amp#27;[0m Proxying [POST /element/00000000-0000-005a-ffff-ffff000000f8/click] to [POST http://127.0.0.1:8200/session/1a3eb104-eb3c-4bef-b406-622cb498264b/element/00000000-0000-005a-ffff-ffff000000f8/click] with body: {"element":"00000000-0000-005a-ffff-ffff000000f8"}
&amp#27;[38;5;41m[64152942]&amp#27;[0m&amp#27;[38;5;-85m[AndroidUiautomator2Driver@f44b]&amp#27;[0m Got response with status 200: {"sessionId":"1a3eb104-eb3c-4bef-b406-622cb498264b","value":null}
&amp#27;[38;5;41m[64152942]&amp#27;[0m&amp#27;[38;5;-85m[AndroidUiautomator2Driver@f44b]&amp#27;[0m Responding to client with driver.click() result: null
&amp#27;[38;5;41m[64152942]&amp#27;[0m&amp#27;[38;5;86m[HTTP]&amp#27;[0m &amp#27;[37m<-- POST /session/64152942-db32-4d43-a757-cbaa09835416/element/00000000-0000-005a-ffff-ffff000000f8/click &amp#27;[39m&amp#27;[32m200&amp#27;[39m &amp#27;[90m714 ms - 14&amp#27;[39m &amp#27;[90m&amp#27;[39m
&amp#27;[38;5;41m[64152942]&amp#27;[0m&amp#27;[38;5;86m[HTTP]&amp#27;[0m &amp#27;[37m-->&amp#27;[39m &amp#27;[37mGET&amp#27;[39m &amp#27;[37m/session/64152942-db32-4d43-a757-cbaa09835416/context&amp#27;[39m &amp#27;[90m{}&amp#27;[39m
&amp#27;[38;5;41m[64152942]&amp#27;[0m&amp#27;[38;5;-85m[AndroidUiautomator2Driver@f44b]&amp#27;[0m Calling AppiumDriver.getCurrentContext() with args: ["64152942-db32-4d43-a757-cbaa09835416"]
&amp#27;[38;5;41m[64152942]&amp#27;[0m&amp#27;[38;5;-85m[AndroidUiautomator2Driver@f44b]&amp#27;[0m Responding to client with driver.getCurrentContext() result: "NATIVE_APP"
&amp#27;[38;5;41m[64152942]&amp#27;[0m&amp#27;[38;5;86m[HTTP]&amp#27;[0m &amp#27;[37m<-- GET /session/64152942-db32-4d43-a757-cbaa09835416/context &amp#27;[39m&amp#27;[32m200&amp#27;[39m &amp#27;[90m4 ms - 22&amp#27;[39m &amp#27;[90m&amp#27;[39m
&amp#27;[38;5;41m[64152942]&amp#27;[0m&amp#27;[38;5;86m[HTTP]&amp#27;[0m &amp#27;[37m-->&amp#27;[39m &amp#27;[37mPOST&amp#27;[39m &amp#27;[37m/session/64152942-db32-4d43-a757-cbaa09835416/element&amp#27;[39m &amp#27;[90m{"value":"com.androidsample.generalstore:id/btnLetsShop","using":"id"}&amp#27;[39m
&amp#27;[38;5;41m[64152942]&amp#27;[0m&amp#27;[38;5;-85m[AndroidUiautomator2Driver@f44b]&amp#27;[0m Calling AppiumDriver.findElement() with args: ["id","com.androidsample.generalstore:id/btnLetsShop","64152942-db32-4d43-a757-cbaa09835416"]
&amp#27;[38;5;41m[64152942]&amp#27;[0m&amp#27;[38;5;-85m[AndroidUiautomator2Driver@f44b]&amp#27;[0m Valid locator strategies for this request: xpath, id, class name, accessibility id, css selector, -android uiautomator
&amp#27;[38;5;41m[64152942]&amp#27;[0m&amp#27;[38;5;-85m[AndroidUiautomator2Driver@f44b]&amp#27;[0m Waiting up to 10000 ms for condition
&amp#27;[38;5;41m[64152942]&amp#27;[0m&amp#27;[38;5;-85m[AndroidUiautomator2Driver@f44b]&amp#27;[0m Matched '/element' to command name 'findElement'
&amp#27;[38;5;41m[64152942]&amp#27;[0m&amp#27;[38;5;-85m[AndroidUiautomator2Driver@f44b]&amp#27;[0m Proxying [POST /element] to [POST http://127.0.0.1:8200/session/1a3eb104-eb3c-4bef-b406-622cb498264b/element] with body: {"strategy":"id","selector":"com.androidsample.generalstore:id/btnLetsShop","context":"","multiple":false}
&amp#27;[38;5;41m[64152942]&amp#27;[0m&amp#27;[38;5;-85m[AndroidUiautomator2Driver@f44b]&amp#27;[0m Got response with status 200: {"sessionId":"1a3eb104-eb3c-4bef-b406-622cb498264b","value":{"ELEMENT":"00000000-0000-0059-ffff-ffff000000eb","element-6066-11e4-a52e-4f735466cecf":"00000000-0000-0059-ffff-ffff000000eb"}}
&amp#27;[38;5;41m[64152942]&amp#27;[0m&amp#27;[38;5;-85m[AndroidUiautomator2Driver@f44b]&amp#27;[0m Responding to client with driver.findElement() result: {"element-6066-11e4-a52e-4f735466cecf":"00000000-0000-0059-ffff-ffff000000eb","ELEMENT":"00000000-0000-0059-ffff-ffff000000eb"}
&amp#27;[38;5;41m[64152942]&amp#27;[0m&amp#27;[38;5;86m[HTTP]&amp#27;[0m &amp#27;[37m<-- POST /session/64152942-db32-4d43-a757-cbaa09835416/element &amp#27;[39m&amp#27;[32m200&amp#27;[39m &amp#27;[90m36 ms - 137&amp#27;[39m &amp#27;[90m&amp#27;[39m
&amp#27;[38;5;41m[64152942]&amp#27;[0m&amp#27;[38;5;86m[HTTP]&amp#27;[0m &amp#27;[37m-->&amp#27;[39m &amp#27;[37mPOST&amp#27;[39m &amp#27;[37m/session/64152942-db32-4d43-a757-cbaa09835416/element/00000000-0000-0059-ffff-ffff000000eb/click&amp#27;[39m &amp#27;[90m{"id":"00000000-0000-0059-ffff-ffff000000eb"}&amp#27;[39m
&amp#27;[38;5;41m[64152942]&amp#27;[0m&amp#27;[38;5;-85m[AndroidUiautomator2Driver@f44b]&amp#27;[0m Calling AppiumDriver.click() with args: ["00000000-0000-0059-ffff-ffff000000eb","64152942-db32-4d43-a757-cbaa09835416"]
&amp#27;[38;5;41m[64152942]&amp#27;[0m&amp#27;[38;5;-85m[AndroidUiautomator2Driver@f44b]&amp#27;[0m Matched '/element/00000000-0000-0059-ffff-ffff000000eb/click' to command name 'click'
&amp#27;[38;5;41m[64152942]&amp#27;[0m&amp#27;[38;5;-85m[AndroidUiautomator2Driver@f44b]&amp#27;[0m Proxying [POST /element/00000000-0000-0059-ffff-ffff000000eb/click] to [POST http://127.0.0.1:8200/session/1a3eb104-eb3c-4bef-b406-622cb498264b/element/00000000-0000-0059-ffff-ffff000000eb/click] with body: {"element":"00000000-0000-0059-ffff-ffff000000eb"}
&amp#27;[38;5;41m[64152942]&amp#27;[0m&amp#27;[38;5;-85m[AndroidUiautomator2Driver@f44b]&amp#27;[0m Got response with status 200: {"sessionId":"1a3eb104-eb3c-4bef-b406-622cb498264b","value":null}
&amp#27;[38;5;41m[64152942]&amp#27;[0m&amp#27;[38;5;-85m[AndroidUiautomator2Driver@f44b]&amp#27;[0m Responding to client with driver.click() result: null
&amp#27;[38;5;41m[64152942]&amp#27;[0m&amp#27;[38;5;86m[HTTP]&amp#27;[0m &amp#27;[37m<-- POST /session/64152942-db32-4d43-a757-cbaa09835416/element/00000000-0000-0059-ffff-ffff000000eb/click &amp#27;[39m&amp#27;[32m200&amp#27;[39m &amp#27;[90m90 ms - 14&amp#27;[39m &amp#27;[90m&amp#27;[39m
&amp#27;[38;5;41m[64152942]&amp#27;[0m&amp#27;[38;5;86m[HTTP]&amp#27;[0m &amp#27;[37m-->&amp#27;[39m &amp#27;[37mGET&amp#27;[39m &amp#27;[37m/session/64152942-db32-4d43-a757-cbaa09835416/context&amp#27;[39m &amp#27;[90m{}&amp#27;[39m
&amp#27;[38;5;41m[64152942]&amp#27;[0m&amp#27;[38;5;-85m[AndroidUiautomator2Driver@f44b]&amp#27;[0m Calling AppiumDriver.getCurrentContext() with args: ["64152942-db32-4d43-a757-cbaa09835416"]
&amp#27;[38;5;41m[64152942]&amp#27;[0m&amp#27;[38;5;-85m[AndroidUiautomator2Driver@f44b]&amp#27;[0m Responding to client with driver.getCurrentContext() result: "NATIVE_APP"
&amp#27;[38;5;41m[64152942]&amp#27;[0m&amp#27;[38;5;86m[HTTP]&amp#27;[0m &amp#27;[37m<-- GET /session/64152942-db32-4d43-a757-cbaa09835416/context &amp#27;[39m&amp#27;[32m200&amp#27;[39m &amp#27;[90m2 ms - 22&amp#27;[39m &amp#27;[90m&amp#27;[39m
&amp#27;[38;5;41m[64152942]&amp#27;[0m&amp#27;[38;5;86m[HTTP]&amp#27;[0m &amp#27;[37m-->&amp#27;[39m &amp#27;[37mPOST&amp#27;[39m &amp#27;[37m/session/64152942-db32-4d43-a757-cbaa09835416/elements&amp#27;[39m &amp#27;[90m{"value":"(//android.widget.TextView[@text='ADD TO CART'])","using":"xpath"}&amp#27;[39m
&amp#27;[38;5;41m[64152942]&amp#27;[0m&amp#27;[38;5;-85m[AndroidUiautomator2Driver@f44b]&amp#27;[0m Calling AppiumDriver.findElements() with args: ["xpath","(//android.widget.TextView[@text='ADD TO CART'])","64152942-db32-4d43-a757-cbaa09835416"]
&amp#27;[38;5;41m[64152942]&amp#27;[0m&amp#27;[38;5;-85m[AndroidUiautomator2Driver@f44b]&amp#27;[0m Valid locator strategies for this request: xpath, id, class name, accessibility id, css selector, -android uiautomator
&amp#27;[38;5;41m[64152942]&amp#27;[0m&amp#27;[38;5;-85m[AndroidUiautomator2Driver@f44b]&amp#27;[0m Waiting up to 10000 ms for condition
&amp#27;[38;5;41m[64152942]&amp#27;[0m&amp#27;[38;5;-85m[AndroidUiautomator2Driver@f44b]&amp#27;[0m Matched '/elements' to command name 'findElements'
&amp#27;[38;5;41m[64152942]&amp#27;[0m&amp#27;[38;5;-85m[AndroidUiautomator2Driver@f44b]&amp#27;[0m Proxying [POST /elements] to [POST http://127.0.0.1:8200/session/1a3eb104-eb3c-4bef-b406-622cb498264b/elements] with body: {"strategy":"xpath","selector":"(//android.widget.TextView[@text='ADD TO CART'])","context":"","multiple":true}
&amp#27;[38;5;41m[64152942]&amp#27;[0m&amp#27;[38;5;-85m[AndroidUiautomator2Driver@f44b]&amp#27;[0m Got response with status 200: {"sessionId":"1a3eb104-eb3c-4bef-b406-622cb498264b","value":[{"ELEMENT":"00000000-0000-005b-ffff-ffff0000011a","element-6066-11e4-a52e-4f735466cecf":"00000000-0000-005b-ffff-ffff0000011a"},{"ELEMENT":"00000000-0000-005b-ffff-ffff00000122","element-6066-11e4-a52e-4f735466cecf":"00000000-0000-005b-ffff-ffff00000122"}]}
&amp#27;[38;5;41m[64152942]&amp#27;[0m&amp#27;[38;5;-85m[AndroidUiautomator2Driver@f44b]&amp#27;[0m Responding to client with driver.findElements() result: [{"element-6066-11e4-a52e-4f735466cecf":"00000000-0000-005b-ffff-ffff0000011a","ELEMENT":"00000000-0000-005b-ffff-ffff0000011a"},{"element-6066-11e4-a52e-4f735466cecf":"00000000-0000-005b-ffff-ffff00000122","ELEMENT":"00000000-0000-005b-ffff-ffff00000122"}]
&amp#27;[38;5;41m[64152942]&amp#27;[0m&amp#27;[38;5;86m[HTTP]&amp#27;[0m &amp#27;[37m<-- POST /session/64152942-db32-4d43-a757-cbaa09835416/elements &amp#27;[39m&amp#27;[32m200&amp#27;[39m &amp#27;[90m1215 ms - 267&amp#27;[39m &amp#27;[90m&amp#27;[39m
&amp#27;[38;5;41m[64152942]&amp#27;[0m&amp#27;[38;5;86m[HTTP]&amp#27;[0m &amp#27;[37m-->&amp#27;[39m &amp#27;[37mPOST&amp#27;[39m &amp#27;[37m/session/64152942-db32-4d43-a757-cbaa09835416/element/00000000-0000-005b-ffff-ffff0000011a/click&amp#27;[39m &amp#27;[90m{"id":"00000000-0000-005b-ffff-ffff0000011a"}&amp#27;[39m
&amp#27;[38;5;41m[64152942]&amp#27;[0m&amp#27;[38;5;-85m[AndroidUiautomator2Driver@f44b]&amp#27;[0m Calling AppiumDriver.click() with args: ["00000000-0000-005b-ffff-ffff0000011a","64152942-db32-4d43-a757-cbaa09835416"]
&amp#27;[38;5;41m[64152942]&amp#27;[0m&amp#27;[38;5;-85m[AndroidUiautomator2Driver@f44b]&amp#27;[0m Matched '/element/00000000-0000-005b-ffff-ffff0000011a/click' to command name 'click'
&amp#27;[38;5;41m[64152942]&amp#27;[0m&amp#27;[38;5;-85m[AndroidUiautomator2Driver@f44b]&amp#27;[0m Proxying [POST /element/00000000-0000-005b-ffff-ffff0000011a/click] to [POST http://127.0.0.1:8200/session/1a3eb104-eb3c-4bef-b406-622cb498264b/element/00000000-0000-005b-ffff-ffff0000011a/click] with body: {"element":"00000000-0000-005b-ffff-ffff0000011a"}
&amp#27;[38;5;41m[64152942]&amp#27;[0m&amp#27;[38;5;-85m[AndroidUiautomator2Driver@f44b]&amp#27;[0m Got response with status 200: {"sessionId":"1a3eb104-eb3c-4bef-b406-622cb498264b","value":null}
&amp#27;[38;5;41m[64152942]&amp#27;[0m&amp#27;[38;5;-85m[AndroidUiautomator2Driver@f44b]&amp#27;[0m Responding to client with driver.click() result: null
&amp#27;[38;5;41m[64152942]&amp#27;[0m&amp#27;[38;5;86m[HTTP]&amp#27;[0m &amp#27;[37m<-- POST /session/64152942-db32-4d43-a757-cbaa09835416/element/00000000-0000-005b-ffff-ffff0000011a/click &amp#27;[39m&amp#27;[32m200&amp#27;[39m &amp#27;[90m140 ms - 14&amp#27;[39m &amp#27;[90m&amp#27;[39m
&amp#27;[38;5;41m[64152942]&amp#27;[0m&amp#27;[38;5;86m[HTTP]&amp#27;[0m &amp#27;[37m-->&amp#27;[39m &amp#27;[37mGET&amp#27;[39m &amp#27;[37m/session/64152942-db32-4d43-a757-cbaa09835416/context&amp#27;[39m &amp#27;[90m{}&amp#27;[39m
&amp#27;[38;5;41m[64152942]&amp#27;[0m&amp#27;[38;5;-85m[AndroidUiautomator2Driver@f44b]&amp#27;[0m Calling AppiumDriver.getCurrentContext() with args: ["64152942-db32-4d43-a757-cbaa09835416"]
&amp#27;[38;5;41m[64152942]&amp#27;[0m&amp#27;[38;5;-85m[AndroidUiautomator2Driver@f44b]&amp#27;[0m Responding to client with driver.getCurrentContext() result: "NATIVE_APP"
&amp#27;[38;5;41m[64152942]&amp#27;[0m&amp#27;[38;5;86m[HTTP]&amp#27;[0m &amp#27;[37m<-- GET /session/64152942-db32-4d43-a757-cbaa09835416/context &amp#27;[39m&amp#27;[32m200&amp#27;[39m &amp#27;[90m3 ms - 22&amp#27;[39m &amp#27;[90m&amp#27;[39m
&amp#27;[38;5;41m[64152942]&amp#27;[0m&amp#27;[38;5;86m[HTTP]&amp#27;[0m &amp#27;[37m-->&amp#27;[39m &amp#27;[37mPOST&amp#27;[39m &amp#27;[37m/session/64152942-db32-4d43-a757-cbaa09835416/elements&amp#27;[39m &amp#27;[90m{"value":"(//android.widget.TextView[@text='ADD TO CART'])","using":"xpath"}&amp#27;[39m
&amp#27;[38;5;41m[64152942]&amp#27;[0m&amp#27;[38;5;-85m[AndroidUiautomator2Driver@f44b]&amp#27;[0m Calling AppiumDriver.findElements() with args: ["xpath","(//android.widget.TextView[@text='ADD TO CART'])","64152942-db32-4d43-a757-cbaa09835416"]
&amp#27;[38;5;41m[64152942]&amp#27;[0m&amp#27;[38;5;-85m[AndroidUiautomator2Driver@f44b]&amp#27;[0m Valid locator strategies for this request: xpath, id, class name, accessibility id, css selector, -android uiautomator
&amp#27;[38;5;41m[64152942]&amp#27;[0m&amp#27;[38;5;-85m[AndroidUiautomator2Driver@f44b]&amp#27;[0m Waiting up to 10000 ms for condition
&amp#27;[38;5;41m[64152942]&amp#27;[0m&amp#27;[38;5;-85m[AndroidUiautomator2Driver@f44b]&amp#27;[0m Matched '/elements' to command name 'findElements'
&amp#27;[38;5;41m[64152942]&amp#27;[0m&amp#27;[38;5;-85m[AndroidUiautomator2Driver@f44b]&amp#27;[0m Proxying [POST /elements] to [POST http://127.0.0.1:8200/session/1a3eb104-eb3c-4bef-b406-622cb498264b/elements] with body: {"strategy":"xpath","selector":"(//android.widget.TextView[@text='ADD TO CART'])","context":"","multiple":true}
&amp#27;[38;5;41m[64152942]&amp#27;[0m&amp#27;[38;5;-85m[AndroidUiautomator2Driver@f44b]&amp#27;[0m Got response with status 200: {"sessionId":"1a3eb104-eb3c-4bef-b406-622cb498264b","value":[{"ELEMENT":"00000000-0000-005b-ffff-ffff00000122","element-6066-11e4-a52e-4f735466cecf":"00000000-0000-005b-ffff-ffff00000122"}]}
&amp#27;[38;5;41m[64152942]&amp#27;[0m&amp#27;[38;5;-85m[AndroidUiautomator2Driver@f44b]&amp#27;[0m Responding to client with driver.findElements() result: [{"element-6066-11e4-a52e-4f735466cecf":"00000000-0000-005b-ffff-ffff00000122","ELEMENT":"00000000-0000-005b-ffff-ffff00000122"}]
&amp#27;[38;5;41m[64152942]&amp#27;[0m&amp#27;[38;5;86m[HTTP]&amp#27;[0m &amp#27;[37m<-- POST /session/64152942-db32-4d43-a757-cbaa09835416/elements &amp#27;[39m&amp#27;[32m200&amp#27;[39m &amp#27;[90m508 ms - 139&amp#27;[39m &amp#27;[90m&amp#27;[39m
&amp#27;[38;5;41m[64152942]&amp#27;[0m&amp#27;[38;5;86m[HTTP]&amp#27;[0m &amp#27;[37m-->&amp#27;[39m &amp#27;[37mPOST&amp#27;[39m &amp#27;[37m/session/64152942-db32-4d43-a757-cbaa09835416/element/00000000-0000-005b-ffff-ffff00000122/click&amp#27;[39m &amp#27;[90m{"id":"00000000-0000-005b-ffff-ffff00000122"}&amp#27;[39m
&amp#27;[38;5;41m[64152942]&amp#27;[0m&amp#27;[38;5;-85m[AndroidUiautomator2Driver@f44b]&amp#27;[0m Calling AppiumDriver.click() with args: ["00000000-0000-005b-ffff-ffff00000122","64152942-db32-4d43-a757-cbaa09835416"]
&amp#27;[38;5;41m[64152942]&amp#27;[0m&amp#27;[38;5;-85m[AndroidUiautomator2Driver@f44b]&amp#27;[0m Matched '/element/00000000-0000-005b-ffff-ffff00000122/click' to command name 'click'
&amp#27;[38;5;41m[64152942]&amp#27;[0m&amp#27;[38;5;-85m[AndroidUiautomator2Driver@f44b]&amp#27;[0m Proxying [POST /element/00000000-0000-005b-ffff-ffff00000122/click] to [POST http://127.0.0.1:8200/session/1a3eb104-eb3c-4bef-b406-622cb498264b/element/00000000-0000-005b-ffff-ffff00000122/click] with body: {"element":"00000000-0000-005b-ffff-ffff00000122"}
&amp#27;[38;5;41m[64152942]&amp#27;[0m&amp#27;[38;5;-85m[AndroidUiautomator2Driver@f44b]&amp#27;[0m Got response with status 200: {"sessionId":"1a3eb104-eb3c-4bef-b406-622cb498264b","value":null}
&amp#27;[38;5;41m[64152942]&amp#27;[0m&amp#27;[38;5;-85m[AndroidUiautomator2Driver@f44b]&amp#27;[0m Responding to client with driver.click() result: null
&amp#27;[38;5;41m[64152942]&amp#27;[0m&amp#27;[38;5;86m[HTTP]&amp#27;[0m &amp#27;[37m<-- POST /session/64152942-db32-4d43-a757-cbaa09835416/element/00000000-0000-005b-ffff-ffff00000122/click &amp#27;[39m&amp#27;[32m200&amp#27;[39m &amp#27;[90m546 ms - 14&amp#27;[39m &amp#27;[90m&amp#27;[39m
&amp#27;[38;5;41m[64152942]&amp#27;[0m&amp#27;[38;5;86m[HTTP]&amp#27;[0m &amp#27;[37m-->&amp#27;[39m &amp#27;[37mGET&amp#27;[39m &amp#27;[37m/session/64152942-db32-4d43-a757-cbaa09835416/context&amp#27;[39m &amp#27;[90m{}&amp#27;[39m
&amp#27;[38;5;41m[64152942]&amp#27;[0m&amp#27;[38;5;-85m[AndroidUiautomator2Driver@f44b]&amp#27;[0m Calling AppiumDriver.getCurrentContext() with args: ["64152942-db32-4d43-a757-cbaa09835416"]
&amp#27;[38;5;41m[64152942]&amp#27;[0m&amp#27;[38;5;-85m[AndroidUiautomator2Driver@f44b]&amp#27;[0m Responding to client with driver.getCurrentContext() result: "NATIVE_APP"
&amp#27;[38;5;41m[64152942]&amp#27;[0m&amp#27;[38;5;86m[HTTP]&amp#27;[0m &amp#27;[37m<-- GET /session/64152942-db32-4d43-a757-cbaa09835416/context &amp#27;[39m&amp#27;[32m200&amp#27;[39m &amp#27;[90m2 ms - 22&amp#27;[39m &amp#27;[90m&amp#27;[39m
&amp#27;[38;5;41m[64152942]&amp#27;[0m&amp#27;[38;5;86m[HTTP]&amp#27;[0m &amp#27;[37m-->&amp#27;[39m &amp#27;[37mPOST&amp#27;[39m &amp#27;[37m/session/64152942-db32-4d43-a757-cbaa09835416/element&amp#27;[39m &amp#27;[90m{"value":"com.androidsample.generalstore:id/appbar_btn_cart","using":"id"}&amp#27;[39m
&amp#27;[38;5;41m[64152942]&amp#27;[0m&amp#27;[38;5;-85m[AndroidUiautomator2Driver@f44b]&amp#27;[0m Calling AppiumDriver.findElement() with args: ["id","com.androidsample.generalstore:id/appbar_btn_cart","64152942-db32-4d43-a757-cbaa09835416"]
&amp#27;[38;5;41m[64152942]&amp#27;[0m&amp#27;[38;5;-85m[AndroidUiautomator2Driver@f44b]&amp#27;[0m Valid locator strategies for this request: xpath, id, class name, accessibility id, css selector, -android uiautomator
&amp#27;[38;5;41m[64152942]&amp#27;[0m&amp#27;[38;5;-85m[AndroidUiautomator2Driver@f44b]&amp#27;[0m Waiting up to 10000 ms for condition
&amp#27;[38;5;41m[64152942]&amp#27;[0m&amp#27;[38;5;-85m[AndroidUiautomator2Driver@f44b]&amp#27;[0m Matched '/element' to command name 'findElement'
&amp#27;[38;5;41m[64152942]&amp#27;[0m&amp#27;[38;5;-85m[AndroidUiautomator2Driver@f44b]&amp#27;[0m Proxying [POST /element] to [POST http://127.0.0.1:8200/session/1a3eb104-eb3c-4bef-b406-622cb498264b/element] with body: {"strategy":"id","selector":"com.androidsample.generalstore:id/appbar_btn_cart","context":"","multiple":false}
&amp#27;[38;5;41m[64152942]&amp#27;[0m&amp#27;[38;5;-85m[AndroidUiautomator2Driver@f44b]&amp#27;[0m Got response with status 200: {"sessionId":"1a3eb104-eb3c-4bef-b406-622cb498264b","value":{"ELEMENT":"00000000-0000-005b-ffff-ffff0000010d","element-6066-11e4-a52e-4f735466cecf":"00000000-0000-005b-ffff-ffff0000010d"}}
&amp#27;[38;5;41m[64152942]&amp#27;[0m&amp#27;[38;5;-85m[AndroidUiautomator2Driver@f44b]&amp#27;[0m Responding to client with driver.findElement() result: {"element-6066-11e4-a52e-4f735466cecf":"00000000-0000-005b-ffff-ffff0000010d","ELEMENT":"00000000-0000-005b-ffff-ffff0000010d"}
&amp#27;[38;5;41m[64152942]&amp#27;[0m&amp#27;[38;5;86m[HTTP]&amp#27;[0m &amp#27;[37m<-- POST /session/64152942-db32-4d43-a757-cbaa09835416/element &amp#27;[39m&amp#27;[32m200&amp#27;[39m &amp#27;[90m53 ms - 137&amp#27;[39m &amp#27;[90m&amp#27;[39m
&amp#27;[38;5;41m[64152942]&amp#27;[0m&amp#27;[38;5;86m[HTTP]&amp#27;[0m &amp#27;[37m-->&amp#27;[39m &amp#27;[37mPOST&amp#27;[39m &amp#27;[37m/session/64152942-db32-4d43-a757-cbaa09835416/element/00000000-0000-005b-ffff-ffff0000010d/click&amp#27;[39m &amp#27;[90m{"id":"00000000-0000-005b-ffff-ffff0000010d"}&amp#27;[39m
&amp#27;[38;5;41m[64152942]&amp#27;[0m&amp#27;[38;5;-85m[AndroidUiautomator2Driver@f44b]&amp#27;[0m Calling AppiumDriver.click() with args: ["00000000-0000-005b-ffff-ffff0000010d","64152942-db32-4d43-a757-cbaa09835416"]
&amp#27;[38;5;41m[64152942]&amp#27;[0m&amp#27;[38;5;-85m[AndroidUiautomator2Driver@f44b]&amp#27;[0m Matched '/element/00000000-0000-005b-ffff-ffff0000010d/click' to command name 'click'
&amp#27;[38;5;41m[64152942]&amp#27;[0m&amp#27;[38;5;-85m[AndroidUiautomator2Driver@f44b]&amp#27;[0m Proxying [POST /element/00000000-0000-005b-ffff-ffff0000010d/click] to [POST http://127.0.0.1:8200/session/1a3eb104-eb3c-4bef-b406-622cb498264b/element/00000000-0000-005b-ffff-ffff0000010d/click] with body: {"element":"00000000-0000-005b-ffff-ffff0000010d"}
&amp#27;[38;5;41m[64152942]&amp#27;[0m&amp#27;[38;5;-85m[AndroidUiautomator2Driver@f44b]&amp#27;[0m Got response with status 200: {"sessionId":"1a3eb104-eb3c-4bef-b406-622cb498264b","value":null}
&amp#27;[38;5;41m[64152942]&amp#27;[0m&amp#27;[38;5;-85m[AndroidUiautomator2Driver@f44b]&amp#27;[0m Responding to client with driver.click() result: null
&amp#27;[38;5;41m[64152942]&amp#27;[0m&amp#27;[38;5;86m[HTTP]&amp#27;[0m &amp#27;[37m<-- POST /session/64152942-db32-4d43-a757-cbaa09835416/element/00000000-0000-005b-ffff-ffff0000010d/click &amp#27;[39m&amp#27;[32m200&amp#27;[39m &amp#27;[90m85 ms - 14&amp#27;[39m &amp#27;[90m&amp#27;[39m
&amp#27;[38;5;41m[64152942]&amp#27;[0m&amp#27;[38;5;86m[HTTP]&amp#27;[0m &amp#27;[37m-->&amp#27;[39m &amp#27;[37mGET&amp#27;[39m &amp#27;[37m/session/64152942-db32-4d43-a757-cbaa09835416/context&amp#27;[39m &amp#27;[90m{}&amp#27;[39m
&amp#27;[38;5;41m[64152942]&amp#27;[0m&amp#27;[38;5;-85m[AndroidUiautomator2Driver@f44b]&amp#27;[0m Calling AppiumDriver.getCurrentContext() with args: ["64152942-db32-4d43-a757-cbaa09835416"]
&amp#27;[38;5;41m[64152942]&amp#27;[0m&amp#27;[38;5;-85m[AndroidUiautomator2Driver@f44b]&amp#27;[0m Responding to client with driver.getCurrentContext() result: "NATIVE_APP"
&amp#27;[38;5;41m[64152942]&amp#27;[0m&amp#27;[38;5;86m[HTTP]&amp#27;[0m &amp#27;[37m<-- GET /session/64152942-db32-4d43-a757-cbaa09835416/context &amp#27;[39m&amp#27;[32m200&amp#27;[39m &amp#27;[90m2 ms - 22&amp#27;[39m &amp#27;[90m&amp#27;[39m
&amp#27;[38;5;41m[64152942]&amp#27;[0m&amp#27;[38;5;86m[HTTP]&amp#27;[0m &amp#27;[37m-->&amp#27;[39m &amp#27;[37mPOST&amp#27;[39m &amp#27;[37m/session/64152942-db32-4d43-a757-cbaa09835416/elements&amp#27;[39m &amp#27;[90m{"value":"com.androidsample.generalstore:id/productPrice","using":"id"}&amp#27;[39m
&amp#27;[38;5;41m[64152942]&amp#27;[0m&amp#27;[38;5;-85m[AndroidUiautomator2Driver@f44b]&amp#27;[0m Calling AppiumDriver.findElements() with args: ["id","com.androidsample.generalstore:id/productPrice","64152942-db32-4d43-a757-cbaa09835416"]
&amp#27;[38;5;41m[64152942]&amp#27;[0m&amp#27;[38;5;-85m[AndroidUiautomator2Driver@f44b]&amp#27;[0m Valid locator strategies for this request: xpath, id, class name, accessibility id, css selector, -android uiautomator
&amp#27;[38;5;41m[64152942]&amp#27;[0m&amp#27;[38;5;-85m[AndroidUiautomator2Driver@f44b]&amp#27;[0m Waiting up to 10000 ms for condition
&amp#27;[38;5;41m[64152942]&amp#27;[0m&amp#27;[38;5;-85m[AndroidUiautomator2Driver@f44b]&amp#27;[0m Matched '/elements' to command name 'findElements'
&amp#27;[38;5;41m[64152942]&amp#27;[0m&amp#27;[38;5;-85m[AndroidUiautomator2Driver@f44b]&amp#27;[0m Proxying [POST /elements] to [POST http://127.0.0.1:8200/session/1a3eb104-eb3c-4bef-b406-622cb498264b/elements] with body: {"strategy":"id","selector":"com.androidsample.generalstore:id/productPrice","context":"","multiple":true}
&amp#27;[38;5;41m[64152942]&amp#27;[0m&amp#27;[38;5;-85m[AndroidUiautomator2Driver@f44b]&amp#27;[0m Got response with status 200: {"sessionId":"1a3eb104-eb3c-4bef-b406-622cb498264b","value":[{"ELEMENT":"00000000-0000-005c-ffff-ffff0000014f","element-6066-11e4-a52e-4f735466cecf":"00000000-0000-005c-ffff-ffff0000014f"},{"ELEMENT":"00000000-0000-005c-ffff-ffff00000157","element-6066-11e4-a52e-4f735466cecf":"00000000-0000-005c-ffff-ffff00000157"}]}
&amp#27;[38;5;41m[64152942]&amp#27;[0m&amp#27;[38;5;-85m[AndroidUiautomator2Driver@f44b]&amp#27;[0m Responding to client with driver.findElements() result: [{"element-6066-11e4-a52e-4f735466cecf":"00000000-0000-005c-ffff-ffff0000014f","ELEMENT":"00000000-0000-005c-ffff-ffff0000014f"},{"element-6066-11e4-a52e-4f735466cecf":"00000000-0000-005c-ffff-ffff00000157","ELEMENT":"00000000-0000-005c-ffff-ffff00000157"}]
&amp#27;[38;5;41m[64152942]&amp#27;[0m&amp#27;[38;5;86m[HTTP]&amp#27;[0m &amp#27;[37m<-- POST /session/64152942-db32-4d43-a757-cbaa09835416/elements &amp#27;[39m&amp#27;[32m200&amp#27;[39m &amp#27;[90m67 ms - 267&amp#27;[39m &amp#27;[90m&amp#27;[39m
&amp#27;[38;5;41m[64152942]&amp#27;[0m&amp#27;[38;5;86m[HTTP]&amp#27;[0m &amp#27;[37m-->&amp#27;[39m &amp#27;[37mGET&amp#27;[39m &amp#27;[37m/session/64152942-db32-4d43-a757-cbaa09835416/context&amp#27;[39m &amp#27;[90m{}&amp#27;[39m
&amp#27;[38;5;41m[64152942]&amp#27;[0m&amp#27;[38;5;-85m[AndroidUiautomator2Driver@f44b]&amp#27;[0m Calling AppiumDriver.getCurrentContext() with args: ["64152942-db32-4d43-a757-cbaa09835416"]
&amp#27;[38;5;41m[64152942]&amp#27;[0m&amp#27;[38;5;-85m[AndroidUiautomator2Driver@f44b]&amp#27;[0m Responding to client with driver.getCurrentContext() result: "NATIVE_APP"
&amp#27;[38;5;41m[64152942]&amp#27;[0m&amp#27;[38;5;86m[HTTP]&amp#27;[0m &amp#27;[37m<-- GET /session/64152942-db32-4d43-a757-cbaa09835416/context &amp#27;[39m&amp#27;[32m200&amp#27;[39m &amp#27;[90m2 ms - 22&amp#27;[39m &amp#27;[90m&amp#27;[39m
&amp#27;[38;5;41m[64152942]&amp#27;[0m&amp#27;[38;5;86m[HTTP]&amp#27;[0m &amp#27;[37m-->&amp#27;[39m &amp#27;[37mPOST&amp#27;[39m &amp#27;[37m/session/64152942-db32-4d43-a757-cbaa09835416/elements&amp#27;[39m &amp#27;[90m{"value":"com.androidsample.generalstore:id/productPrice","using":"id"}&amp#27;[39m
&amp#27;[38;5;41m[64152942]&amp#27;[0m&amp#27;[38;5;-85m[AndroidUiautomator2Driver@f44b]&amp#27;[0m Calling AppiumDriver.findElements() with args: ["id","com.androidsample.generalstore:id/productPrice","64152942-db32-4d43-a757-cbaa09835416"]
&amp#27;[38;5;41m[64152942]&amp#27;[0m&amp#27;[38;5;-85m[AndroidUiautomator2Driver@f44b]&amp#27;[0m Valid locator strategies for this request: xpath, id, class name, accessibility id, css selector, -android uiautomator
&amp#27;[38;5;41m[64152942]&amp#27;[0m&amp#27;[38;5;-85m[AndroidUiautomator2Driver@f44b]&amp#27;[0m Waiting up to 10000 ms for condition
&amp#27;[38;5;41m[64152942]&amp#27;[0m&amp#27;[38;5;-85m[AndroidUiautomator2Driver@f44b]&amp#27;[0m Matched '/elements' to command name 'findElements'
&amp#27;[38;5;41m[64152942]&amp#27;[0m&amp#27;[38;5;-85m[AndroidUiautomator2Driver@f44b]&amp#27;[0m Proxying [POST /elements] to [POST http://127.0.0.1:8200/session/1a3eb104-eb3c-4bef-b406-622cb498264b/elements] with body: {"strategy":"id","selector":"com.androidsample.generalstore:id/productPrice","context":"","multiple":true}
&amp#27;[38;5;41m[64152942]&amp#27;[0m&amp#27;[38;5;-85m[AndroidUiautomator2Driver@f44b]&amp#27;[0m Got response with status 200: {"sessionId":"1a3eb104-eb3c-4bef-b406-622cb498264b","value":[{"ELEMENT":"00000000-0000-005c-ffff-ffff0000014f","element-6066-11e4-a52e-4f735466cecf":"00000000-0000-005c-ffff-ffff0000014f"},{"ELEMENT":"00000000-0000-005c-ffff-ffff00000157","element-6066-11e4-a52e-4f735466cecf":"00000000-0000-005c-ffff-ffff00000157"}]}
&amp#27;[38;5;41m[64152942]&amp#27;[0m&amp#27;[38;5;-85m[AndroidUiautomator2Driver@f44b]&amp#27;[0m Responding to client with driver.findElements() result: [{"element-6066-11e4-a52e-4f735466cecf":"00000000-0000-005c-ffff-ffff0000014f","ELEMENT":"00000000-0000-005c-ffff-ffff0000014f"},{"element-6066-11e4-a52e-4f735466cecf":"00000000-0000-005c-ffff-ffff00000157","ELEMENT":"00000000-0000-005c-ffff-ffff00000157"}]
&amp#27;[38;5;41m[64152942]&amp#27;[0m&amp#27;[38;5;86m[HTTP]&amp#27;[0m &amp#27;[37m<-- POST /session/64152942-db32-4d43-a757-cbaa09835416/elements &amp#27;[39m&amp#27;[32m200&amp#27;[39m &amp#27;[90m40 ms - 267&amp#27;[39m &amp#27;[90m&amp#27;[39m
&amp#27;[38;5;41m[64152942]&amp#27;[0m&amp#27;[38;5;86m[HTTP]&amp#27;[0m &amp#27;[37m-->&amp#27;[39m &amp#27;[37mGET&amp#27;[39m &amp#27;[37m/session/64152942-db32-4d43-a757-cbaa09835416/element/00000000-0000-005c-ffff-ffff0000014f/text&amp#27;[39m &amp#27;[90m{}&amp#27;[39m
&amp#27;[38;5;41m[64152942]&amp#27;[0m&amp#27;[38;5;-85m[AndroidUiautomator2Driver@f44b]&amp#27;[0m Driver proxy active, passing request on via HTTP proxy
&amp#27;[38;5;41m[64152942]&amp#27;[0m&amp#27;[38;5;-85m[AndroidUiautomator2Driver@f44b]&amp#27;[0m Matched '/session/64152942-db32-4d43-a757-cbaa09835416/element/00000000-0000-005c-ffff-ffff0000014f/text' to command name 'getText'
&amp#27;[38;5;41m[64152942]&amp#27;[0m&amp#27;[38;5;-85m[AndroidUiautomator2Driver@f44b]&amp#27;[0m Proxying [GET /session/64152942-db32-4d43-a757-cbaa09835416/element/00000000-0000-005c-ffff-ffff0000014f/text] to [GET http://127.0.0.1:8200/session/1a3eb104-eb3c-4bef-b406-622cb498264b/element/00000000-0000-005c-ffff-ffff0000014f/text] with no body
&amp#27;[38;5;41m[64152942]&amp#27;[0m&amp#27;[38;5;-85m[AndroidUiautomator2Driver@f44b]&amp#27;[0m Got response with status 200: {"sessionId":"1a3eb104-eb3c-4bef-b406-622cb498264b","value":"$160.97"}
&amp#27;[38;5;41m[64152942]&amp#27;[0m&amp#27;[38;5;-85m[AndroidUiautomator2Driver@f44b]&amp#27;[0m Replacing sessionId 1a3eb104-eb3c-4bef-b406-622cb498264b with 64152942-db32-4d43-a757-cbaa09835416
&amp#27;[38;5;41m[64152942]&amp#27;[0m&amp#27;[38;5;86m[HTTP]&amp#27;[0m &amp#27;[37m<-- GET /session/64152942-db32-4d43-a757-cbaa09835416/element/00000000-0000-005c-ffff-ffff0000014f/text &amp#27;[39m&amp#27;[32m200&amp#27;[39m &amp#27;[90m19 ms - 70&amp#27;[39m &amp#27;[90m&amp#27;[39m
&amp#27;[38;5;41m[64152942]&amp#27;[0m&amp#27;[38;5;86m[HTTP]&amp#27;[0m &amp#27;[37m-->&amp#27;[39m &amp#27;[37mGET&amp#27;[39m &amp#27;[37m/session/64152942-db32-4d43-a757-cbaa09835416/context&amp#27;[39m &amp#27;[90m{}&amp#27;[39m
&amp#27;[38;5;41m[64152942]&amp#27;[0m&amp#27;[38;5;-85m[AndroidUiautomator2Driver@f44b]&amp#27;[0m Calling AppiumDriver.getCurrentContext() with args: ["64152942-db32-4d43-a757-cbaa09835416"]
&amp#27;[38;5;41m[64152942]&amp#27;[0m&amp#27;[38;5;-85m[AndroidUiautomator2Driver@f44b]&amp#27;[0m Responding to client with driver.getCurrentContext() result: "NATIVE_APP"
&amp#27;[38;5;41m[64152942]&amp#27;[0m&amp#27;[38;5;86m[HTTP]&amp#27;[0m &amp#27;[37m<-- GET /session/64152942-db32-4d43-a757-cbaa09835416/context &amp#27;[39m&amp#27;[32m200&amp#27;[39m &amp#27;[90m1 ms - 22&amp#27;[39m &amp#27;[90m&amp#27;[39m
&amp#27;[38;5;41m[64152942]&amp#27;[0m&amp#27;[38;5;86m[HTTP]&amp#27;[0m &amp#27;[37m-->&amp#27;[39m &amp#27;[37mPOST&amp#27;[39m &amp#27;[37m/session/64152942-db32-4d43-a757-cbaa09835416/elements&amp#27;[39m &amp#27;[90m{"value":"com.androidsample.generalstore:id/productPrice","using":"id"}&amp#27;[39m
&amp#27;[38;5;41m[64152942]&amp#27;[0m&amp#27;[38;5;-85m[AndroidUiautomator2Driver@f44b]&amp#27;[0m Calling AppiumDriver.findElements() with args: ["id","com.androidsample.generalstore:id/productPrice","64152942-db32-4d43-a757-cbaa09835416"]
&amp#27;[38;5;41m[64152942]&amp#27;[0m&amp#27;[38;5;-85m[AndroidUiautomator2Driver@f44b]&amp#27;[0m Valid locator strategies for this request: xpath, id, class name, accessibility id, css selector, -android uiautomator
&amp#27;[38;5;41m[64152942]&amp#27;[0m&amp#27;[38;5;-85m[AndroidUiautomator2Driver@f44b]&amp#27;[0m Waiting up to 10000 ms for condition
&amp#27;[38;5;41m[64152942]&amp#27;[0m&amp#27;[38;5;-85m[AndroidUiautomator2Driver@f44b]&amp#27;[0m Matched '/elements' to command name 'findElements'
&amp#27;[38;5;41m[64152942]&amp#27;[0m&amp#27;[38;5;-85m[AndroidUiautomator2Driver@f44b]&amp#27;[0m Proxying [POST /elements] to [POST http://127.0.0.1:8200/session/1a3eb104-eb3c-4bef-b406-622cb498264b/elements] with body: {"strategy":"id","selector":"com.androidsample.generalstore:id/productPrice","context":"","multiple":true}
&amp#27;[38;5;41m[64152942]&amp#27;[0m&amp#27;[38;5;-85m[AndroidUiautomator2Driver@f44b]&amp#27;[0m Got response with status 200: {"sessionId":"1a3eb104-eb3c-4bef-b406-622cb498264b","value":[{"ELEMENT":"00000000-0000-005c-ffff-ffff0000014f","element-6066-11e4-a52e-4f735466cecf":"00000000-0000-005c-ffff-ffff0000014f"},{"ELEMENT":"00000000-0000-005c-ffff-ffff00000157","element-6066-11e4-a52e-4f735466cecf":"00000000-0000-005c-ffff-ffff00000157"}]}
&amp#27;[38;5;41m[64152942]&amp#27;[0m&amp#27;[38;5;-85m[AndroidUiautomator2Driver@f44b]&amp#27;[0m Responding to client with driver.findElements() result: [{"element-6066-11e4-a52e-4f735466cecf":"00000000-0000-005c-ffff-ffff0000014f","ELEMENT":"00000000-0000-005c-ffff-ffff0000014f"},{"element-6066-11e4-a52e-4f735466cecf":"00000000-0000-005c-ffff-ffff00000157","ELEMENT":"00000000-0000-005c-ffff-ffff00000157"}]
&amp#27;[38;5;41m[64152942]&amp#27;[0m&amp#27;[38;5;86m[HTTP]&amp#27;[0m &amp#27;[37m<-- POST /session/64152942-db32-4d43-a757-cbaa09835416/elements &amp#27;[39m&amp#27;[32m200&amp#27;[39m &amp#27;[90m45 ms - 267&amp#27;[39m &amp#27;[90m&amp#27;[39m
&amp#27;[38;5;41m[64152942]&amp#27;[0m&amp#27;[38;5;86m[HTTP]&amp#27;[0m &amp#27;[37m-->&amp#27;[39m &amp#27;[37mGET&amp#27;[39m &amp#27;[37m/session/64152942-db32-4d43-a757-cbaa09835416/element/00000000-0000-005c-ffff-ffff00000157/text&amp#27;[39m &amp#27;[90m{}&amp#27;[39m
&amp#27;[38;5;41m[64152942]&amp#27;[0m&amp#27;[38;5;-85m[AndroidUiautomator2Driver@f44b]&amp#27;[0m Driver proxy active, passing request on via HTTP proxy
&amp#27;[38;5;41m[64152942]&amp#27;[0m&amp#27;[38;5;-85m[AndroidUiautomator2Driver@f44b]&amp#27;[0m Matched '/session/64152942-db32-4d43-a757-cbaa09835416/element/00000000-0000-005c-ffff-ffff00000157/text' to command name 'getText'
&amp#27;[38;5;41m[64152942]&amp#27;[0m&amp#27;[38;5;-85m[AndroidUiautomator2Driver@f44b]&amp#27;[0m Proxying [GET /session/64152942-db32-4d43-a757-cbaa09835416/element/00000000-0000-005c-ffff-ffff00000157/text] to [GET http://127.0.0.1:8200/session/1a3eb104-eb3c-4bef-b406-622cb498264b/element/00000000-0000-005c-ffff-ffff00000157/text] with no body
&amp#27;[38;5;41m[64152942]&amp#27;[0m&amp#27;[38;5;-85m[AndroidUiautomator2Driver@f44b]&amp#27;[0m Got response with status 200: {"sessionId":"1a3eb104-eb3c-4bef-b406-622cb498264b","value":"$120.0"}
&amp#27;[38;5;41m[64152942]&amp#27;[0m&amp#27;[38;5;-85m[AndroidUiautomator2Driver@f44b]&amp#27;[0m Replacing sessionId 1a3eb104-eb3c-4bef-b406-622cb498264b with 64152942-db32-4d43-a757-cbaa09835416
&amp#27;[38;5;41m[64152942]&amp#27;[0m&amp#27;[38;5;86m[HTTP]&amp#27;[0m &amp#27;[37m<-- GET /session/64152942-db32-4d43-a757-cbaa09835416/element/00000000-0000-005c-ffff-ffff00000157/text &amp#27;[39m&amp#27;[32m200&amp#27;[39m &amp#27;[90m17 ms - 69&amp#27;[39m &amp#27;[90m&amp#27;[39m
&amp#27;[38;5;41m[64152942]&amp#27;[0m&amp#27;[38;5;86m[HTTP]&amp#27;[0m &amp#27;[37m-->&amp#27;[39m &amp#27;[37mGET&amp#27;[39m &amp#27;[37m/session/64152942-db32-4d43-a757-cbaa09835416/context&amp#27;[39m &amp#27;[90m{}&amp#27;[39m
&amp#27;[38;5;41m[64152942]&amp#27;[0m&amp#27;[38;5;-85m[AndroidUiautomator2Driver@f44b]&amp#27;[0m Calling AppiumDriver.getCurrentContext() with args: ["64152942-db32-4d43-a757-cbaa09835416"]
&amp#27;[38;5;41m[64152942]&amp#27;[0m&amp#27;[38;5;-85m[AndroidUiautomator2Driver@f44b]&amp#27;[0m Responding to client with driver.getCurrentContext() result: "NATIVE_APP"
&amp#27;[38;5;41m[64152942]&amp#27;[0m&amp#27;[38;5;86m[HTTP]&amp#27;[0m &amp#27;[37m<-- GET /session/64152942-db32-4d43-a757-cbaa09835416/context &amp#27;[39m&amp#27;[32m200&amp#27;[39m &amp#27;[90m1 ms - 22&amp#27;[39m &amp#27;[90m&amp#27;[39m
&amp#27;[38;5;41m[64152942]&amp#27;[0m&amp#27;[38;5;86m[HTTP]&amp#27;[0m &amp#27;[37m-->&amp#27;[39m &amp#27;[37mPOST&amp#27;[39m &amp#27;[37m/session/64152942-db32-4d43-a757-cbaa09835416/element&amp#27;[39m &amp#27;[90m{"value":"com.androidsample.generalstore:id/totalAmountLbl","using":"id"}&amp#27;[39m
&amp#27;[38;5;41m[64152942]&amp#27;[0m&amp#27;[38;5;-85m[AndroidUiautomator2Driver@f44b]&amp#27;[0m Calling AppiumDriver.findElement() with args: ["id","com.androidsample.generalstore:id/totalAmountLbl","64152942-db32-4d43-a757-cbaa09835416"]
&amp#27;[38;5;41m[64152942]&amp#27;[0m&amp#27;[38;5;-85m[AndroidUiautomator2Driver@f44b]&amp#27;[0m Valid locator strategies for this request: xpath, id, class name, accessibility id, css selector, -android uiautomator
&amp#27;[38;5;41m[64152942]&amp#27;[0m&amp#27;[38;5;-85m[AndroidUiautomator2Driver@f44b]&amp#27;[0m Waiting up to 10000 ms for condition
&amp#27;[38;5;41m[64152942]&amp#27;[0m&amp#27;[38;5;-85m[AndroidUiautomator2Driver@f44b]&amp#27;[0m Matched '/element' to command name 'findElement'
&amp#27;[38;5;41m[64152942]&amp#27;[0m&amp#27;[38;5;-85m[AndroidUiautomator2Driver@f44b]&amp#27;[0m Proxying [POST /element] to [POST http://127.0.0.1:8200/session/1a3eb104-eb3c-4bef-b406-622cb498264b/element] with body: {"strategy":"id","selector":"com.androidsample.generalstore:id/totalAmountLbl","context":"","multiple":false}
&amp#27;[38;5;41m[64152942]&amp#27;[0m&amp#27;[38;5;-85m[AndroidUiautomator2Driver@f44b]&amp#27;[0m Got response with status 200: {"sessionId":"1a3eb104-eb3c-4bef-b406-622cb498264b","value":{"ELEMENT":"00000000-0000-005c-ffff-ffff00000143","element-6066-11e4-a52e-4f735466cecf":"00000000-0000-005c-ffff-ffff00000143"}}
&amp#27;[38;5;41m[64152942]&amp#27;[0m&amp#27;[38;5;-85m[AndroidUiautomator2Driver@f44b]&amp#27;[0m Responding to client with driver.findElement() result: {"element-6066-11e4-a52e-4f735466cecf":"00000000-0000-005c-ffff-ffff00000143","ELEMENT":"00000000-0000-005c-ffff-ffff00000143"}
&amp#27;[38;5;41m[64152942]&amp#27;[0m&amp#27;[38;5;86m[HTTP]&amp#27;[0m &amp#27;[37m<-- POST /session/64152942-db32-4d43-a757-cbaa09835416/element &amp#27;[39m&amp#27;[32m200&amp#27;[39m &amp#27;[90m41 ms - 137&amp#27;[39m &amp#27;[90m&amp#27;[39m
&amp#27;[38;5;41m[64152942]&amp#27;[0m&amp#27;[38;5;86m[HTTP]&amp#27;[0m &amp#27;[37m-->&amp#27;[39m &amp#27;[37mGET&amp#27;[39m &amp#27;[37m/session/64152942-db32-4d43-a757-cbaa09835416/element/00000000-0000-005c-ffff-ffff00000143/text&amp#27;[39m &amp#27;[90m{}&amp#27;[39m
&amp#27;[38;5;41m[64152942]&amp#27;[0m&amp#27;[38;5;-85m[AndroidUiautomator2Driver@f44b]&amp#27;[0m Driver proxy active, passing request on via HTTP proxy
&amp#27;[38;5;41m[64152942]&amp#27;[0m&amp#27;[38;5;-85m[AndroidUiautomator2Driver@f44b]&amp#27;[0m Matched '/session/64152942-db32-4d43-a757-cbaa09835416/element/00000000-0000-005c-ffff-ffff00000143/text' to command name 'getText'
&amp#27;[38;5;41m[64152942]&amp#27;[0m&amp#27;[38;5;-85m[AndroidUiautomator2Driver@f44b]&amp#27;[0m Proxying [GET /session/64152942-db32-4d43-a757-cbaa09835416/element/00000000-0000-005c-ffff-ffff00000143/text] to [GET http://127.0.0.1:8200/session/1a3eb104-eb3c-4bef-b406-622cb498264b/element/00000000-0000-005c-ffff-ffff00000143/text] with no body
&amp#27;[38;5;41m[64152942]&amp#27;[0m&amp#27;[38;5;-85m[AndroidUiautomator2Driver@f44b]&amp#27;[0m Got response with status 200: {"sessionId":"1a3eb104-eb3c-4bef-b406-622cb498264b","value":"$ 280.97"}
&amp#27;[38;5;41m[64152942]&amp#27;[0m&amp#27;[38;5;-85m[AndroidUiautomator2Driver@f44b]&amp#27;[0m Replacing sessionId 1a3eb104-eb3c-4bef-b406-622cb498264b with 64152942-db32-4d43-a757-cbaa09835416
&amp#27;[38;5;41m[64152942]&amp#27;[0m&amp#27;[38;5;86m[HTTP]&amp#27;[0m &amp#27;[37m<-- GET /session/64152942-db32-4d43-a757-cbaa09835416/element/00000000-0000-005c-ffff-ffff00000143/text &amp#27;[39m&amp#27;[32m200&amp#27;[39m &amp#27;[90m18 ms - 71&amp#27;[39m &amp#27;[90m&amp#27;[39m
&amp#27;[38;5;41m[64152942]&amp#27;[0m&amp#27;[38;5;86m[HTTP]&amp#27;[0m &amp#27;[37m-->&amp#27;[39m &amp#27;[37mGET&amp#27;[39m &amp#27;[37m/session/64152942-db32-4d43-a757-cbaa09835416/context&amp#27;[39m &amp#27;[90m{}&amp#27;[39m
&amp#27;[38;5;41m[64152942]&amp#27;[0m&amp#27;[38;5;-85m[AndroidUiautomator2Driver@f44b]&amp#27;[0m Calling AppiumDriver.getCurrentContext() with args: ["64152942-db32-4d43-a757-cbaa09835416"]
&amp#27;[38;5;41m[64152942]&amp#27;[0m&amp#27;[38;5;-85m[AndroidUiautomator2Driver@f44b]&amp#27;[0m Responding to client with driver.getCurrentContext() result: "NATIVE_APP"
&amp#27;[38;5;41m[64152942]&amp#27;[0m&amp#27;[38;5;86m[HTTP]&amp#27;[0m &amp#27;[37m<-- GET /session/64152942-db32-4d43-a757-cbaa09835416/context &amp#27;[39m&amp#27;[32m200&amp#27;[39m &amp#27;[90m2 ms - 22&amp#27;[39m &amp#27;[90m&amp#27;[39m
&amp#27;[38;5;41m[64152942]&amp#27;[0m&amp#27;[38;5;86m[HTTP]&amp#27;[0m &amp#27;[37m-->&amp#27;[39m &amp#27;[37mPOST&amp#27;[39m &amp#27;[37m/session/64152942-db32-4d43-a757-cbaa09835416/element&amp#27;[39m &amp#27;[90m{"value":"com.androidsample.generalstore:id/termsButton","using":"id"}&amp#27;[39m
&amp#27;[38;5;41m[64152942]&amp#27;[0m&amp#27;[38;5;-85m[AndroidUiautomator2Driver@f44b]&amp#27;[0m Calling AppiumDriver.findElement() with args: ["id","com.androidsample.generalstore:id/termsButton","64152942-db32-4d43-a757-cbaa09835416"]
&amp#27;[38;5;41m[64152942]&amp#27;[0m&amp#27;[38;5;-85m[AndroidUiautomator2Driver@f44b]&amp#27;[0m Valid locator strategies for this request: xpath, id, class name, accessibility id, css selector, -android uiautomator
&amp#27;[38;5;41m[64152942]&amp#27;[0m&amp#27;[38;5;-85m[AndroidUiautomator2Driver@f44b]&amp#27;[0m Waiting up to 10000 ms for condition
&amp#27;[38;5;41m[64152942]&amp#27;[0m&amp#27;[38;5;-85m[AndroidUiautomator2Driver@f44b]&amp#27;[0m Matched '/element' to command name 'findElement'
&amp#27;[38;5;41m[64152942]&amp#27;[0m&amp#27;[38;5;-85m[AndroidUiautomator2Driver@f44b]&amp#27;[0m Proxying [POST /element] to [POST http://127.0.0.1:8200/session/1a3eb104-eb3c-4bef-b406-622cb498264b/element] with body: {"strategy":"id","selector":"com.androidsample.generalstore:id/termsButton","context":"","multiple":false}
&amp#27;[38;5;41m[64152942]&amp#27;[0m&amp#27;[38;5;-85m[AndroidUiautomator2Driver@f44b]&amp#27;[0m Got response with status 200: {"sessionId":"1a3eb104-eb3c-4bef-b406-622cb498264b","value":{"ELEMENT":"00000000-0000-005c-ffff-ffff00000146","element-6066-11e4-a52e-4f735466cecf":"00000000-0000-005c-ffff-ffff00000146"}}
&amp#27;[38;5;41m[64152942]&amp#27;[0m&amp#27;[38;5;-85m[AndroidUiautomator2Driver@f44b]&amp#27;[0m Responding to client with driver.findElement() result: {"element-6066-11e4-a52e-4f735466cecf":"00000000-0000-005c-ffff-ffff00000146","ELEMENT":"00000000-0000-005c-ffff-ffff00000146"}
&amp#27;[38;5;41m[64152942]&amp#27;[0m&amp#27;[38;5;86m[HTTP]&amp#27;[0m &amp#27;[37m<-- POST /session/64152942-db32-4d43-a757-cbaa09835416/element &amp#27;[39m&amp#27;[32m200&amp#27;[39m &amp#27;[90m30 ms - 137&amp#27;[39m &amp#27;[90m&amp#27;[39m
&amp#27;[38;5;41m[64152942]&amp#27;[0m&amp#27;[38;5;86m[HTTP]&amp#27;[0m &amp#27;[37m-->&amp#27;[39m &amp#27;[37mPOST&amp#27;[39m &amp#27;[37m/session/64152942-db32-4d43-a757-cbaa09835416/execute/sync&amp#27;[39m &amp#27;[90m{"args":[{"elementId":"00000000-0000-005c-ffff-ffff00000146","Duration":2000}],"script":"mobile: longClickGesture"}&amp#27;[39m
&amp#27;[38;5;41m[64152942]&amp#27;[0m&amp#27;[38;5;-85m[AndroidUiautomator2Driver@f44b]&amp#27;[0m Calling AppiumDriver.execute() with args: ["mobile: longClickGesture",[{"elementId":"00000000-0000-005c-ffff-ffff00000146","Duration":2000}],"64152942-db32-4d43-a757-cbaa09835416"]
&amp#27;[38;5;41m[64152942]&amp#27;[0m&amp#27;[38;5;-85m[AndroidUiautomator2Driver@f44b]&amp#27;[0m Executing native command 'mobile: longClickGesture'
&amp#27;[38;5;41m[64152942]&amp#27;[0m&amp#27;[38;5;-85m[AndroidUiautomator2Driver@f44b]&amp#27;[0m Proxying [POST /appium/gestures/long_click] to [POST http://127.0.0.1:8200/session/1a3eb104-eb3c-4bef-b406-622cb498264b/appium/gestures/long_click] with body: {"origin":{"ELEMENT":"00000000-0000-005c-ffff-ffff00000146","element-6066-11e4-a52e-4f735466cecf":"00000000-0000-005c-ffff-ffff00000146"}}
&amp#27;[38;5;41m[64152942]&amp#27;[0m&amp#27;[38;5;-85m[AndroidUiautomator2Driver@f44b]&amp#27;[0m Got response with status 200: {"sessionId":"1a3eb104-eb3c-4bef-b406-622cb498264b","value":null}
&amp#27;[38;5;41m[64152942]&amp#27;[0m&amp#27;[38;5;-85m[AndroidUiautomator2Driver@f44b]&amp#27;[0m Responding to client with driver.execute() result: null
&amp#27;[38;5;41m[64152942]&amp#27;[0m&amp#27;[38;5;86m[HTTP]&amp#27;[0m &amp#27;[37m<-- POST /session/64152942-db32-4d43-a757-cbaa09835416/execute/sync &amp#27;[39m&amp#27;[32m200&amp#27;[39m &amp#27;[90m843 ms - 14&amp#27;[39m &amp#27;[90m&amp#27;[39m
&amp#27;[38;5;41m[64152942]&amp#27;[0m&amp#27;[38;5;86m[HTTP]&amp#27;[0m &amp#27;[37m-->&amp#27;[39m &amp#27;[37mGET&amp#27;[39m &amp#27;[37m/session/64152942-db32-4d43-a757-cbaa09835416/context&amp#27;[39m &amp#27;[90m{}&amp#27;[39m
&amp#27;[38;5;41m[64152942]&amp#27;[0m&amp#27;[38;5;-85m[AndroidUiautomator2Driver@f44b]&amp#27;[0m Calling AppiumDriver.getCurrentContext() with args: ["64152942-db32-4d43-a757-cbaa09835416"]
&amp#27;[38;5;41m[64152942]&amp#27;[0m&amp#27;[38;5;-85m[AndroidUiautomator2Driver@f44b]&amp#27;[0m Responding to client with driver.getCurrentContext() result: "NATIVE_APP"
&amp#27;[38;5;41m[64152942]&amp#27;[0m&amp#27;[38;5;86m[HTTP]&amp#27;[0m &amp#27;[37m<-- GET /session/64152942-db32-4d43-a757-cbaa09835416/context &amp#27;[39m&amp#27;[32m200&amp#27;[39m &amp#27;[90m2 ms - 22&amp#27;[39m &amp#27;[90m&amp#27;[39m
&amp#27;[38;5;41m[64152942]&amp#27;[0m&amp#27;[38;5;86m[HTTP]&amp#27;[0m &amp#27;[37m-->&amp#27;[39m &amp#27;[37mPOST&amp#27;[39m &amp#27;[37m/session/64152942-db32-4d43-a757-cbaa09835416/element&amp#27;[39m &amp#27;[90m{"value":"android:id/button1","using":"id"}&amp#27;[39m
&amp#27;[38;5;41m[64152942]&amp#27;[0m&amp#27;[38;5;-85m[AndroidUiautomator2Driver@f44b]&amp#27;[0m Calling AppiumDriver.findElement() with args: ["id","android:id/button1","64152942-db32-4d43-a757-cbaa09835416"]
&amp#27;[38;5;41m[64152942]&amp#27;[0m&amp#27;[38;5;-85m[AndroidUiautomator2Driver@f44b]&amp#27;[0m Valid locator strategies for this request: xpath, id, class name, accessibility id, css selector, -android uiautomator
&amp#27;[38;5;41m[64152942]&amp#27;[0m&amp#27;[38;5;-85m[AndroidUiautomator2Driver@f44b]&amp#27;[0m Waiting up to 10000 ms for condition
&amp#27;[38;5;41m[64152942]&amp#27;[0m&amp#27;[38;5;-85m[AndroidUiautomator2Driver@f44b]&amp#27;[0m Matched '/element' to command name 'findElement'
&amp#27;[38;5;41m[64152942]&amp#27;[0m&amp#27;[38;5;-85m[AndroidUiautomator2Driver@f44b]&amp#27;[0m Proxying [POST /element] to [POST http://127.0.0.1:8200/session/1a3eb104-eb3c-4bef-b406-622cb498264b/element] with body: {"strategy":"id","selector":"android:id/button1","context":"","multiple":false}
&amp#27;[38;5;41m[64152942]&amp#27;[0m&amp#27;[38;5;-85m[AndroidUiautomator2Driver@f44b]&amp#27;[0m Got response with status 200: {"sessionId":"1a3eb104-eb3c-4bef-b406-622cb498264b","value":{"ELEMENT":"00000000-0000-005d-ffff-ffff00000172","element-6066-11e4-a52e-4f735466cecf":"00000000-0000-005d-ffff-ffff00000172"}}
&amp#27;[38;5;41m[64152942]&amp#27;[0m&amp#27;[38;5;-85m[AndroidUiautomator2Driver@f44b]&amp#27;[0m Responding to client with driver.findElement() result: {"element-6066-11e4-a52e-4f735466cecf":"00000000-0000-005d-ffff-ffff00000172","ELEMENT":"00000000-0000-005d-ffff-ffff00000172"}
&amp#27;[38;5;41m[64152942]&amp#27;[0m&amp#27;[38;5;86m[HTTP]&amp#27;[0m &amp#27;[37m<-- POST /session/64152942-db32-4d43-a757-cbaa09835416/element &amp#27;[39m&amp#27;[32m200&amp#27;[39m &amp#27;[90m215 ms - 137&amp#27;[39m &amp#27;[90m&amp#27;[39m
&amp#27;[38;5;41m[64152942]&amp#27;[0m&amp#27;[38;5;86m[HTTP]&amp#27;[0m &amp#27;[37m-->&amp#27;[39m &amp#27;[37mPOST&amp#27;[39m &amp#27;[37m/session/64152942-db32-4d43-a757-cbaa09835416/element/00000000-0000-005d-ffff-ffff00000172/click&amp#27;[39m &amp#27;[90m{"id":"00000000-0000-005d-ffff-ffff00000172"}&amp#27;[39m
&amp#27;[38;5;41m[64152942]&amp#27;[0m&amp#27;[38;5;-85m[AndroidUiautomator2Driver@f44b]&amp#27;[0m Calling AppiumDriver.click() with args: ["00000000-0000-005d-ffff-ffff00000172","64152942-db32-4d43-a757-cbaa09835416"]
&amp#27;[38;5;41m[64152942]&amp#27;[0m&amp#27;[38;5;-85m[AndroidUiautomator2Driver@f44b]&amp#27;[0m Matched '/element/00000000-0000-005d-ffff-ffff00000172/click' to command name 'click'
&amp#27;[38;5;41m[64152942]&amp#27;[0m&amp#27;[38;5;-85m[AndroidUiautomator2Driver@f44b]&amp#27;[0m Proxying [POST /element/00000000-0000-005d-ffff-ffff00000172/click] to [POST http://127.0.0.1:8200/session/1a3eb104-eb3c-4bef-b406-622cb498264b/element/00000000-0000-005d-ffff-ffff00000172/click] with body: {"element":"00000000-0000-005d-ffff-ffff00000172"}
&amp#27;[38;5;41m[64152942]&amp#27;[0m&amp#27;[38;5;-85m[AndroidUiautomator2Driver@f44b]&amp#27;[0m Got response with status 200: {"sessionId":"1a3eb104-eb3c-4bef-b406-622cb498264b","value":null}
&amp#27;[38;5;41m[64152942]&amp#27;[0m&amp#27;[38;5;-85m[AndroidUiautomator2Driver@f44b]&amp#27;[0m Responding to client with driver.click() result: null
&amp#27;[38;5;41m[64152942]&amp#27;[0m&amp#27;[38;5;86m[HTTP]&amp#27;[0m &amp#27;[37m<-- POST /session/64152942-db32-4d43-a757-cbaa09835416/element/00000000-0000-005d-ffff-ffff00000172/click &amp#27;[39m&amp#27;[32m200&amp#27;[39m &amp#27;[90m92 ms - 14&amp#27;[39m &amp#27;[90m&amp#27;[39m
&amp#27;[38;5;41m[64152942]&amp#27;[0m&amp#27;[38;5;86m[HTTP]&amp#27;[0m &amp#27;[37m-->&amp#27;[39m &amp#27;[37mGET&amp#27;[39m &amp#27;[37m/session/64152942-db32-4d43-a757-cbaa09835416/context&amp#27;[39m &amp#27;[90m{}&amp#27;[39m
&amp#27;[38;5;41m[64152942]&amp#27;[0m&amp#27;[38;5;-85m[AndroidUiautomator2Driver@f44b]&amp#27;[0m Calling AppiumDriver.getCurrentContext() with args: ["64152942-db32-4d43-a757-cbaa09835416"]
&amp#27;[38;5;41m[64152942]&amp#27;[0m&amp#27;[38;5;-85m[AndroidUiautomator2Driver@f44b]&amp#27;[0m Responding to client with driver.getCurrentContext() result: "NATIVE_APP"
&amp#27;[38;5;41m[64152942]&amp#27;[0m&amp#27;[38;5;86m[HTTP]&amp#27;[0m &amp#27;[37m<-- GET /session/64152942-db32-4d43-a757-cbaa09835416/context &amp#27;[39m&amp#27;[32m200&amp#27;[39m &amp#27;[90m2 ms - 22&amp#27;[39m &amp#27;[90m&amp#27;[39m
&amp#27;[38;5;41m[64152942]&amp#27;[0m&amp#27;[38;5;86m[HTTP]&amp#27;[0m &amp#27;[37m-->&amp#27;[39m &amp#27;[37mPOST&amp#27;[39m &amp#27;[37m/session/64152942-db32-4d43-a757-cbaa09835416/element&amp#27;[39m &amp#27;[90m{"value":"android.widget.CheckBox","using":"class name"}&amp#27;[39m
&amp#27;[38;5;41m[64152942]&amp#27;[0m&amp#27;[38;5;-85m[AndroidUiautomator2Driver@f44b]&amp#27;[0m Calling AppiumDriver.findElement() with args: ["class name","android.widget.CheckBox","64152942-db32-4d43-a757-cbaa09835416"]
&amp#27;[38;5;41m[64152942]&amp#27;[0m&amp#27;[38;5;-85m[AndroidUiautomator2Driver@f44b]&amp#27;[0m Valid locator strategies for this request: xpath, id, class name, accessibility id, css selector, -android uiautomator
&amp#27;[38;5;41m[64152942]&amp#27;[0m&amp#27;[38;5;-85m[AndroidUiautomator2Driver@f44b]&amp#27;[0m Waiting up to 10000 ms for condition
&amp#27;[38;5;41m[64152942]&amp#27;[0m&amp#27;[38;5;-85m[AndroidUiautomator2Driver@f44b]&amp#27;[0m Matched '/element' to command name 'findElement'
&amp#27;[38;5;41m[64152942]&amp#27;[0m&amp#27;[38;5;-85m[AndroidUiautomator2Driver@f44b]&amp#27;[0m Proxying [POST /element] to [POST http://127.0.0.1:8200/session/1a3eb104-eb3c-4bef-b406-622cb498264b/element] with body: {"strategy":"class name","selector":"android.widget.CheckBox","context":"","multiple":false}
&amp#27;[38;5;41m[64152942]&amp#27;[0m&amp#27;[38;5;-85m[AndroidUiautomator2Driver@f44b]&amp#27;[0m Got response with status 200: {"sessionId":"1a3eb104-eb3c-4bef-b406-622cb498264b","value":{"ELEMENT":"00000000-0000-005c-ffff-ffff00000144","element-6066-11e4-a52e-4f735466cecf":"00000000-0000-005c-ffff-ffff00000144"}}
&amp#27;[38;5;41m[64152942]&amp#27;[0m&amp#27;[38;5;-85m[AndroidUiautomator2Driver@f44b]&amp#27;[0m Responding to client with driver.findElement() result: {"element-6066-11e4-a52e-4f735466cecf":"00000000-0000-005c-ffff-ffff00000144","ELEMENT":"00000000-0000-005c-ffff-ffff00000144"}
&amp#27;[38;5;41m[64152942]&amp#27;[0m&amp#27;[38;5;86m[HTTP]&amp#27;[0m &amp#27;[37m<-- POST /session/64152942-db32-4d43-a757-cbaa09835416/element &amp#27;[39m&amp#27;[32m200&amp#27;[39m &amp#27;[90m585 ms - 137&amp#27;[39m &amp#27;[90m&amp#27;[39m
&amp#27;[38;5;41m[64152942]&amp#27;[0m&amp#27;[38;5;86m[HTTP]&amp#27;[0m &amp#27;[37m-->&amp#27;[39m &amp#27;[37mPOST&amp#27;[39m &amp#27;[37m/session/64152942-db32-4d43-a757-cbaa09835416/element/00000000-0000-005c-ffff-ffff00000144/click&amp#27;[39m &amp#27;[90m{"id":"00000000-0000-005c-ffff-ffff00000144"}&amp#27;[39m
&amp#27;[38;5;41m[64152942]&amp#27;[0m&amp#27;[38;5;-85m[AndroidUiautomator2Driver@f44b]&amp#27;[0m Calling AppiumDriver.click() with args: ["00000000-0000-005c-ffff-ffff00000144","64152942-db32-4d43-a757-cbaa09835416"]
&amp#27;[38;5;41m[64152942]&amp#27;[0m&amp#27;[38;5;-85m[AndroidUiautomator2Driver@f44b]&amp#27;[0m Matched '/element/00000000-0000-005c-ffff-ffff00000144/click' to command name 'click'
&amp#27;[38;5;41m[64152942]&amp#27;[0m&amp#27;[38;5;-85m[AndroidUiautomator2Driver@f44b]&amp#27;[0m Proxying [POST /element/00000000-0000-005c-ffff-ffff00000144/click] to [POST http://127.0.0.1:8200/session/1a3eb104-eb3c-4bef-b406-622cb498264b/element/00000000-0000-005c-ffff-ffff00000144/click] with body: {"element":"00000000-0000-005c-ffff-ffff00000144"}
&amp#27;[38;5;41m[64152942]&amp#27;[0m&amp#27;[38;5;-85m[AndroidUiautomator2Driver@f44b]&amp#27;[0m Got response with status 200: {"sessionId":"1a3eb104-eb3c-4bef-b406-622cb498264b","value":null}
&amp#27;[38;5;41m[64152942]&amp#27;[0m&amp#27;[38;5;-85m[AndroidUiautomator2Driver@f44b]&amp#27;[0m Responding to client with driver.click() result: null
&amp#27;[38;5;41m[64152942]&amp#27;[0m&amp#27;[38;5;86m[HTTP]&amp#27;[0m &amp#27;[37m<-- POST /session/64152942-db32-4d43-a757-cbaa09835416/element/00000000-0000-005c-ffff-ffff00000144/click &amp#27;[39m&amp#27;[32m200&amp#27;[39m &amp#27;[90m102 ms - 14&amp#27;[39m &amp#27;[90m&amp#27;[39m
&amp#27;[38;5;41m[64152942]&amp#27;[0m&amp#27;[38;5;86m[HTTP]&amp#27;[0m &amp#27;[37m-->&amp#27;[39m &amp#27;[37mGET&amp#27;[39m &amp#27;[37m/session/64152942-db32-4d43-a757-cbaa09835416/context&amp#27;[39m &amp#27;[90m{}&amp#27;[39m
&amp#27;[38;5;41m[64152942]&amp#27;[0m&amp#27;[38;5;-85m[AndroidUiautomator2Driver@f44b]&amp#27;[0m Calling AppiumDriver.getCurrentContext() with args: ["64152942-db32-4d43-a757-cbaa09835416"]
&amp#27;[38;5;41m[64152942]&amp#27;[0m&amp#27;[38;5;-85m[AndroidUiautomator2Driver@f44b]&amp#27;[0m Responding to client with driver.getCurrentContext() result: "NATIVE_APP"
&amp#27;[38;5;41m[64152942]&amp#27;[0m&amp#27;[38;5;86m[HTTP]&amp#27;[0m &amp#27;[37m<-- GET /session/64152942-db32-4d43-a757-cbaa09835416/context &amp#27;[39m&amp#27;[32m200&amp#27;[39m &amp#27;[90m1 ms - 22&amp#27;[39m &amp#27;[90m&amp#27;[39m
&amp#27;[38;5;41m[64152942]&amp#27;[0m&amp#27;[38;5;86m[HTTP]&amp#27;[0m &amp#27;[37m-->&amp#27;[39m &amp#27;[37mPOST&amp#27;[39m &amp#27;[37m/session/64152942-db32-4d43-a757-cbaa09835416/element&amp#27;[39m &amp#27;[90m{"value":"com.androidsample.generalstore:id/btnProceed","using":"id"}&amp#27;[39m
&amp#27;[38;5;41m[64152942]&amp#27;[0m&amp#27;[38;5;-85m[AndroidUiautomator2Driver@f44b]&amp#27;[0m Calling AppiumDriver.findElement() with args: ["id","com.androidsample.generalstore:id/btnProceed","64152942-db32-4d43-a757-cbaa09835416"]
&amp#27;[38;5;41m[64152942]&amp#27;[0m&amp#27;[38;5;-85m[AndroidUiautomator2Driver@f44b]&amp#27;[0m Valid locator strategies for this request: xpath, id, class name, accessibility id, css selector, -android uiautomator
&amp#27;[38;5;41m[64152942]&amp#27;[0m&amp#27;[38;5;-85m[AndroidUiautomator2Driver@f44b]&amp#27;[0m Waiting up to 10000 ms for condition
&amp#27;[38;5;41m[64152942]&amp#27;[0m&amp#27;[38;5;-85m[AndroidUiautomator2Driver@f44b]&amp#27;[0m Matched '/element' to command name 'findElement'
&amp#27;[38;5;41m[64152942]&amp#27;[0m&amp#27;[38;5;-85m[AndroidUiautomator2Driver@f44b]&amp#27;[0m Proxying [POST /element] to [POST http://127.0.0.1:8200/session/1a3eb104-eb3c-4bef-b406-622cb498264b/element] with body: {"strategy":"id","selector":"com.androidsample.generalstore:id/btnProceed","context":"","multiple":false}
&amp#27;[38;5;41m[64152942]&amp#27;[0m&amp#27;[38;5;-85m[AndroidUiautomator2Driver@f44b]&amp#27;[0m Got response with status 200: {"sessionId":"1a3eb104-eb3c-4bef-b406-622cb498264b","value":{"ELEMENT":"00000000-0000-005c-ffff-ffff00000145","element-6066-11e4-a52e-4f735466cecf":"00000000-0000-005c-ffff-ffff00000145"}}
&amp#27;[38;5;41m[64152942]&amp#27;[0m&amp#27;[38;5;-85m[AndroidUiautomator2Driver@f44b]&amp#27;[0m Responding to client with driver.findElement() result: {"element-6066-11e4-a52e-4f735466cecf":"00000000-0000-005c-ffff-ffff00000145","ELEMENT":"00000000-0000-005c-ffff-ffff00000145"}
&amp#27;[38;5;41m[64152942]&amp#27;[0m&amp#27;[38;5;86m[HTTP]&amp#27;[0m &amp#27;[37m<-- POST /session/64152942-db32-4d43-a757-cbaa09835416/element &amp#27;[39m&amp#27;[32m200&amp#27;[39m &amp#27;[90m621 ms - 137&amp#27;[39m &amp#27;[90m&amp#27;[39m
&amp#27;[38;5;41m[64152942]&amp#27;[0m&amp#27;[38;5;86m[HTTP]&amp#27;[0m &amp#27;[37m-->&amp#27;[39m &amp#27;[37mPOST&amp#27;[39m &amp#27;[37m/session/64152942-db32-4d43-a757-cbaa09835416/element/00000000-0000-005c-ffff-ffff00000145/click&amp#27;[39m &amp#27;[90m{"id":"00000000-0000-005c-ffff-ffff00000145"}&amp#27;[39m
&amp#27;[38;5;41m[64152942]&amp#27;[0m&amp#27;[38;5;-85m[AndroidUiautomator2Driver@f44b]&amp#27;[0m Calling AppiumDriver.click() with args: ["00000000-0000-005c-ffff-ffff00000145","64152942-db32-4d43-a757-cbaa09835416"]
&amp#27;[38;5;41m[64152942]&amp#27;[0m&amp#27;[38;5;-85m[AndroidUiautomator2Driver@f44b]&amp#27;[0m Matched '/element/00000000-0000-005c-ffff-ffff00000145/click' to command name 'click'
&amp#27;[38;5;41m[64152942]&amp#27;[0m&amp#27;[38;5;-85m[AndroidUiautomator2Driver@f44b]&amp#27;[0m Proxying [POST /element/00000000-0000-005c-ffff-ffff00000145/click] to [POST http://127.0.0.1:8200/session/1a3eb104-eb3c-4bef-b406-622cb498264b/element/00000000-0000-005c-ffff-ffff00000145/click] with body: {"element":"00000000-0000-005c-ffff-ffff00000145"}
&amp#27;[38;5;41m[64152942]&amp#27;[0m&amp#27;[38;5;-85m[AndroidUiautomator2Driver@f44b]&amp#27;[0m Got response with status 200: {"sessionId":"1a3eb104-eb3c-4bef-b406-622cb498264b","value":null}
&amp#27;[38;5;41m[64152942]&amp#27;[0m&amp#27;[38;5;-85m[AndroidUiautomator2Driver@f44b]&amp#27;[0m Responding to client with driver.click() result: null
&amp#27;[38;5;41m[64152942]&amp#27;[0m&amp#27;[38;5;86m[HTTP]&amp#27;[0m &amp#27;[37m<-- POST /session/64152942-db32-4d43-a757-cbaa09835416/element/00000000-0000-005c-ffff-ffff00000145/click &amp#27;[39m&amp#27;[32m200&amp#27;[39m &amp#27;[90m103 ms - 14&amp#27;[39m &amp#27;[90m&amp#27;[39m
]]></system-out>
  </testcase>
</testsuite>