<?xml version="1.0" encoding="UTF-8"?>
<!-- Generated by org.testng.reporters.JUnitReportReporter -->
<testsuite hostname="shanks" failures="0" tests="1" name="com.Appium.Ecommerce_TC3" time="20.097" errors="0" timestamp="2024-11-16T18:18:23 IST" skipped="0">
  <testcase classname="com.Appium.Ecommerce_TC3" name="CartPage" time="20.097"/>
</testsuite> <!-- com.Appium.Ecommerce_TC3 -->
