<?xml version="1.0" encoding="UTF-8"?>
<!-- Generated by org.testng.reporters.JUnitReportReporter -->
<testsuite hostname="shanks" failures="0" tests="2" name="com.Appium.Ecommerce" time="46.849" errors="0" timestamp="2024-11-20T14:46:35 IST" skipped="0">
  <testcase classname="com.Appium.Ecommerce" name="CartPage" time="17.886"/>
  <testcase classname="com.Appium.Ecommerce" name="CartPage" time="28.963"/>
</testsuite> <!-- com.Appium.Ecommerce -->
