<?xml version="1.0" encoding="UTF-8"?>
<!-- Generated by org.testng.reporters.JUnitReportReporter -->
<testsuite hostname="shanks" failures="0" tests="2" name="com.Appium.ErrorValidations" time="32.411" errors="0" timestamp="2024-11-18T14:30:10 IST" skipped="0">
  <testcase classname="com.Appium.ErrorValidations" name="FillForm" time="10.309"/>
  <testcase classname="com.Appium.ErrorValidations" name="FillForm_PositiveFlow" time="22.102"/>
</testsuite> <!-- com.Appium.ErrorValidations -->
