<?xml version="1.0" encoding="UTF-8"?>
<!-- Generated by org.testng.reporters.JUnitReportReporter -->
<testsuite hostname="shanks" failures="0" tests="1" name="com.Appium.Ecommerce_TC1" time="44.748" errors="0" timestamp="2024-11-18T13:11:44 IST" skipped="0">
  <testcase classname="com.Appium.Ecommerce_TC1" name="FillForm" time="44.748"/>
</testsuite> <!-- com.Appium.Ecommerce_TC1 -->
