<?xml version="1.0" encoding="UTF-8"?>
<!-- Generated by org.testng.reporters.JUnitReportReporter -->
<testsuite hostname="shanks" failures="0" tests="2" name="com.Appium.Ecommerce" time="51.377" errors="0" timestamp="2024-11-20T16:13:53 IST" skipped="0">
  <testcase classname="com.Appium.Ecommerce" name="CartPage" time="30.129"/>
  <testcase classname="com.Appium.Ecommerce" name="CartPage" time="21.248"/>
</testsuite> <!-- com.Appium.Ecommerce -->
